------------------------------------------------------------------------------------------------------------------------

[2025-09-28 10:38:43 #1 store] 
Database 'C:\Users\fouzi\eclipse-workspace\Rides25\src\main\resources\rides.temp' has been recovered (tr. 3-13)

[2025-09-28 10:38:43 #2 store] 
Database 'C:\Users\fouzi\eclipse-workspace\Rides25\src\main\resources\rides.temp' is opened by 3232@fouzirbilal

[2025-09-28 10:38:44 #3 type] 
Type domain.Alerta is not enhanced.

[2025-09-28 10:38:44 #4 type] 
Type domain.Ride is not enhanced.

[2025-09-28 10:38:44 #5 type] 
Type domain.Erreklamazioa is not enhanced.

[2025-09-28 10:38:44 #6 type] 
Type domain.Balorazioa is not enhanced.

[2025-09-28 10:38:44 #7 type] 
Type domain.Kotxea is not enhanced.

[2025-09-28 10:38:44 #8 type] 
Type domain.Driver is not enhanced.

[2025-09-28 10:38:44 #9 type] 
Type domain.Erreserba is not enhanced.

[2025-09-28 10:38:44 #10 type] 
Type domain.Transaction is not enhanced.

[2025-09-28 10:38:44 #11 type] 
Type domain.Traveler is not enhanced.

[2025-09-28 10:38:44 #12 store] 
Database 'C:\Users\fouzi\eclipse-workspace\Rides25\src\main\resources\rides.temp' is closed by 3232@fouzirbilal

[2025-09-28 10:38:44 #13 store] 
Database 'C:\Users\fouzi\eclipse-workspace\Rides25\src\main\resources\rides.temp' is opened by 3232@fouzirbilal

[2025-09-28 10:38:44 #14 type.registry] 
New type java.util.Vector<domain.Ride>

------------------------------------------------------------------------------------------------------------------------

[2025-09-28 10:44:20 #1 store] 
Database 'C:\Users\fouzi\eclipse-workspace\Rides25\src\main\resources\rides.temp' is opened by 6012@fouzirbilal

[2025-09-28 10:44:20 #2 store] 
Database 'C:\Users\fouzi\eclipse-workspace\Rides25\src\main\resources\rides.temp' is closed by 6012@fouzirbilal

[2025-09-28 10:44:20 #3 store] 
Database 'C:\Users\fouzi\eclipse-workspace\Rides25\src\main\resources\rides.temp' is opened by 6012@fouzirbilal

[2025-09-28 10:44:20 #4 type.registry] 
New type domain.Driver

[2025-09-28 10:44:20 #5 type] 
Type domain.Driver is not enhanced.

[2025-09-28 10:44:20 #6 type.registry] 
New type domain.Ride

[2025-09-28 10:44:20 #7 type.registry] 
New type domain.Kotxea

[2025-09-28 10:44:20 #8 type.registry] 
New type java.util.LinkedList<domain.Kotxea>

[2025-09-28 10:44:20 #9 type.registry] 
New type domain.Transaction

[2025-09-28 10:44:20 #10 type.registry] 
New type java.util.LinkedList<domain.Transaction>

[2025-09-28 10:44:20 #11 type] 
Type domain.Ride is not enhanced.

[2025-09-28 10:44:20 #12 type.registry] 
New type domain.Erreklamazioa

[2025-09-28 10:44:20 #13 type.registry] 
New type java.util.LinkedList<domain.Erreklamazioa>

[2025-09-28 10:44:20 #14 type.registry] 
New type domain.Balorazioa

[2025-09-28 10:44:20 #15 type.registry] 
New type java.util.LinkedList<domain.Balorazioa>

[2025-09-28 10:44:20 #16 type] 
Type domain.Kotxea is not enhanced.

[2025-09-28 10:44:20 #17 type] 
Type domain.Transaction is not enhanced.

[2025-09-28 10:44:20 #18 type] 
Type domain.Erreklamazioa is not enhanced.

[2025-09-28 10:44:20 #19 type.registry] 
New type domain.Erreserba

[2025-09-28 10:44:20 #20 type] 
Type domain.Balorazioa is not enhanced.

[2025-09-28 10:44:20 #21 type] 
Type domain.Erreserba is not enhanced.

[2025-09-28 10:44:20 #22 type.registry] 
New type domain.Traveler

[2025-09-28 10:44:20 #23 type] 
Type domain.Traveler is not enhanced.

[2025-09-28 10:44:20 #24 type.registry] 
New type java.util.LinkedList<java.lang.Object>

[2025-09-28 10:44:20 #25 type.registry] 
New type java.util.Vector<java.lang.Object>

[2025-09-28 10:44:20 #26 type.registry] 
New type java.util.Vector<domain.Ride>

------------------------------------------------------------------------------------------------------------------------

[2025-09-28 10:44:38 #1 store] 
Database 'C:\Users\fouzi\eclipse-workspace\Rides25\src\main\resources\rides.temp' has been recovered (tr. 3-14)

[2025-09-28 10:44:38 #2 store] 
Database 'C:\Users\fouzi\eclipse-workspace\Rides25\src\main\resources\rides.temp' is opened by 22072@fouzirbilal

[2025-09-28 10:44:39 #3 type] 
Type domain.Driver is not enhanced.

[2025-09-28 10:44:39 #4 type] 
Type domain.Ride is not enhanced.

[2025-09-28 10:44:39 #5 type] 
Type domain.Kotxea is not enhanced.

[2025-09-28 10:44:39 #6 type] 
Type domain.Transaction is not enhanced.

[2025-09-28 10:44:39 #7 type] 
Type domain.Erreklamazioa is not enhanced.

[2025-09-28 10:44:39 #8 type] 
Type domain.Balorazioa is not enhanced.

[2025-09-28 10:44:39 #9 type] 
Type domain.Erreserba is not enhanced.

[2025-09-28 10:44:39 #10 type] 
Type domain.Traveler is not enhanced.

[2025-09-28 10:44:39 #11 store] 
Database 'C:\Users\fouzi\eclipse-workspace\Rides25\src\main\resources\rides.temp' is closed by 22072@fouzirbilal

[2025-09-28 10:44:39 #12 store] 
Database 'C:\Users\fouzi\eclipse-workspace\Rides25\src\main\resources\rides.temp' is opened by 22072@fouzirbilal

------------------------------------------------------------------------------------------------------------------------

[2025-09-28 10:45:53 #1 store] 
Database 'C:\Users\fouzi\eclipse-workspace\Rides25\src\main\resources\rides.temp' is opened by 8292@fouzirbilal

[2025-09-28 10:45:54 #2 store] 
Database 'C:\Users\fouzi\eclipse-workspace\Rides25\src\main\resources\rides.temp' is closed by 8292@fouzirbilal

[2025-09-28 10:45:54 #3 store] 
Database 'C:\Users\fouzi\eclipse-workspace\Rides25\src\main\resources\rides.temp' is opened by 8292@fouzirbilal

[2025-09-28 10:45:54 #4 type.registry] 
New type domain.Driver

[2025-09-28 10:45:54 #5 type] 
Type domain.Driver is not enhanced.

[2025-09-28 10:45:54 #6 type.registry] 
New type domain.Ride

[2025-09-28 10:45:54 #7 type.registry] 
New type domain.Kotxea

[2025-09-28 10:45:55 #8 type.registry] 
New type java.util.LinkedList<domain.Kotxea>

[2025-09-28 10:45:55 #9 type.registry] 
New type domain.Transaction

[2025-09-28 10:45:55 #10 type.registry] 
New type java.util.LinkedList<domain.Transaction>

[2025-09-28 10:45:55 #11 type] 
Type domain.Ride is not enhanced.

[2025-09-28 10:45:55 #12 type.registry] 
New type domain.Erreklamazioa

[2025-09-28 10:45:55 #13 type.registry] 
New type java.util.LinkedList<domain.Erreklamazioa>

[2025-09-28 10:45:55 #14 type.registry] 
New type domain.Balorazioa

[2025-09-28 10:45:55 #15 type.registry] 
New type java.util.LinkedList<domain.Balorazioa>

[2025-09-28 10:45:55 #16 type] 
Type domain.Kotxea is not enhanced.

[2025-09-28 10:45:55 #17 type] 
Type domain.Transaction is not enhanced.

[2025-09-28 10:45:55 #18 type] 
Type domain.Erreklamazioa is not enhanced.

[2025-09-28 10:45:55 #19 type.registry] 
New type domain.Erreserba

[2025-09-28 10:45:55 #20 type] 
Type domain.Balorazioa is not enhanced.

[2025-09-28 10:45:55 #21 type] 
Type domain.Erreserba is not enhanced.

[2025-09-28 10:45:55 #22 type.registry] 
New type domain.Traveler

[2025-09-28 10:45:55 #23 type] 
Type domain.Traveler is not enhanced.

[2025-09-28 10:45:55 #24 type.registry] 
New type java.util.LinkedList<java.lang.Object>

[2025-09-28 10:45:55 #25 type.registry] 
New type java.util.Vector<java.lang.Object>

[2025-09-28 10:45:55 #26 type.registry] 
New type java.util.Vector<domain.Ride>

------------------------------------------------------------------------------------------------------------------------

[2025-09-28 10:49:27 #1 store] 
Database 'C:\Users\fouzi\eclipse-workspace\Rides25\src\main\resources\rides.temp' is opened by 3232@fouzirbilal

[2025-09-28 10:49:28 #2 store] 
Database 'C:\Users\fouzi\eclipse-workspace\Rides25\src\main\resources\rides.temp' is closed by 3232@fouzirbilal

[2025-09-28 10:49:28 #3 store] 
Database 'C:\Users\fouzi\eclipse-workspace\Rides25\src\main\resources\rides.temp' is opened by 3232@fouzirbilal

[2025-09-28 10:49:28 #4 type.registry] 
New type domain.Driver

[2025-09-28 10:49:28 #5 type] 
Type domain.Driver is not enhanced.

[2025-09-28 10:49:28 #6 type.registry] 
New type domain.Ride

[2025-09-28 10:49:28 #7 type.registry] 
New type domain.Kotxea

[2025-09-28 10:49:28 #8 type.registry] 
New type java.util.LinkedList<domain.Kotxea>

[2025-09-28 10:49:28 #9 type.registry] 
New type domain.Transaction

[2025-09-28 10:49:28 #10 type.registry] 
New type java.util.LinkedList<domain.Transaction>

[2025-09-28 10:49:28 #11 type] 
Type domain.Ride is not enhanced.

[2025-09-28 10:49:28 #12 type.registry] 
New type domain.Erreklamazioa

[2025-09-28 10:49:28 #13 type.registry] 
New type java.util.LinkedList<domain.Erreklamazioa>

[2025-09-28 10:49:28 #14 type.registry] 
New type domain.Balorazioa

[2025-09-28 10:49:28 #15 type.registry] 
New type java.util.LinkedList<domain.Balorazioa>

[2025-09-28 10:49:28 #16 type] 
Type domain.Kotxea is not enhanced.

[2025-09-28 10:49:28 #17 type] 
Type domain.Transaction is not enhanced.

[2025-09-28 10:49:28 #18 type] 
Type domain.Erreklamazioa is not enhanced.

[2025-09-28 10:49:28 #19 type.registry] 
New type domain.Erreserba

[2025-09-28 10:49:28 #20 type] 
Type domain.Balorazioa is not enhanced.

[2025-09-28 10:49:28 #21 type] 
Type domain.Erreserba is not enhanced.

[2025-09-28 10:49:28 #22 type.registry] 
New type domain.Traveler

[2025-09-28 10:49:28 #23 type] 
Type domain.Traveler is not enhanced.

[2025-09-28 10:49:28 #24 type.registry] 
New type java.util.LinkedList<java.lang.Object>

[2025-09-28 10:49:28 #25 type.registry] 
New type java.util.Vector<java.lang.Object>

[2025-09-28 10:49:28 #26 type.registry] 
New type java.util.Vector<domain.Ride>

------------------------------------------------------------------------------------------------------------------------

[2025-09-28 10:58:28 #1 store] 
Database 'C:\Users\fouzi\eclipse-workspace\Rides25\src\main\resources\rides.temp' is opened by 17656@fouzirbilal

[2025-09-28 10:58:29 #2 store] 
Database 'C:\Users\fouzi\eclipse-workspace\Rides25\src\main\resources\rides.temp' is closed by 17656@fouzirbilal

[2025-09-28 10:58:29 #3 store] 
Database 'C:\Users\fouzi\eclipse-workspace\Rides25\src\main\resources\rides.temp' is opened by 17656@fouzirbilal

[2025-09-28 10:58:29 #4 type.registry] 
New type domain.Driver

[2025-09-28 10:58:29 #5 type] 
Type domain.Driver is not enhanced.

[2025-09-28 10:58:29 #6 type.registry] 
New type domain.Ride

[2025-09-28 10:58:29 #7 type.registry] 
New type domain.Kotxea

[2025-09-28 10:58:29 #8 type.registry] 
New type java.util.LinkedList<domain.Kotxea>

[2025-09-28 10:58:29 #9 type.registry] 
New type domain.Transaction

[2025-09-28 10:58:29 #10 type.registry] 
New type java.util.LinkedList<domain.Transaction>

[2025-09-28 10:58:29 #11 type] 
Type domain.Ride is not enhanced.

[2025-09-28 10:58:29 #12 type.registry] 
New type domain.Erreklamazioa

[2025-09-28 10:58:29 #13 type.registry] 
New type java.util.LinkedList<domain.Erreklamazioa>

[2025-09-28 10:58:29 #14 type.registry] 
New type domain.Balorazioa

[2025-09-28 10:58:29 #15 type.registry] 
New type java.util.LinkedList<domain.Balorazioa>

[2025-09-28 10:58:29 #16 type] 
Type domain.Kotxea is not enhanced.

[2025-09-28 10:58:29 #17 type] 
Type domain.Transaction is not enhanced.

[2025-09-28 10:58:29 #18 type] 
Type domain.Erreklamazioa is not enhanced.

[2025-09-28 10:58:29 #19 type.registry] 
New type domain.Erreserba

[2025-09-28 10:58:29 #20 type] 
Type domain.Balorazioa is not enhanced.

[2025-09-28 10:58:29 #21 type] 
Type domain.Erreserba is not enhanced.

[2025-09-28 10:58:29 #22 type.registry] 
New type domain.Traveler

[2025-09-28 10:58:29 #23 type] 
Type domain.Traveler is not enhanced.

[2025-09-28 10:58:29 #24 type.registry] 
New type java.util.LinkedList<java.lang.Object>

[2025-09-28 10:58:29 #25 type.registry] 
New type java.util.Vector<java.lang.Object>

[2025-09-28 10:58:29 #26 type.registry] 
New type java.util.Vector<domain.Ride>

------------------------------------------------------------------------------------------------------------------------

[2025-09-28 11:11:38 #1 store] 
Database 'C:\Users\fouzi\eclipse-workspace\Rides25\src\main\resources\rides.temp' is opened by 12336@fouzirbilal

[2025-09-28 11:11:39 #2 store] 
Database 'C:\Users\fouzi\eclipse-workspace\Rides25\src\main\resources\rides.temp' is closed by 12336@fouzirbilal

[2025-09-28 11:11:39 #3 store] 
Database 'C:\Users\fouzi\eclipse-workspace\Rides25\src\main\resources\rides.temp' is opened by 12336@fouzirbilal

[2025-09-28 11:11:40 #4 type.registry] 
New type domain.Driver

[2025-09-28 11:11:40 #5 type] 
Type domain.Driver is not enhanced.

[2025-09-28 11:11:40 #6 type.registry] 
New type domain.Ride

[2025-09-28 11:11:40 #7 type.registry] 
New type domain.Kotxea

[2025-09-28 11:11:40 #8 type.registry] 
New type java.util.LinkedList<domain.Kotxea>

[2025-09-28 11:11:40 #9 type.registry] 
New type domain.Transaction

[2025-09-28 11:11:40 #10 type.registry] 
New type java.util.LinkedList<domain.Transaction>

[2025-09-28 11:11:40 #11 type] 
Type domain.Ride is not enhanced.

[2025-09-28 11:11:40 #12 type.registry] 
New type domain.Erreklamazioa

[2025-09-28 11:11:40 #13 type.registry] 
New type java.util.LinkedList<domain.Erreklamazioa>

[2025-09-28 11:11:40 #14 type.registry] 
New type domain.Balorazioa

[2025-09-28 11:11:40 #15 type.registry] 
New type java.util.LinkedList<domain.Balorazioa>

[2025-09-28 11:11:40 #16 type] 
Type domain.Kotxea is not enhanced.

[2025-09-28 11:11:40 #17 type] 
Type domain.Transaction is not enhanced.

[2025-09-28 11:11:40 #18 type] 
Type domain.Erreklamazioa is not enhanced.

[2025-09-28 11:11:40 #19 type.registry] 
New type domain.Erreserba

[2025-09-28 11:11:40 #20 type] 
Type domain.Balorazioa is not enhanced.

[2025-09-28 11:11:40 #21 type] 
Type domain.Erreserba is not enhanced.

[2025-09-28 11:11:40 #22 type.registry] 
New type domain.Traveler

[2025-09-28 11:11:40 #23 type] 
Type domain.Traveler is not enhanced.

[2025-09-28 11:11:40 #24 type.registry] 
New type java.util.LinkedList<java.lang.Object>

[2025-09-28 11:11:40 #25 type.registry] 
New type java.util.Vector<java.lang.Object>

[2025-09-28 11:11:40 #26 type.registry] 
New type java.util.Vector<domain.Ride>

------------------------------------------------------------------------------------------------------------------------

[2025-09-28 11:13:11 #1 store] 
Database 'C:\Users\fouzi\eclipse-workspace\Rides25\src\main\resources\rides.temp' is opened by 4920@fouzirbilal

[2025-09-28 11:13:11 #2 store] 
Database 'C:\Users\fouzi\eclipse-workspace\Rides25\src\main\resources\rides.temp' is closed by 4920@fouzirbilal

[2025-09-28 11:13:11 #3 store] 
Database 'C:\Users\fouzi\eclipse-workspace\Rides25\src\main\resources\rides.temp' is opened by 4920@fouzirbilal

[2025-09-28 11:13:11 #4 type.registry] 
New type domain.Driver

[2025-09-28 11:13:11 #5 type] 
Type domain.Driver is not enhanced.

[2025-09-28 11:13:11 #6 type.registry] 
New type domain.Ride

[2025-09-28 11:13:11 #7 type.registry] 
New type domain.Kotxea

[2025-09-28 11:13:11 #8 type.registry] 
New type java.util.LinkedList<domain.Kotxea>

[2025-09-28 11:13:11 #9 type.registry] 
New type domain.Transaction

[2025-09-28 11:13:11 #10 type.registry] 
New type java.util.LinkedList<domain.Transaction>

[2025-09-28 11:13:11 #11 type] 
Type domain.Ride is not enhanced.

[2025-09-28 11:13:11 #12 type.registry] 
New type domain.Erreklamazioa

[2025-09-28 11:13:11 #13 type.registry] 
New type java.util.LinkedList<domain.Erreklamazioa>

[2025-09-28 11:13:11 #14 type.registry] 
New type domain.Balorazioa

[2025-09-28 11:13:11 #15 type.registry] 
New type java.util.LinkedList<domain.Balorazioa>

[2025-09-28 11:13:11 #16 type] 
Type domain.Kotxea is not enhanced.

[2025-09-28 11:13:11 #17 type] 
Type domain.Transaction is not enhanced.

[2025-09-28 11:13:11 #18 type] 
Type domain.Erreklamazioa is not enhanced.

[2025-09-28 11:13:11 #19 type.registry] 
New type domain.Erreserba

[2025-09-28 11:13:11 #20 type] 
Type domain.Balorazioa is not enhanced.

[2025-09-28 11:13:11 #21 type] 
Type domain.Erreserba is not enhanced.

[2025-09-28 11:13:11 #22 type.registry] 
New type domain.Traveler

[2025-09-28 11:13:11 #23 type] 
Type domain.Traveler is not enhanced.

[2025-09-28 11:13:11 #24 type.registry] 
New type java.util.LinkedList<java.lang.Object>

[2025-09-28 11:13:11 #25 type.registry] 
New type java.util.Vector<java.lang.Object>

[2025-09-28 11:13:11 #26 type.registry] 
New type java.util.Vector<domain.Ride>

------------------------------------------------------------------------------------------------------------------------

[2025-09-28 11:14:02 #1 store] 
Database 'C:\Users\fouzi\eclipse-workspace\Rides25\src\main\resources\rides.temp' is opened by 25556@fouzirbilal

[2025-09-28 11:14:02 #2 store] 
Database 'C:\Users\fouzi\eclipse-workspace\Rides25\src\main\resources\rides.temp' is closed by 25556@fouzirbilal

[2025-09-28 11:14:02 #3 store] 
Database 'C:\Users\fouzi\eclipse-workspace\Rides25\src\main\resources\rides.temp' is opened by 25556@fouzirbilal

[2025-09-28 11:14:02 #4 type.registry] 
New type domain.Driver

[2025-09-28 11:14:02 #5 type] 
Type domain.Driver is not enhanced.

[2025-09-28 11:14:02 #6 type.registry] 
New type domain.Ride

[2025-09-28 11:14:02 #7 type.registry] 
New type domain.Kotxea

[2025-09-28 11:14:02 #8 type.registry] 
New type java.util.LinkedList<domain.Kotxea>

[2025-09-28 11:14:02 #9 type.registry] 
New type domain.Transaction

[2025-09-28 11:14:02 #10 type.registry] 
New type java.util.LinkedList<domain.Transaction>

[2025-09-28 11:14:02 #11 type] 
Type domain.Ride is not enhanced.

[2025-09-28 11:14:02 #12 type.registry] 
New type domain.Erreklamazioa

[2025-09-28 11:14:02 #13 type.registry] 
New type java.util.LinkedList<domain.Erreklamazioa>

[2025-09-28 11:14:02 #14 type.registry] 
New type domain.Balorazioa

[2025-09-28 11:14:02 #15 type.registry] 
New type java.util.LinkedList<domain.Balorazioa>

[2025-09-28 11:14:02 #16 type] 
Type domain.Kotxea is not enhanced.

[2025-09-28 11:14:02 #17 type] 
Type domain.Transaction is not enhanced.

[2025-09-28 11:14:02 #18 type] 
Type domain.Erreklamazioa is not enhanced.

[2025-09-28 11:14:02 #19 type.registry] 
New type domain.Erreserba

[2025-09-28 11:14:02 #20 type] 
Type domain.Balorazioa is not enhanced.

[2025-09-28 11:14:02 #21 type] 
Type domain.Erreserba is not enhanced.

[2025-09-28 11:14:02 #22 type.registry] 
New type domain.Traveler

[2025-09-28 11:14:02 #23 type] 
Type domain.Traveler is not enhanced.

[2025-09-28 11:14:02 #24 type.registry] 
New type java.util.LinkedList<java.lang.Object>

[2025-09-28 11:14:02 #25 type.registry] 
New type java.util.Vector<java.lang.Object>

[2025-09-28 11:14:03 #26 type.registry] 
New type java.util.Vector<domain.Ride>

------------------------------------------------------------------------------------------------------------------------

[2025-09-28 11:20:47 #1 store] 
Database 'C:\Users\fouzi\eclipse-workspace\Rides25\src\main\resources\rides.temp' is opened by 27348@fouzirbilal

[2025-09-28 11:20:48 #2 store] 
Database 'C:\Users\fouzi\eclipse-workspace\Rides25\src\main\resources\rides.temp' is closed by 27348@fouzirbilal

[2025-09-28 11:20:48 #3 store] 
Database 'C:\Users\fouzi\eclipse-workspace\Rides25\src\main\resources\rides.temp' is opened by 27348@fouzirbilal

[2025-09-28 11:20:48 #4 store] 
Database 'C:\Users\fouzi\eclipse-workspace\Rides25\src\main\resources\rides.temp' is closed by 27348@fouzirbilal

[2025-09-28 11:20:48 #5 store] 
Database 'C:\Users\fouzi\eclipse-workspace\Rides25\src\main\resources\rides.temp' is opened by 27348@fouzirbilal

[2025-09-28 11:20:49 #6 type.registry] 
New type domain.Driver

[2025-09-28 11:20:49 #7 type] 
Type domain.Driver is not enhanced.

[2025-09-28 11:20:49 #8 type.registry] 
New type domain.Ride

[2025-09-28 11:20:49 #9 type.registry] 
New type domain.Kotxea

[2025-09-28 11:20:49 #10 type.registry] 
New type java.util.LinkedList<domain.Kotxea>

[2025-09-28 11:20:49 #11 type.registry] 
New type domain.Transaction

[2025-09-28 11:20:49 #12 type.registry] 
New type java.util.LinkedList<domain.Transaction>

[2025-09-28 11:20:49 #13 type] 
Type domain.Ride is not enhanced.

[2025-09-28 11:20:49 #14 type.registry] 
New type domain.Erreklamazioa

[2025-09-28 11:20:49 #15 type.registry] 
New type java.util.LinkedList<domain.Erreklamazioa>

[2025-09-28 11:20:49 #16 type.registry] 
New type domain.Balorazioa

[2025-09-28 11:20:49 #17 type.registry] 
New type java.util.LinkedList<domain.Balorazioa>

[2025-09-28 11:20:49 #18 type] 
Type domain.Kotxea is not enhanced.

[2025-09-28 11:20:49 #19 type] 
Type domain.Transaction is not enhanced.

[2025-09-28 11:20:49 #20 type] 
Type domain.Erreklamazioa is not enhanced.

[2025-09-28 11:20:49 #21 type.registry] 
New type domain.Erreserba

[2025-09-28 11:20:49 #22 type] 
Type domain.Balorazioa is not enhanced.

[2025-09-28 11:20:49 #23 type] 
Type domain.Erreserba is not enhanced.

[2025-09-28 11:20:49 #24 type.registry] 
New type domain.Traveler

[2025-09-28 11:20:49 #25 type] 
Type domain.Traveler is not enhanced.

[2025-09-28 11:20:49 #26 type.registry] 
New type java.util.LinkedList<java.lang.Object>

[2025-09-28 11:20:49 #27 type.registry] 
New type java.util.Vector<java.lang.Object>

[2025-09-28 11:20:49 #28 type.registry] 
New type java.util.Vector<domain.Ride>

------------------------------------------------------------------------------------------------------------------------

[2025-09-28 11:23:49 #1 store] 
Database 'C:\Users\fouzi\eclipse-workspace\Rides25\src\main\resources\rides.temp' is opened by 24016@fouzirbilal

[2025-09-28 11:23:49 #2 store] 
Database 'C:\Users\fouzi\eclipse-workspace\Rides25\src\main\resources\rides.temp' is closed by 24016@fouzirbilal

[2025-09-28 11:23:50 #3 store] 
Database 'C:\Users\fouzi\eclipse-workspace\Rides25\src\main\resources\rides.temp' is opened by 24016@fouzirbilal

[2025-09-28 11:23:50 #4 store] 
Database 'C:\Users\fouzi\eclipse-workspace\Rides25\src\main\resources\rides.temp' is closed by 24016@fouzirbilal

[2025-09-28 11:23:50 #5 store] 
Database 'C:\Users\fouzi\eclipse-workspace\Rides25\src\main\resources\rides.temp' is opened by 24016@fouzirbilal

[2025-09-28 11:23:50 #6 type.registry] 
New type domain.Driver

[2025-09-28 11:23:50 #7 type] 
Type domain.Driver is not enhanced.

[2025-09-28 11:23:50 #8 type.registry] 
New type domain.Ride

[2025-09-28 11:23:50 #9 type.registry] 
New type domain.Kotxea

[2025-09-28 11:23:50 #10 type.registry] 
New type java.util.LinkedList<domain.Kotxea>

[2025-09-28 11:23:50 #11 type.registry] 
New type domain.Transaction

[2025-09-28 11:23:50 #12 type.registry] 
New type java.util.LinkedList<domain.Transaction>

[2025-09-28 11:23:50 #13 type] 
Type domain.Ride is not enhanced.

[2025-09-28 11:23:50 #14 type.registry] 
New type domain.Erreklamazioa

[2025-09-28 11:23:50 #15 type.registry] 
New type java.util.LinkedList<domain.Erreklamazioa>

[2025-09-28 11:23:50 #16 type.registry] 
New type domain.Balorazioa

[2025-09-28 11:23:50 #17 type.registry] 
New type java.util.LinkedList<domain.Balorazioa>

[2025-09-28 11:23:50 #18 type] 
Type domain.Kotxea is not enhanced.

[2025-09-28 11:23:50 #19 type] 
Type domain.Transaction is not enhanced.

[2025-09-28 11:23:50 #20 type] 
Type domain.Erreklamazioa is not enhanced.

[2025-09-28 11:23:50 #21 type.registry] 
New type domain.Erreserba

[2025-09-28 11:23:50 #22 type] 
Type domain.Balorazioa is not enhanced.

[2025-09-28 11:23:50 #23 type] 
Type domain.Erreserba is not enhanced.

[2025-09-28 11:23:50 #24 type.registry] 
New type domain.Traveler

[2025-09-28 11:23:50 #25 type] 
Type domain.Traveler is not enhanced.

[2025-09-28 11:23:50 #26 type.registry] 
New type java.util.LinkedList<java.lang.Object>

[2025-09-28 11:23:50 #27 type.registry] 
New type java.util.Vector<java.lang.Object>

[2025-09-28 11:23:50 #28 type.registry] 
New type java.util.Vector<domain.Ride>

------------------------------------------------------------------------------------------------------------------------

[2025-09-28 11:24:29 #1 store] 
Database 'C:\Users\fouzi\eclipse-workspace\Rides25\src\main\resources\rides.temp' is opened by 24792@fouzirbilal

[2025-09-28 11:24:29 #2 store] 
Database 'C:\Users\fouzi\eclipse-workspace\Rides25\src\main\resources\rides.temp' is closed by 24792@fouzirbilal

[2025-09-28 11:24:30 #3 store] 
Database 'C:\Users\fouzi\eclipse-workspace\Rides25\src\main\resources\rides.temp' is opened by 24792@fouzirbilal

[2025-09-28 11:24:30 #4 type.registry] 
New type domain.Driver

[2025-09-28 11:24:30 #5 type] 
Type domain.Driver is not enhanced.

[2025-09-28 11:24:30 #6 type.registry] 
New type domain.Ride

[2025-09-28 11:24:30 #7 type.registry] 
New type domain.Kotxea

[2025-09-28 11:24:30 #8 type.registry] 
New type java.util.LinkedList<domain.Kotxea>

[2025-09-28 11:24:30 #9 type.registry] 
New type domain.Transaction

[2025-09-28 11:24:31 #10 type.registry] 
New type java.util.LinkedList<domain.Transaction>

[2025-09-28 11:24:31 #11 type] 
Type domain.Ride is not enhanced.

[2025-09-28 11:24:31 #12 type.registry] 
New type domain.Erreklamazioa

[2025-09-28 11:24:31 #13 type.registry] 
New type java.util.LinkedList<domain.Erreklamazioa>

[2025-09-28 11:24:31 #14 type.registry] 
New type domain.Balorazioa

[2025-09-28 11:24:31 #15 type.registry] 
New type java.util.LinkedList<domain.Balorazioa>

[2025-09-28 11:24:31 #16 type] 
Type domain.Kotxea is not enhanced.

[2025-09-28 11:24:31 #17 type] 
Type domain.Transaction is not enhanced.

[2025-09-28 11:24:31 #18 type] 
Type domain.Erreklamazioa is not enhanced.

[2025-09-28 11:24:31 #19 type.registry] 
New type domain.Erreserba

[2025-09-28 11:24:31 #20 type] 
Type domain.Balorazioa is not enhanced.

[2025-09-28 11:24:31 #21 type] 
Type domain.Erreserba is not enhanced.

[2025-09-28 11:24:31 #22 type.registry] 
New type domain.Traveler

[2025-09-28 11:24:31 #23 type] 
Type domain.Traveler is not enhanced.

[2025-09-28 11:24:31 #24 type.registry] 
New type java.util.LinkedList<java.lang.Object>

[2025-09-28 11:24:31 #25 type.registry] 
New type java.util.Vector<java.lang.Object>

[2025-09-28 11:24:31 #26 type.registry] 
New type java.util.Vector<domain.Ride>

[2025-09-28 11:24:31 #27 type.registry] 
New type domain.Alerta

[2025-09-28 11:24:31 #28 type] 
Type domain.Alerta is not enhanced.

------------------------------------------------------------------------------------------------------------------------

[2025-09-28 11:25:27 #1 store] 
Database 'C:\Users\fouzi\eclipse-workspace\Rides25\src\main\resources\rides.temp' is opened by 14092@fouzirbilal

[2025-09-28 11:25:27 #2 store] 
Database 'C:\Users\fouzi\eclipse-workspace\Rides25\src\main\resources\rides.temp' is closed by 14092@fouzirbilal

[2025-09-28 11:25:27 #3 store] 
Database 'C:\Users\fouzi\eclipse-workspace\Rides25\src\main\resources\rides.temp' is opened by 14092@fouzirbilal

[2025-09-28 11:25:27 #4 type.registry] 
New type domain.Alerta

[2025-09-28 11:25:27 #5 type] 
Type domain.Alerta is not enhanced.

[2025-09-28 11:25:27 #6 type.registry] 
New type domain.Ride

[2025-09-28 11:25:27 #7 type] 
Type domain.Ride is not enhanced.

[2025-09-28 11:25:27 #8 type.registry] 
New type domain.Erreklamazioa

[2025-09-28 11:25:28 #9 type.registry] 
New type java.util.LinkedList<domain.Erreklamazioa>

[2025-09-28 11:25:28 #10 type.registry] 
New type domain.Balorazioa

[2025-09-28 11:25:28 #11 type.registry] 
New type java.util.LinkedList<domain.Balorazioa>

[2025-09-28 11:25:28 #12 type.registry] 
New type domain.Kotxea

[2025-09-28 11:25:28 #13 type.registry] 
New type domain.Driver

[2025-09-28 11:25:28 #14 type] 
Type domain.Erreklamazioa is not enhanced.

[2025-09-28 11:25:28 #15 type.registry] 
New type domain.Erreserba

[2025-09-28 11:25:28 #16 type] 
Type domain.Balorazioa is not enhanced.

[2025-09-28 11:25:28 #17 type] 
Type domain.Kotxea is not enhanced.

[2025-09-28 11:25:28 #18 type] 
Type domain.Driver is not enhanced.

[2025-09-28 11:25:28 #19 type.registry] 
New type java.util.LinkedList<domain.Kotxea>

[2025-09-28 11:25:28 #20 type.registry] 
New type domain.Transaction

[2025-09-28 11:25:28 #21 type.registry] 
New type java.util.LinkedList<domain.Transaction>

[2025-09-28 11:25:28 #22 type] 
Type domain.Erreserba is not enhanced.

[2025-09-28 11:25:28 #23 type.registry] 
New type domain.Traveler

[2025-09-28 11:25:28 #24 type] 
Type domain.Transaction is not enhanced.

[2025-09-28 11:25:28 #25 type] 
Type domain.Traveler is not enhanced.

[2025-09-28 11:25:28 #26 type.registry] 
New type java.util.LinkedList<java.lang.Object>

[2025-09-28 11:25:28 #27 type.registry] 
New type java.util.Vector<java.lang.Object>

[2025-09-28 11:25:28 #28 type.registry] 
New type java.util.Vector<domain.Ride>

------------------------------------------------------------------------------------------------------------------------

[2025-09-28 11:33:06 #1 store] 
Database 'C:\Users\fouzi\eclipse-workspace\Rides25\src\main\resources\rides.temp' is opened by 8388@fouzirbilal

[2025-09-28 11:33:06 #2 store] 
Database 'C:\Users\fouzi\eclipse-workspace\Rides25\src\main\resources\rides.temp' is closed by 8388@fouzirbilal

[2025-09-28 11:33:06 #3 store] 
Database 'C:\Users\fouzi\eclipse-workspace\Rides25\src\main\resources\rides.temp' is opened by 8388@fouzirbilal

[2025-09-28 11:33:06 #4 type.registry] 
New type domain.Alerta

[2025-09-28 11:33:06 #5 type] 
Type domain.Alerta is not enhanced.

[2025-09-28 11:33:06 #6 type.registry] 
New type domain.Ride

[2025-09-28 11:33:06 #7 type] 
Type domain.Ride is not enhanced.

[2025-09-28 11:33:06 #8 type.registry] 
New type domain.Erreklamazioa

[2025-09-28 11:33:06 #9 type.registry] 
New type java.util.LinkedList<domain.Erreklamazioa>

[2025-09-28 11:33:06 #10 type.registry] 
New type domain.Balorazioa

[2025-09-28 11:33:06 #11 type.registry] 
New type java.util.LinkedList<domain.Balorazioa>

[2025-09-28 11:33:06 #12 type.registry] 
New type domain.Kotxea

[2025-09-28 11:33:06 #13 type.registry] 
New type domain.Driver

[2025-09-28 11:33:06 #14 type] 
Type domain.Erreklamazioa is not enhanced.

[2025-09-28 11:33:06 #15 type.registry] 
New type domain.Erreserba

[2025-09-28 11:33:06 #16 type] 
Type domain.Balorazioa is not enhanced.

[2025-09-28 11:33:06 #17 type] 
Type domain.Kotxea is not enhanced.

[2025-09-28 11:33:06 #18 type] 
Type domain.Driver is not enhanced.

[2025-09-28 11:33:06 #19 type.registry] 
New type java.util.LinkedList<domain.Kotxea>

[2025-09-28 11:33:06 #20 type.registry] 
New type domain.Transaction

[2025-09-28 11:33:06 #21 type.registry] 
New type java.util.LinkedList<domain.Transaction>

[2025-09-28 11:33:06 #22 type] 
Type domain.Erreserba is not enhanced.

[2025-09-28 11:33:06 #23 type.registry] 
New type domain.Traveler

[2025-09-28 11:33:06 #24 type] 
Type domain.Transaction is not enhanced.

[2025-09-28 11:33:06 #25 type] 
Type domain.Traveler is not enhanced.

[2025-09-28 11:33:07 #26 type.registry] 
New type java.util.LinkedList<java.lang.Object>

[2025-09-28 11:33:07 #27 type.registry] 
New type java.util.Vector<java.lang.Object>

[2025-09-28 11:33:07 #28 type.registry] 
New type java.util.Vector<domain.Ride>

------------------------------------------------------------------------------------------------------------------------

[2025-09-28 11:33:48 #1 store] 
Database 'C:\Users\fouzi\eclipse-workspace\Rides25\src\main\resources\rides.temp' is opened by 7720@fouzirbilal

[2025-09-28 11:33:48 #2 store] 
Database 'C:\Users\fouzi\eclipse-workspace\Rides25\src\main\resources\rides.temp' is closed by 7720@fouzirbilal

[2025-09-28 11:33:49 #3 store] 
Database 'C:\Users\fouzi\eclipse-workspace\Rides25\src\main\resources\rides.temp' is opened by 7720@fouzirbilal

[2025-09-28 11:33:49 #4 type.registry] 
New type domain.Traveler

[2025-09-28 11:33:49 #5 type] 
Type domain.Traveler is not enhanced.

[2025-09-28 11:33:49 #6 type.registry] 
New type domain.Erreserba

[2025-09-28 11:33:49 #7 type.registry] 
New type domain.Transaction

[2025-09-28 11:33:49 #8 type.registry] 
New type java.util.LinkedList<domain.Transaction>

[2025-09-28 11:33:49 #9 type] 
Type domain.Erreserba is not enhanced.

[2025-09-28 11:33:49 #10 type.registry] 
New type domain.Ride

[2025-09-28 11:33:49 #11 type] 
Type domain.Transaction is not enhanced.

[2025-09-28 11:33:49 #12 type] 
Type domain.Ride is not enhanced.

[2025-09-28 11:33:49 #13 type.registry] 
New type domain.Erreklamazioa

[2025-09-28 11:33:49 #14 type.registry] 
New type java.util.LinkedList<domain.Erreklamazioa>

[2025-09-28 11:33:49 #15 type.registry] 
New type domain.Balorazioa

[2025-09-28 11:33:49 #16 type.registry] 
New type java.util.LinkedList<domain.Balorazioa>

[2025-09-28 11:33:49 #17 type.registry] 
New type domain.Kotxea

[2025-09-28 11:33:49 #18 type.registry] 
New type domain.Driver

[2025-09-28 11:33:49 #19 type] 
Type domain.Erreklamazioa is not enhanced.

[2025-09-28 11:33:49 #20 type] 
Type domain.Balorazioa is not enhanced.

[2025-09-28 11:33:49 #21 type] 
Type domain.Kotxea is not enhanced.

[2025-09-28 11:33:49 #22 type] 
Type domain.Driver is not enhanced.

[2025-09-28 11:33:49 #23 type.registry] 
New type java.util.LinkedList<domain.Kotxea>

[2025-09-28 11:33:49 #24 type.registry] 
New type java.util.LinkedList<java.lang.Object>

[2025-09-28 11:33:49 #25 type.registry] 
New type java.util.Vector<java.lang.Object>

[2025-09-28 11:33:49 #26 type.registry] 
New type java.util.Vector<domain.Erreserba>

[2025-09-28 11:33:49 #27 type.registry] 
New type domain.Alerta

[2025-09-28 11:33:49 #28 type] 
Type domain.Alerta is not enhanced.

------------------------------------------------------------------------------------------------------------------------

[2025-09-28 11:34:20 #1 store] 
Database 'C:\Users\fouzi\eclipse-workspace\Rides25\src\main\resources\rides.temp' is opened by 2668@fouzirbilal

[2025-09-28 11:34:21 #2 store] 
Database 'C:\Users\fouzi\eclipse-workspace\Rides25\src\main\resources\rides.temp' is closed by 2668@fouzirbilal

[2025-09-28 11:34:21 #3 store] 
Database 'C:\Users\fouzi\eclipse-workspace\Rides25\src\main\resources\rides.temp' is opened by 2668@fouzirbilal

[2025-09-28 11:34:22 #4 type.registry] 
New type domain.Alerta

[2025-09-28 11:34:22 #5 type] 
Type domain.Alerta is not enhanced.

[2025-09-28 11:34:22 #6 type.registry] 
New type domain.Ride

[2025-09-28 11:34:22 #7 type] 
Type domain.Ride is not enhanced.

[2025-09-28 11:34:22 #8 type.registry] 
New type domain.Erreklamazioa

[2025-09-28 11:34:22 #9 type.registry] 
New type java.util.LinkedList<domain.Erreklamazioa>

[2025-09-28 11:34:22 #10 type.registry] 
New type domain.Balorazioa

[2025-09-28 11:34:22 #11 type.registry] 
New type java.util.LinkedList<domain.Balorazioa>

[2025-09-28 11:34:22 #12 type.registry] 
New type domain.Kotxea

[2025-09-28 11:34:22 #13 type.registry] 
New type domain.Driver

[2025-09-28 11:34:22 #14 type] 
Type domain.Erreklamazioa is not enhanced.

[2025-09-28 11:34:22 #15 type.registry] 
New type domain.Erreserba

[2025-09-28 11:34:22 #16 type] 
Type domain.Balorazioa is not enhanced.

[2025-09-28 11:34:22 #17 type] 
Type domain.Kotxea is not enhanced.

[2025-09-28 11:34:22 #18 type] 
Type domain.Driver is not enhanced.

[2025-09-28 11:34:22 #19 type.registry] 
New type java.util.LinkedList<domain.Kotxea>

[2025-09-28 11:34:22 #20 type.registry] 
New type domain.Transaction

[2025-09-28 11:34:22 #21 type.registry] 
New type java.util.LinkedList<domain.Transaction>

[2025-09-28 11:34:22 #22 type] 
Type domain.Erreserba is not enhanced.

[2025-09-28 11:34:22 #23 type.registry] 
New type domain.Traveler

[2025-09-28 11:34:22 #24 type] 
Type domain.Transaction is not enhanced.

[2025-09-28 11:34:22 #25 type] 
Type domain.Traveler is not enhanced.

[2025-09-28 11:34:22 #26 type.registry] 
New type java.util.LinkedList<java.lang.Object>

[2025-09-28 11:34:22 #27 type.registry] 
New type java.util.Vector<java.lang.Object>

[2025-09-28 11:34:22 #28 type.registry] 
New type java.util.Vector<domain.Erreserba>

------------------------------------------------------------------------------------------------------------------------

[2025-09-28 11:56:22 #1 store] 
Database 'C:\Users\fouzi\eclipse-workspace\Rides25\src\main\resources\rides.temp' is opened by 10264@fouzirbilal

[2025-09-28 11:56:23 #2 store] 
Database 'C:\Users\fouzi\eclipse-workspace\Rides25\src\main\resources\rides.temp' is closed by 10264@fouzirbilal

[2025-09-28 11:56:23 #3 store] 
Database 'C:\Users\fouzi\eclipse-workspace\Rides25\src\main\resources\rides.temp' is opened by 10264@fouzirbilal

[2025-09-28 11:56:23 #4 type.registry] 
New type domain.Alerta

[2025-09-28 11:56:23 #5 type] 
Type domain.Alerta is not enhanced.

[2025-09-28 11:56:23 #6 type.registry] 
New type domain.Ride

[2025-09-28 11:56:23 #7 type] 
Type domain.Ride is not enhanced.

[2025-09-28 11:56:23 #8 type.registry] 
New type domain.Erreklamazioa

[2025-09-28 11:56:23 #9 type.registry] 
New type java.util.LinkedList<domain.Erreklamazioa>

[2025-09-28 11:56:23 #10 type.registry] 
New type domain.Balorazioa

[2025-09-28 11:56:23 #11 type.registry] 
New type java.util.LinkedList<domain.Balorazioa>

[2025-09-28 11:56:23 #12 type.registry] 
New type domain.Kotxea

[2025-09-28 11:56:23 #13 type.registry] 
New type domain.Driver

[2025-09-28 11:56:23 #14 type] 
Type domain.Erreklamazioa is not enhanced.

[2025-09-28 11:56:23 #15 type.registry] 
New type domain.Erreserba

[2025-09-28 11:56:23 #16 type] 
Type domain.Balorazioa is not enhanced.

[2025-09-28 11:56:23 #17 type] 
Type domain.Kotxea is not enhanced.

[2025-09-28 11:56:23 #18 type] 
Type domain.Driver is not enhanced.

[2025-09-28 11:56:23 #19 type.registry] 
New type java.util.LinkedList<domain.Kotxea>

[2025-09-28 11:56:23 #20 type.registry] 
New type domain.Transaction

[2025-09-28 11:56:23 #21 type.registry] 
New type java.util.LinkedList<domain.Transaction>

[2025-09-28 11:56:23 #22 type] 
Type domain.Erreserba is not enhanced.

[2025-09-28 11:56:23 #23 type.registry] 
New type domain.Traveler

[2025-09-28 11:56:23 #24 type] 
Type domain.Transaction is not enhanced.

[2025-09-28 11:56:23 #25 type] 
Type domain.Traveler is not enhanced.

[2025-09-28 11:56:24 #26 type.registry] 
New type java.util.LinkedList<java.lang.Object>

[2025-09-28 11:56:24 #27 type.registry] 
New type java.util.Vector<java.lang.Object>

[2025-09-28 11:56:24 #28 type.registry] 
New type java.util.Vector<domain.Ride>

------------------------------------------------------------------------------------------------------------------------

[2025-09-28 11:56:33 #1 store] 
Database 'C:\Users\fouzi\eclipse-workspace\Rides25\src\main\resources\rides.temp' is opened by 27356@fouzirbilal

[2025-09-28 11:56:33 #2 store] 
Database 'C:\Users\fouzi\eclipse-workspace\Rides25\src\main\resources\rides.temp' is closed by 27356@fouzirbilal

[2025-09-28 11:56:33 #3 store] 
Database 'C:\Users\fouzi\eclipse-workspace\Rides25\src\main\resources\rides.temp' is opened by 27356@fouzirbilal

[2025-09-28 11:56:34 #4 type.registry] 
New type domain.Alerta

[2025-09-28 11:56:34 #5 type] 
Type domain.Alerta is not enhanced.

[2025-09-28 11:56:34 #6 type.registry] 
New type domain.Ride

[2025-09-28 11:56:34 #7 type] 
Type domain.Ride is not enhanced.

[2025-09-28 11:56:34 #8 type.registry] 
New type domain.Erreklamazioa

[2025-09-28 11:56:34 #9 type.registry] 
New type java.util.LinkedList<domain.Erreklamazioa>

[2025-09-28 11:56:34 #10 type.registry] 
New type domain.Balorazioa

[2025-09-28 11:56:34 #11 type.registry] 
New type java.util.LinkedList<domain.Balorazioa>

[2025-09-28 11:56:34 #12 type.registry] 
New type domain.Kotxea

[2025-09-28 11:56:34 #13 type.registry] 
New type domain.Driver

[2025-09-28 11:56:34 #14 type] 
Type domain.Erreklamazioa is not enhanced.

[2025-09-28 11:56:34 #15 type.registry] 
New type domain.Erreserba

[2025-09-28 11:56:34 #16 type] 
Type domain.Balorazioa is not enhanced.

[2025-09-28 11:56:34 #17 type] 
Type domain.Kotxea is not enhanced.

[2025-09-28 11:56:34 #18 type] 
Type domain.Driver is not enhanced.

[2025-09-28 11:56:34 #19 type.registry] 
New type java.util.LinkedList<domain.Kotxea>

[2025-09-28 11:56:34 #20 type.registry] 
New type domain.Transaction

[2025-09-28 11:56:34 #21 type.registry] 
New type java.util.LinkedList<domain.Transaction>

[2025-09-28 11:56:34 #22 type] 
Type domain.Erreserba is not enhanced.

[2025-09-28 11:56:34 #23 type.registry] 
New type domain.Traveler

[2025-09-28 11:56:34 #24 type] 
Type domain.Transaction is not enhanced.

[2025-09-28 11:56:34 #25 type] 
Type domain.Traveler is not enhanced.

[2025-09-28 11:56:34 #26 type.registry] 
New type java.util.LinkedList<java.lang.Object>

[2025-09-28 11:56:34 #27 type.registry] 
New type java.util.Vector<java.lang.Object>

[2025-09-28 11:56:34 #28 type.registry] 
New type java.util.Vector<domain.Erreserba>

------------------------------------------------------------------------------------------------------------------------

[2025-09-28 12:02:27 #1 store] 
Database 'C:\Users\fouzi\eclipse-workspace\Rides25\src\main\resources\rides.temp' is opened by 12992@fouzirbilal

[2025-09-28 12:02:27 #2 store] 
Database 'C:\Users\fouzi\eclipse-workspace\Rides25\src\main\resources\rides.temp' is closed by 12992@fouzirbilal

[2025-09-28 12:02:27 #3 store] 
Database 'C:\Users\fouzi\eclipse-workspace\Rides25\src\main\resources\rides.temp' is opened by 12992@fouzirbilal

[2025-09-28 12:02:27 #4 store] 
Database 'C:\Users\fouzi\eclipse-workspace\Rides25\src\main\resources\rides.temp' is closed by 12992@fouzirbilal

[2025-09-28 12:02:27 #5 store] 
Database 'C:\Users\fouzi\eclipse-workspace\Rides25\src\main\resources\rides.temp' is opened by 12992@fouzirbilal

[2025-09-28 12:02:27 #6 type.registry] 
New type domain.Driver

[2025-09-28 12:02:27 #7 type] 
Type domain.Driver is not enhanced.

[2025-09-28 12:02:27 #8 type.registry] 
New type domain.Ride

[2025-09-28 12:02:27 #9 type.registry] 
New type domain.Kotxea

[2025-09-28 12:02:27 #10 type.registry] 
New type java.util.LinkedList<domain.Kotxea>

[2025-09-28 12:02:27 #11 type.registry] 
New type domain.Transaction

[2025-09-28 12:02:27 #12 type.registry] 
New type java.util.LinkedList<domain.Transaction>

[2025-09-28 12:02:27 #13 type] 
Type domain.Ride is not enhanced.

[2025-09-28 12:02:27 #14 type.registry] 
New type domain.Erreklamazioa

[2025-09-28 12:02:27 #15 type.registry] 
New type java.util.LinkedList<domain.Erreklamazioa>

[2025-09-28 12:02:27 #16 type.registry] 
New type domain.Balorazioa

[2025-09-28 12:02:27 #17 type.registry] 
New type java.util.LinkedList<domain.Balorazioa>

[2025-09-28 12:02:27 #18 type] 
Type domain.Kotxea is not enhanced.

[2025-09-28 12:02:27 #19 type] 
Type domain.Transaction is not enhanced.

[2025-09-28 12:02:27 #20 type] 
Type domain.Erreklamazioa is not enhanced.

[2025-09-28 12:02:28 #21 type.registry] 
New type domain.Erreserba

[2025-09-28 12:02:28 #22 type] 
Type domain.Balorazioa is not enhanced.

[2025-09-28 12:02:28 #23 type] 
Type domain.Erreserba is not enhanced.

[2025-09-28 12:02:28 #24 type.registry] 
New type domain.Traveler

[2025-09-28 12:02:28 #25 type] 
Type domain.Traveler is not enhanced.

[2025-09-28 12:02:28 #26 type.registry] 
New type java.util.LinkedList<java.lang.Object>

[2025-09-28 12:02:28 #27 type.registry] 
New type java.util.Vector<java.lang.Object>

[2025-09-28 12:02:28 #28 type.registry] 
New type java.util.Vector<domain.Ride>

------------------------------------------------------------------------------------------------------------------------

[2025-09-28 12:02:50 #1 store] 
Database 'C:\Users\fouzi\eclipse-workspace\Rides25\src\main\resources\rides.temp' is opened by 13252@fouzirbilal

[2025-09-28 12:02:50 #2 store] 
Database 'C:\Users\fouzi\eclipse-workspace\Rides25\src\main\resources\rides.temp' is closed by 13252@fouzirbilal

[2025-09-28 12:02:50 #3 store] 
Database 'C:\Users\fouzi\eclipse-workspace\Rides25\src\main\resources\rides.temp' is opened by 13252@fouzirbilal

[2025-09-28 12:02:50 #4 store] 
Database 'C:\Users\fouzi\eclipse-workspace\Rides25\src\main\resources\rides.temp' is closed by 13252@fouzirbilal

[2025-09-28 12:02:50 #5 store] 
Database 'C:\Users\fouzi\eclipse-workspace\Rides25\src\main\resources\rides.temp' is opened by 13252@fouzirbilal

[2025-09-28 12:02:50 #6 type.registry] 
New type domain.Driver

[2025-09-28 12:02:50 #7 type] 
Type domain.Driver is not enhanced.

[2025-09-28 12:02:50 #8 type.registry] 
New type domain.Ride

[2025-09-28 12:02:50 #9 type.registry] 
New type domain.Kotxea

[2025-09-28 12:02:50 #10 type.registry] 
New type java.util.LinkedList<domain.Kotxea>

[2025-09-28 12:02:50 #11 type.registry] 
New type domain.Transaction

[2025-09-28 12:02:50 #12 type.registry] 
New type java.util.LinkedList<domain.Transaction>

[2025-09-28 12:02:50 #13 type] 
Type domain.Ride is not enhanced.

[2025-09-28 12:02:50 #14 type.registry] 
New type domain.Erreklamazioa

[2025-09-28 12:02:50 #15 type.registry] 
New type java.util.LinkedList<domain.Erreklamazioa>

[2025-09-28 12:02:50 #16 type.registry] 
New type domain.Balorazioa

[2025-09-28 12:02:50 #17 type.registry] 
New type java.util.LinkedList<domain.Balorazioa>

[2025-09-28 12:02:50 #18 type] 
Type domain.Kotxea is not enhanced.

[2025-09-28 12:02:50 #19 type] 
Type domain.Transaction is not enhanced.

[2025-09-28 12:02:50 #20 type] 
Type domain.Erreklamazioa is not enhanced.

[2025-09-28 12:02:50 #21 type.registry] 
New type domain.Erreserba

[2025-09-28 12:02:50 #22 type] 
Type domain.Balorazioa is not enhanced.

[2025-09-28 12:02:50 #23 type] 
Type domain.Erreserba is not enhanced.

[2025-09-28 12:02:50 #24 type.registry] 
New type domain.Traveler

[2025-09-28 12:02:50 #25 type] 
Type domain.Traveler is not enhanced.

[2025-09-28 12:02:50 #26 type.registry] 
New type java.util.LinkedList<java.lang.Object>

[2025-09-28 12:02:50 #27 type.registry] 
New type java.util.Vector<java.lang.Object>

[2025-09-28 12:02:50 #28 type.registry] 
New type java.util.Vector<domain.Ride>

------------------------------------------------------------------------------------------------------------------------

[2025-09-28 12:09:44 #1 store] 
Database 'C:\Users\fouzi\eclipse-workspace\Rides25\src\main\resources\rides.temp' is opened by 27636@fouzirbilal

[2025-09-28 12:09:44 #2 store] 
Database 'C:\Users\fouzi\eclipse-workspace\Rides25\src\main\resources\rides.temp' is closed by 27636@fouzirbilal

[2025-09-28 12:09:44 #3 store] 
Database 'C:\Users\fouzi\eclipse-workspace\Rides25\src\main\resources\rides.temp' is opened by 27636@fouzirbilal

[2025-09-28 12:09:44 #4 store] 
Database 'C:\Users\fouzi\eclipse-workspace\Rides25\src\main\resources\rides.temp' is closed by 27636@fouzirbilal

[2025-09-28 12:09:44 #5 store] 
Database 'C:\Users\fouzi\eclipse-workspace\Rides25\src\main\resources\rides.temp' is opened by 27636@fouzirbilal

[2025-09-28 12:09:45 #6 type.registry] 
New type domain.Driver

[2025-09-28 12:09:45 #7 type] 
Type domain.Driver is not enhanced.

[2025-09-28 12:09:45 #8 type.registry] 
New type domain.Ride

[2025-09-28 12:09:45 #9 type.registry] 
New type domain.Kotxea

[2025-09-28 12:09:45 #10 type.registry] 
New type java.util.LinkedList<domain.Kotxea>

[2025-09-28 12:09:45 #11 type.registry] 
New type domain.Transaction

[2025-09-28 12:09:45 #12 type.registry] 
New type java.util.LinkedList<domain.Transaction>

[2025-09-28 12:09:45 #13 type] 
Type domain.Ride is not enhanced.

[2025-09-28 12:09:45 #14 type.registry] 
New type domain.Erreklamazioa

[2025-09-28 12:09:45 #15 type.registry] 
New type java.util.LinkedList<domain.Erreklamazioa>

[2025-09-28 12:09:45 #16 type.registry] 
New type domain.Balorazioa

[2025-09-28 12:09:45 #17 type.registry] 
New type java.util.LinkedList<domain.Balorazioa>

[2025-09-28 12:09:45 #18 type] 
Type domain.Kotxea is not enhanced.

[2025-09-28 12:09:45 #19 type] 
Type domain.Transaction is not enhanced.

[2025-09-28 12:09:45 #20 type] 
Type domain.Erreklamazioa is not enhanced.

[2025-09-28 12:09:45 #21 type.registry] 
New type domain.Erreserba

[2025-09-28 12:09:45 #22 type] 
Type domain.Balorazioa is not enhanced.

[2025-09-28 12:09:45 #23 type] 
Type domain.Erreserba is not enhanced.

[2025-09-28 12:09:45 #24 type.registry] 
New type domain.Traveler

[2025-09-28 12:09:45 #25 type] 
Type domain.Traveler is not enhanced.

[2025-09-28 12:09:45 #26 type.registry] 
New type java.util.LinkedList<java.lang.Object>

[2025-09-28 12:09:45 #27 type.registry] 
New type java.util.Vector<java.lang.Object>

[2025-09-28 12:09:45 #28 type.registry] 
New type java.util.Vector<domain.Ride>

------------------------------------------------------------------------------------------------------------------------

[2025-09-28 12:58:30 #1 store] 
Database 'C:\Users\fouzi\eclipse-workspace\Rides25\src\main\resources\rides.temp' is opened by 25740@fouzirbilal

[2025-09-28 12:58:30 #2 store] 
Database 'C:\Users\fouzi\eclipse-workspace\Rides25\src\main\resources\rides.temp' is closed by 25740@fouzirbilal

[2025-09-28 12:58:31 #3 store] 
Database 'C:\Users\fouzi\eclipse-workspace\Rides25\src\main\resources\rides.temp' is opened by 25740@fouzirbilal

[2025-09-28 12:58:31 #4 type.registry] 
New type domain.Driver

[2025-09-28 12:58:31 #5 type] 
Type domain.Driver is not enhanced.

[2025-09-28 12:58:31 #6 type.registry] 
New type domain.Ride

[2025-09-28 12:58:31 #7 type.registry] 
New type domain.Kotxea

[2025-09-28 12:58:31 #8 type.registry] 
New type java.util.LinkedList<domain.Kotxea>

[2025-09-28 12:58:31 #9 type.registry] 
New type domain.Transaction

[2025-09-28 12:58:31 #10 type.registry] 
New type java.util.LinkedList<domain.Transaction>

[2025-09-28 12:58:31 #11 type] 
Type domain.Ride is not enhanced.

[2025-09-28 12:58:31 #12 type.registry] 
New type domain.Erreklamazioa

[2025-09-28 12:58:31 #13 type.registry] 
New type java.util.LinkedList<domain.Erreklamazioa>

[2025-09-28 12:58:31 #14 type.registry] 
New type domain.Balorazioa

[2025-09-28 12:58:31 #15 type.registry] 
New type java.util.LinkedList<domain.Balorazioa>

[2025-09-28 12:58:31 #16 type] 
Type domain.Kotxea is not enhanced.

[2025-09-28 12:58:31 #17 type] 
Type domain.Transaction is not enhanced.

[2025-09-28 12:58:31 #18 type] 
Type domain.Erreklamazioa is not enhanced.

[2025-09-28 12:58:31 #19 type.registry] 
New type domain.Erreserba

[2025-09-28 12:58:31 #20 type] 
Type domain.Balorazioa is not enhanced.

[2025-09-28 12:58:31 #21 type] 
Type domain.Erreserba is not enhanced.

[2025-09-28 12:58:31 #22 type.registry] 
New type domain.Traveler

[2025-09-28 12:58:31 #23 type] 
Type domain.Traveler is not enhanced.

[2025-09-28 12:58:31 #24 type.registry] 
New type java.util.LinkedList<java.lang.Object>

[2025-09-28 12:58:31 #25 type.registry] 
New type java.util.Vector<java.lang.Object>

[2025-09-28 12:58:31 #26 type.registry] 
New type java.util.Vector<domain.Ride>

------------------------------------------------------------------------------------------------------------------------

[2025-09-28 12:58:49 #1 store] 
Database 'C:\Users\fouzi\eclipse-workspace\Rides25\src\main\resources\rides.temp' is opened by 10464@fouzirbilal

[2025-09-28 12:58:50 #2 store] 
Database 'C:\Users\fouzi\eclipse-workspace\Rides25\src\main\resources\rides.temp' is closed by 10464@fouzirbilal

[2025-09-28 12:58:50 #3 store] 
Database 'C:\Users\fouzi\eclipse-workspace\Rides25\src\main\resources\rides.temp' is opened by 10464@fouzirbilal

[2025-09-28 12:58:50 #4 store] 
Database 'C:\Users\fouzi\eclipse-workspace\Rides25\src\main\resources\rides.temp' is closed by 10464@fouzirbilal

[2025-09-28 12:58:50 #5 store] 
Database 'C:\Users\fouzi\eclipse-workspace\Rides25\src\main\resources\rides.temp' is opened by 10464@fouzirbilal

[2025-09-28 12:58:50 #6 type.registry] 
New type domain.Driver

[2025-09-28 12:58:50 #7 type] 
Type domain.Driver is not enhanced.

[2025-09-28 12:58:51 #8 type.registry] 
New type domain.Ride

[2025-09-28 12:58:51 #9 type.registry] 
New type domain.Kotxea

[2025-09-28 12:58:51 #10 type.registry] 
New type java.util.LinkedList<domain.Kotxea>

[2025-09-28 12:58:51 #11 type.registry] 
New type domain.Transaction

[2025-09-28 12:58:51 #12 type.registry] 
New type java.util.LinkedList<domain.Transaction>

[2025-09-28 12:58:51 #13 type] 
Type domain.Ride is not enhanced.

[2025-09-28 12:58:51 #14 type.registry] 
New type domain.Erreklamazioa

[2025-09-28 12:58:51 #15 type.registry] 
New type java.util.LinkedList<domain.Erreklamazioa>

[2025-09-28 12:58:51 #16 type.registry] 
New type domain.Balorazioa

[2025-09-28 12:58:51 #17 type.registry] 
New type java.util.LinkedList<domain.Balorazioa>

[2025-09-28 12:58:51 #18 type] 
Type domain.Kotxea is not enhanced.

[2025-09-28 12:58:51 #19 type] 
Type domain.Transaction is not enhanced.

[2025-09-28 12:58:51 #20 type] 
Type domain.Erreklamazioa is not enhanced.

[2025-09-28 12:58:51 #21 type.registry] 
New type domain.Erreserba

[2025-09-28 12:58:51 #22 type] 
Type domain.Balorazioa is not enhanced.

[2025-09-28 12:58:51 #23 type] 
Type domain.Erreserba is not enhanced.

[2025-09-28 12:58:51 #24 type.registry] 
New type domain.Traveler

[2025-09-28 12:58:51 #25 type] 
Type domain.Traveler is not enhanced.

[2025-09-28 12:58:51 #26 type.registry] 
New type java.util.LinkedList<java.lang.Object>

[2025-09-28 12:58:51 #27 type.registry] 
New type java.util.Vector<java.lang.Object>

[2025-09-28 12:58:51 #28 type.registry] 
New type java.util.Vector<domain.Ride>

------------------------------------------------------------------------------------------------------------------------

[2025-09-28 13:51:22 #1 store] 
Database 'C:\Users\fouzi\eclipse-workspace\Rides25\src\main\resources\rides.temp' is opened by 23956@fouzirbilal

[2025-09-28 13:51:23 #2 store] 
Database 'C:\Users\fouzi\eclipse-workspace\Rides25\src\main\resources\rides.temp' is closed by 23956@fouzirbilal

[2025-09-28 13:51:23 #3 store] 
Database 'C:\Users\fouzi\eclipse-workspace\Rides25\src\main\resources\rides.temp' is opened by 23956@fouzirbilal

[2025-09-28 13:51:24 #4 type.registry] 
New type domain.Alerta

[2025-09-28 13:51:24 #5 type] 
Type domain.Alerta is not enhanced.

[2025-09-28 13:51:24 #6 type.registry] 
New type domain.Ride

[2025-09-28 13:51:24 #7 type] 
Type domain.Ride is not enhanced.

[2025-09-28 13:51:24 #8 type.registry] 
New type domain.Erreklamazioa

[2025-09-28 13:51:24 #9 type.registry] 
New type java.util.LinkedList<domain.Erreklamazioa>

[2025-09-28 13:51:24 #10 type.registry] 
New type domain.Balorazioa

[2025-09-28 13:51:24 #11 type.registry] 
New type java.util.LinkedList<domain.Balorazioa>

[2025-09-28 13:51:24 #12 type.registry] 
New type domain.Kotxea

[2025-09-28 13:51:24 #13 type.registry] 
New type domain.Driver

[2025-09-28 13:51:24 #14 type] 
Type domain.Erreklamazioa is not enhanced.

[2025-09-28 13:51:24 #15 type.registry] 
New type domain.Erreserba

[2025-09-28 13:51:24 #16 type] 
Type domain.Balorazioa is not enhanced.

[2025-09-28 13:51:24 #17 type] 
Type domain.Kotxea is not enhanced.

[2025-09-28 13:51:24 #18 type] 
Type domain.Driver is not enhanced.

[2025-09-28 13:51:24 #19 type.registry] 
New type java.util.LinkedList<domain.Kotxea>

[2025-09-28 13:51:24 #20 type.registry] 
New type domain.Transaction

[2025-09-28 13:51:24 #21 type.registry] 
New type java.util.LinkedList<domain.Transaction>

[2025-09-28 13:51:24 #22 type] 
Type domain.Erreserba is not enhanced.

[2025-09-28 13:51:24 #23 type.registry] 
New type domain.Traveler

[2025-09-28 13:51:24 #24 type] 
Type domain.Transaction is not enhanced.

[2025-09-28 13:51:24 #25 type] 
Type domain.Traveler is not enhanced.

[2025-09-28 13:51:25 #26 type.registry] 
New type java.util.LinkedList<java.lang.Object>

[2025-09-28 13:51:25 #27 type.registry] 
New type java.util.Vector<java.lang.Object>

[2025-09-28 13:51:25 #28 type.registry] 
New type java.util.Vector<domain.Erreserba>

------------------------------------------------------------------------------------------------------------------------

[2025-09-28 16:25:11 #1 store] 
Database 'C:\Users\fouzi\eclipse-workspace\Rides25\src\main\resources\rides.temp' is opened by 16828@fouzirbilal

[2025-09-28 16:25:11 #2 store] 
Database 'C:\Users\fouzi\eclipse-workspace\Rides25\src\main\resources\rides.temp' is closed by 16828@fouzirbilal

[2025-09-28 16:25:11 #3 store] 
Database 'C:\Users\fouzi\eclipse-workspace\Rides25\src\main\resources\rides.temp' is opened by 16828@fouzirbilal

[2025-09-28 16:25:12 #4 type.registry] 
New type domain.Driver

[2025-09-28 16:25:12 #5 type] 
Type domain.Driver is not enhanced.

[2025-09-28 16:25:12 #6 type.registry] 
New type domain.Ride

[2025-09-28 16:25:12 #7 type.registry] 
New type domain.Kotxea

[2025-09-28 16:25:12 #8 type.registry] 
New type java.util.LinkedList<domain.Kotxea>

[2025-09-28 16:25:12 #9 type.registry] 
New type domain.Transaction

[2025-09-28 16:25:12 #10 type.registry] 
New type java.util.LinkedList<domain.Transaction>

[2025-09-28 16:25:12 #11 type] 
Type domain.Ride is not enhanced.

[2025-09-28 16:25:12 #12 type.registry] 
New type domain.Erreklamazioa

[2025-09-28 16:25:12 #13 type.registry] 
New type java.util.LinkedList<domain.Erreklamazioa>

[2025-09-28 16:25:12 #14 type.registry] 
New type domain.Balorazioa

[2025-09-28 16:25:12 #15 type.registry] 
New type java.util.LinkedList<domain.Balorazioa>

[2025-09-28 16:25:12 #16 type] 
Type domain.Kotxea is not enhanced.

[2025-09-28 16:25:12 #17 type] 
Type domain.Transaction is not enhanced.

[2025-09-28 16:25:12 #18 type] 
Type domain.Erreklamazioa is not enhanced.

[2025-09-28 16:25:12 #19 type.registry] 
New type domain.Erreserba

[2025-09-28 16:25:12 #20 type] 
Type domain.Balorazioa is not enhanced.

[2025-09-28 16:25:12 #21 type] 
Type domain.Erreserba is not enhanced.

[2025-09-28 16:25:12 #22 type.registry] 
New type domain.Traveler

[2025-09-28 16:25:12 #23 type] 
Type domain.Traveler is not enhanced.

[2025-09-28 16:25:12 #24 type.registry] 
New type java.util.LinkedList<java.lang.Object>

[2025-09-28 16:25:12 #25 type.registry] 
New type java.util.Vector<java.lang.Object>

[2025-09-28 16:25:12 #26 type.registry] 
New type java.util.Vector<domain.Ride>

------------------------------------------------------------------------------------------------------------------------

[2025-09-28 16:27:24 #1 store] 
Database 'C:\Users\fouzi\eclipse-workspace\Rides25\src\main\resources\rides.temp' is opened by 27012@fouzirbilal

[2025-09-28 16:27:24 #2 store] 
Database 'C:\Users\fouzi\eclipse-workspace\Rides25\src\main\resources\rides.temp' is closed by 27012@fouzirbilal

[2025-09-28 16:27:24 #3 store] 
Database 'C:\Users\fouzi\eclipse-workspace\Rides25\src\main\resources\rides.temp' is opened by 27012@fouzirbilal

[2025-09-28 16:27:25 #4 type.registry] 
New type domain.Driver

[2025-09-28 16:27:25 #5 type] 
Type domain.Driver is not enhanced.

[2025-09-28 16:27:25 #6 type.registry] 
New type domain.Ride

[2025-09-28 16:27:25 #7 type.registry] 
New type domain.Kotxea

[2025-09-28 16:27:25 #8 type.registry] 
New type java.util.LinkedList<domain.Kotxea>

[2025-09-28 16:27:25 #9 type.registry] 
New type domain.Transaction

[2025-09-28 16:27:25 #10 type.registry] 
New type java.util.LinkedList<domain.Transaction>

[2025-09-28 16:27:25 #11 type] 
Type domain.Ride is not enhanced.

[2025-09-28 16:27:25 #12 type.registry] 
New type domain.Erreklamazioa

[2025-09-28 16:27:25 #13 type.registry] 
New type java.util.LinkedList<domain.Erreklamazioa>

[2025-09-28 16:27:25 #14 type.registry] 
New type domain.Balorazioa

[2025-09-28 16:27:25 #15 type.registry] 
New type java.util.LinkedList<domain.Balorazioa>

[2025-09-28 16:27:25 #16 type] 
Type domain.Kotxea is not enhanced.

[2025-09-28 16:27:25 #17 type] 
Type domain.Transaction is not enhanced.

[2025-09-28 16:27:25 #18 type] 
Type domain.Erreklamazioa is not enhanced.

[2025-09-28 16:27:25 #19 type.registry] 
New type domain.Erreserba

[2025-09-28 16:27:25 #20 type] 
Type domain.Balorazioa is not enhanced.

[2025-09-28 16:27:25 #21 type] 
Type domain.Erreserba is not enhanced.

[2025-09-28 16:27:25 #22 type.registry] 
New type domain.Traveler

[2025-09-28 16:27:25 #23 type] 
Type domain.Traveler is not enhanced.

[2025-09-28 16:27:25 #24 type.registry] 
New type java.util.LinkedList<java.lang.Object>

[2025-09-28 16:27:25 #25 type.registry] 
New type java.util.Vector<java.lang.Object>

[2025-09-28 16:27:25 #26 type.registry] 
New type java.util.Vector<domain.Ride>

------------------------------------------------------------------------------------------------------------------------

[2025-09-28 16:32:04 #1 store] 
Database 'C:\Users\fouzi\eclipse-workspace\Rides25\src\main\resources\rides.temp' is opened by 22332@fouzirbilal

[2025-09-28 16:32:05 #2 store] 
Database 'C:\Users\fouzi\eclipse-workspace\Rides25\src\main\resources\rides.temp' is closed by 22332@fouzirbilal

[2025-09-28 16:32:05 #3 store] 
Database 'C:\Users\fouzi\eclipse-workspace\Rides25\src\main\resources\rides.temp' is opened by 22332@fouzirbilal

[2025-09-28 16:32:05 #4 type.registry] 
New type domain.Driver

[2025-09-28 16:32:05 #5 type] 
Type domain.Driver is not enhanced.

[2025-09-28 16:32:05 #6 type.registry] 
New type domain.Ride

[2025-09-28 16:32:05 #7 type.registry] 
New type domain.Kotxea

[2025-09-28 16:32:05 #8 type.registry] 
New type java.util.LinkedList<domain.Kotxea>

[2025-09-28 16:32:05 #9 type.registry] 
New type domain.Transaction

[2025-09-28 16:32:05 #10 type.registry] 
New type java.util.LinkedList<domain.Transaction>

[2025-09-28 16:32:05 #11 type] 
Type domain.Ride is not enhanced.

[2025-09-28 16:32:05 #12 type.registry] 
New type domain.Erreklamazioa

[2025-09-28 16:32:05 #13 type.registry] 
New type java.util.LinkedList<domain.Erreklamazioa>

[2025-09-28 16:32:05 #14 type.registry] 
New type domain.Balorazioa

[2025-09-28 16:32:05 #15 type.registry] 
New type java.util.LinkedList<domain.Balorazioa>

[2025-09-28 16:32:05 #16 type] 
Type domain.Kotxea is not enhanced.

[2025-09-28 16:32:05 #17 type] 
Type domain.Transaction is not enhanced.

[2025-09-28 16:32:05 #18 type] 
Type domain.Erreklamazioa is not enhanced.

[2025-09-28 16:32:05 #19 type.registry] 
New type domain.Erreserba

[2025-09-28 16:32:05 #20 type] 
Type domain.Balorazioa is not enhanced.

[2025-09-28 16:32:05 #21 type] 
Type domain.Erreserba is not enhanced.

[2025-09-28 16:32:05 #22 type.registry] 
New type domain.Traveler

[2025-09-28 16:32:05 #23 type] 
Type domain.Traveler is not enhanced.

[2025-09-28 16:32:05 #24 type.registry] 
New type java.util.LinkedList<java.lang.Object>

[2025-09-28 16:32:05 #25 type.registry] 
New type java.util.Vector<java.lang.Object>

[2025-09-28 16:32:05 #26 type.registry] 
New type java.util.Vector<domain.Ride>

------------------------------------------------------------------------------------------------------------------------

[2025-09-28 16:32:14 #1 store] 
Database 'C:\Users\fouzi\eclipse-workspace\Rides25\src\main\resources\rides.temp' is opened by 20832@fouzirbilal

[2025-09-28 16:32:14 #2 store] 
Database 'C:\Users\fouzi\eclipse-workspace\Rides25\src\main\resources\rides.temp' is closed by 20832@fouzirbilal

[2025-09-28 16:32:15 #3 store] 
Database 'C:\Users\fouzi\eclipse-workspace\Rides25\src\main\resources\rides.temp' is opened by 20832@fouzirbilal

[2025-09-28 16:32:15 #4 type.registry] 
New type domain.Driver

[2025-09-28 16:32:15 #5 type] 
Type domain.Driver is not enhanced.

[2025-09-28 16:32:15 #6 type.registry] 
New type domain.Ride

[2025-09-28 16:32:15 #7 type.registry] 
New type domain.Kotxea

[2025-09-28 16:32:15 #8 type.registry] 
New type java.util.LinkedList<domain.Kotxea>

[2025-09-28 16:32:15 #9 type.registry] 
New type domain.Transaction

[2025-09-28 16:32:15 #10 type.registry] 
New type java.util.LinkedList<domain.Transaction>

[2025-09-28 16:32:15 #11 type] 
Type domain.Ride is not enhanced.

[2025-09-28 16:32:15 #12 type.registry] 
New type domain.Erreklamazioa

[2025-09-28 16:32:15 #13 type.registry] 
New type java.util.LinkedList<domain.Erreklamazioa>

[2025-09-28 16:32:15 #14 type.registry] 
New type domain.Balorazioa

[2025-09-28 16:32:15 #15 type.registry] 
New type java.util.LinkedList<domain.Balorazioa>

[2025-09-28 16:32:15 #16 type] 
Type domain.Kotxea is not enhanced.

[2025-09-28 16:32:15 #17 type] 
Type domain.Transaction is not enhanced.

[2025-09-28 16:32:15 #18 type] 
Type domain.Erreklamazioa is not enhanced.

[2025-09-28 16:32:15 #19 type.registry] 
New type domain.Erreserba

[2025-09-28 16:32:15 #20 type] 
Type domain.Balorazioa is not enhanced.

[2025-09-28 16:32:15 #21 type] 
Type domain.Erreserba is not enhanced.

[2025-09-28 16:32:15 #22 type.registry] 
New type domain.Traveler

[2025-09-28 16:32:15 #23 type] 
Type domain.Traveler is not enhanced.

[2025-09-28 16:32:15 #24 type.registry] 
New type java.util.LinkedList<java.lang.Object>

[2025-09-28 16:32:15 #25 type.registry] 
New type java.util.Vector<java.lang.Object>

[2025-09-28 16:32:15 #26 type.registry] 
New type java.util.Vector<domain.Ride>

------------------------------------------------------------------------------------------------------------------------

[2025-09-28 16:33:00 #1 store] 
Database 'C:\Users\fouzi\eclipse-workspace\Rides25\src\main\resources\rides.temp' is opened by 11124@fouzirbilal

[2025-09-28 16:33:01 #2 store] 
Database 'C:\Users\fouzi\eclipse-workspace\Rides25\src\main\resources\rides.temp' is closed by 11124@fouzirbilal

[2025-09-28 16:33:01 #3 store] 
Database 'C:\Users\fouzi\eclipse-workspace\Rides25\src\main\resources\rides.temp' is opened by 11124@fouzirbilal

[2025-09-28 16:33:01 #4 type.registry] 
New type domain.Driver

[2025-09-28 16:33:01 #5 type] 
Type domain.Driver is not enhanced.

[2025-09-28 16:33:01 #6 type.registry] 
New type domain.Ride

[2025-09-28 16:33:01 #7 type.registry] 
New type domain.Kotxea

[2025-09-28 16:33:02 #8 type.registry] 
New type java.util.LinkedList<domain.Kotxea>

[2025-09-28 16:33:02 #9 type.registry] 
New type domain.Transaction

[2025-09-28 16:33:02 #10 type.registry] 
New type java.util.LinkedList<domain.Transaction>

[2025-09-28 16:33:02 #11 type] 
Type domain.Ride is not enhanced.

[2025-09-28 16:33:02 #12 type.registry] 
New type domain.Erreklamazioa

[2025-09-28 16:33:02 #13 type.registry] 
New type java.util.LinkedList<domain.Erreklamazioa>

[2025-09-28 16:33:02 #14 type.registry] 
New type domain.Balorazioa

[2025-09-28 16:33:02 #15 type.registry] 
New type java.util.LinkedList<domain.Balorazioa>

[2025-09-28 16:33:02 #16 type] 
Type domain.Kotxea is not enhanced.

[2025-09-28 16:33:02 #17 type] 
Type domain.Transaction is not enhanced.

[2025-09-28 16:33:02 #18 type] 
Type domain.Erreklamazioa is not enhanced.

[2025-09-28 16:33:02 #19 type.registry] 
New type domain.Erreserba

[2025-09-28 16:33:02 #20 type] 
Type domain.Balorazioa is not enhanced.

[2025-09-28 16:33:02 #21 type] 
Type domain.Erreserba is not enhanced.

[2025-09-28 16:33:02 #22 type.registry] 
New type domain.Traveler

[2025-09-28 16:33:02 #23 type] 
Type domain.Traveler is not enhanced.

[2025-09-28 16:33:02 #24 type.registry] 
New type java.util.LinkedList<java.lang.Object>

[2025-09-28 16:33:02 #25 type.registry] 
New type java.util.Vector<java.lang.Object>

[2025-09-28 16:33:02 #26 type.registry] 
New type java.util.Vector<domain.Ride>

------------------------------------------------------------------------------------------------------------------------

[2025-09-28 16:33:21 #1 store] 
Database 'C:\Users\fouzi\eclipse-workspace\Rides25\src\main\resources\rides.temp' is opened by 24824@fouzirbilal

[2025-09-28 16:33:21 #2 store] 
Database 'C:\Users\fouzi\eclipse-workspace\Rides25\src\main\resources\rides.temp' is closed by 24824@fouzirbilal

[2025-09-28 16:33:21 #3 store] 
Database 'C:\Users\fouzi\eclipse-workspace\Rides25\src\main\resources\rides.temp' is opened by 24824@fouzirbilal

[2025-09-28 16:33:22 #4 type.registry] 
New type domain.Driver

[2025-09-28 16:33:22 #5 type] 
Type domain.Driver is not enhanced.

[2025-09-28 16:33:22 #6 type.registry] 
New type domain.Ride

[2025-09-28 16:33:22 #7 type.registry] 
New type domain.Kotxea

[2025-09-28 16:33:22 #8 type.registry] 
New type java.util.LinkedList<domain.Kotxea>

[2025-09-28 16:33:22 #9 type.registry] 
New type domain.Transaction

[2025-09-28 16:33:22 #10 type.registry] 
New type java.util.LinkedList<domain.Transaction>

[2025-09-28 16:33:22 #11 type] 
Type domain.Ride is not enhanced.

[2025-09-28 16:33:22 #12 type.registry] 
New type domain.Erreklamazioa

[2025-09-28 16:33:22 #13 type.registry] 
New type java.util.LinkedList<domain.Erreklamazioa>

[2025-09-28 16:33:22 #14 type.registry] 
New type domain.Balorazioa

[2025-09-28 16:33:22 #15 type.registry] 
New type java.util.LinkedList<domain.Balorazioa>

[2025-09-28 16:33:22 #16 type] 
Type domain.Kotxea is not enhanced.

[2025-09-28 16:33:22 #17 type] 
Type domain.Transaction is not enhanced.

[2025-09-28 16:33:22 #18 type] 
Type domain.Erreklamazioa is not enhanced.

[2025-09-28 16:33:22 #19 type.registry] 
New type domain.Erreserba

[2025-09-28 16:33:22 #20 type] 
Type domain.Balorazioa is not enhanced.

[2025-09-28 16:33:22 #21 type] 
Type domain.Erreserba is not enhanced.

[2025-09-28 16:33:22 #22 type.registry] 
New type domain.Traveler

[2025-09-28 16:33:22 #23 type] 
Type domain.Traveler is not enhanced.

[2025-09-28 16:33:22 #24 type.registry] 
New type java.util.LinkedList<java.lang.Object>

[2025-09-28 16:33:22 #25 type.registry] 
New type java.util.Vector<java.lang.Object>

[2025-09-28 16:33:22 #26 type.registry] 
New type java.util.Vector<domain.Ride>

------------------------------------------------------------------------------------------------------------------------

[2025-09-28 16:48:01 #1 store] 
Database 'C:\Users\fouzi\eclipse-workspace\Rides25\src\main\resources\rides.temp' is opened by 27176@fouzirbilal

[2025-09-28 16:48:02 #2 store] 
Database 'C:\Users\fouzi\eclipse-workspace\Rides25\src\main\resources\rides.temp' is closed by 27176@fouzirbilal

[2025-09-28 16:48:03 #3 store] 
Database 'C:\Users\fouzi\eclipse-workspace\Rides25\src\main\resources\rides.temp' is opened by 27176@fouzirbilal

[2025-09-28 16:48:03 #4 type.registry] 
New type domain.Traveler

[2025-09-28 16:48:03 #5 type] 
Type domain.Traveler is not enhanced.

[2025-09-28 16:48:03 #6 type.registry] 
New type domain.Erreserba

[2025-09-28 16:48:03 #7 type.registry] 
New type domain.Transaction

[2025-09-28 16:48:03 #8 type.registry] 
New type java.util.LinkedList<domain.Transaction>

[2025-09-28 16:48:03 #9 type] 
Type domain.Erreserba is not enhanced.

[2025-09-28 16:48:03 #10 type.registry] 
New type domain.Ride

[2025-09-28 16:48:03 #11 type] 
Type domain.Transaction is not enhanced.

[2025-09-28 16:48:03 #12 type] 
Type domain.Ride is not enhanced.

[2025-09-28 16:48:03 #13 type.registry] 
New type domain.Erreklamazioa

[2025-09-28 16:48:03 #14 type.registry] 
New type java.util.LinkedList<domain.Erreklamazioa>

[2025-09-28 16:48:03 #15 type.registry] 
New type domain.Balorazioa

[2025-09-28 16:48:03 #16 type.registry] 
New type java.util.LinkedList<domain.Balorazioa>

[2025-09-28 16:48:03 #17 type.registry] 
New type domain.Kotxea

[2025-09-28 16:48:03 #18 type.registry] 
New type domain.Driver

[2025-09-28 16:48:03 #19 type] 
Type domain.Erreklamazioa is not enhanced.

[2025-09-28 16:48:03 #20 type] 
Type domain.Balorazioa is not enhanced.

[2025-09-28 16:48:03 #21 type] 
Type domain.Kotxea is not enhanced.

[2025-09-28 16:48:03 #22 type] 
Type domain.Driver is not enhanced.

[2025-09-28 16:48:03 #23 type.registry] 
New type java.util.LinkedList<domain.Kotxea>

[2025-09-28 16:48:03 #24 type.registry] 
New type java.util.LinkedList<java.lang.Object>

[2025-09-28 16:48:03 #25 type.registry] 
New type java.util.Vector<java.lang.Object>

[2025-09-28 16:48:03 #26 type.registry] 
New type java.util.Vector<domain.Erreserba>

[2025-09-28 16:48:03 #27 type.registry] 
New type domain.Alerta

[2025-09-28 16:48:03 #28 type] 
Type domain.Alerta is not enhanced.

[2025-09-28 16:48:05 #29 type.registry] 
New type java.util.Vector<domain.Ride>

------------------------------------------------------------------------------------------------------------------------

[2025-09-28 16:52:57 #1 store] 
Database 'C:\Users\fouzi\eclipse-workspace\Rides25\src\main\resources\rides.temp' is opened by 25016@fouzirbilal

[2025-09-28 16:52:57 #2 store] 
Database 'C:\Users\fouzi\eclipse-workspace\Rides25\src\main\resources\rides.temp' is closed by 25016@fouzirbilal

[2025-09-28 16:52:57 #3 store] 
Database 'C:\Users\fouzi\eclipse-workspace\Rides25\src\main\resources\rides.temp' is opened by 25016@fouzirbilal

[2025-09-28 16:52:57 #4 type.registry] 
New type domain.Traveler

[2025-09-28 16:52:57 #5 type] 
Type domain.Traveler is not enhanced.

[2025-09-28 16:52:57 #6 type.registry] 
New type domain.Erreserba

[2025-09-28 16:52:57 #7 type.registry] 
New type domain.Transaction

[2025-09-28 16:52:57 #8 type.registry] 
New type java.util.LinkedList<domain.Transaction>

[2025-09-28 16:52:57 #9 type] 
Type domain.Erreserba is not enhanced.

[2025-09-28 16:52:57 #10 type.registry] 
New type domain.Ride

[2025-09-28 16:52:57 #11 type] 
Type domain.Transaction is not enhanced.

[2025-09-28 16:52:57 #12 type] 
Type domain.Ride is not enhanced.

[2025-09-28 16:52:57 #13 type.registry] 
New type domain.Erreklamazioa

[2025-09-28 16:52:57 #14 type.registry] 
New type java.util.LinkedList<domain.Erreklamazioa>

[2025-09-28 16:52:57 #15 type.registry] 
New type domain.Balorazioa

[2025-09-28 16:52:57 #16 type.registry] 
New type java.util.LinkedList<domain.Balorazioa>

[2025-09-28 16:52:57 #17 type.registry] 
New type domain.Kotxea

[2025-09-28 16:52:58 #18 type.registry] 
New type domain.Driver

[2025-09-28 16:52:58 #19 type] 
Type domain.Erreklamazioa is not enhanced.

[2025-09-28 16:52:58 #20 type] 
Type domain.Balorazioa is not enhanced.

[2025-09-28 16:52:58 #21 type] 
Type domain.Kotxea is not enhanced.

[2025-09-28 16:52:58 #22 type] 
Type domain.Driver is not enhanced.

[2025-09-28 16:52:58 #23 type.registry] 
New type java.util.LinkedList<domain.Kotxea>

[2025-09-28 16:52:58 #24 type.registry] 
New type java.util.LinkedList<java.lang.Object>

[2025-09-28 16:52:58 #25 type.registry] 
New type java.util.Vector<java.lang.Object>

[2025-09-28 16:52:58 #26 type.registry] 
New type java.util.Vector<domain.Erreserba>

[2025-09-28 16:52:58 #27 type.registry] 
New type domain.Alerta

[2025-09-28 16:52:58 #28 type] 
Type domain.Alerta is not enhanced.

[2025-09-28 16:52:59 #29 type.registry] 
New type java.util.Vector<domain.Ride>

------------------------------------------------------------------------------------------------------------------------

[2025-09-28 17:03:55 #1 store] 
Database 'C:\Users\fouzi\eclipse-workspace\Rides25\src\main\resources\rides.temp' is opened by 19908@fouzirbilal

[2025-09-28 17:03:56 #2 store] 
Database 'C:\Users\fouzi\eclipse-workspace\Rides25\src\main\resources\rides.temp' is closed by 19908@fouzirbilal

[2025-09-28 17:03:56 #3 store] 
Database 'C:\Users\fouzi\eclipse-workspace\Rides25\src\main\resources\rides.temp' is opened by 19908@fouzirbilal

[2025-09-28 17:03:56 #4 type.registry] 
New type domain.Traveler

[2025-09-28 17:03:56 #5 type] 
Type domain.Traveler is not enhanced.

[2025-09-28 17:03:56 #6 type.registry] 
New type domain.Erreserba

[2025-09-28 17:03:56 #7 type.registry] 
New type domain.Transaction

[2025-09-28 17:03:56 #8 type.registry] 
New type java.util.LinkedList<domain.Transaction>

[2025-09-28 17:03:56 #9 type] 
Type domain.Erreserba is not enhanced.

[2025-09-28 17:03:56 #10 type.registry] 
New type domain.Ride

[2025-09-28 17:03:56 #11 type] 
Type domain.Transaction is not enhanced.

[2025-09-28 17:03:56 #12 type] 
Type domain.Ride is not enhanced.

[2025-09-28 17:03:56 #13 type.registry] 
New type domain.Erreklamazioa

[2025-09-28 17:03:56 #14 type.registry] 
New type java.util.LinkedList<domain.Erreklamazioa>

[2025-09-28 17:03:56 #15 type.registry] 
New type domain.Balorazioa

[2025-09-28 17:03:56 #16 type.registry] 
New type java.util.LinkedList<domain.Balorazioa>

[2025-09-28 17:03:56 #17 type.registry] 
New type domain.Kotxea

[2025-09-28 17:03:56 #18 type.registry] 
New type domain.Driver

[2025-09-28 17:03:56 #19 type] 
Type domain.Erreklamazioa is not enhanced.

[2025-09-28 17:03:56 #20 type] 
Type domain.Balorazioa is not enhanced.

[2025-09-28 17:03:56 #21 type] 
Type domain.Kotxea is not enhanced.

[2025-09-28 17:03:56 #22 type] 
Type domain.Driver is not enhanced.

[2025-09-28 17:03:56 #23 type.registry] 
New type java.util.LinkedList<domain.Kotxea>

[2025-09-28 17:03:56 #24 type.registry] 
New type java.util.LinkedList<java.lang.Object>

[2025-09-28 17:03:56 #25 type.registry] 
New type java.util.Vector<java.lang.Object>

[2025-09-28 17:03:56 #26 type.registry] 
New type java.util.Vector<domain.Erreserba>

[2025-09-28 17:03:56 #27 type.registry] 
New type domain.Alerta

[2025-09-28 17:03:56 #28 type] 
Type domain.Alerta is not enhanced.

[2025-09-28 17:03:57 #29 type.registry] 
New type java.util.Vector<domain.Ride>

------------------------------------------------------------------------------------------------------------------------

[2025-09-28 17:11:12 #1 store] 
Database 'C:\Users\fouzi\eclipse-workspace\Rides25\src\main\resources\rides.temp' is opened by 14624@fouzirbilal

[2025-09-28 17:11:12 #2 store] 
Database 'C:\Users\fouzi\eclipse-workspace\Rides25\src\main\resources\rides.temp' is closed by 14624@fouzirbilal

[2025-09-28 17:11:12 #3 store] 
Database 'C:\Users\fouzi\eclipse-workspace\Rides25\src\main\resources\rides.temp' is opened by 14624@fouzirbilal

[2025-09-28 17:11:12 #4 type.registry] 
New type domain.Traveler

[2025-09-28 17:11:12 #5 type] 
Type domain.Traveler is not enhanced.

[2025-09-28 17:11:12 #6 type.registry] 
New type domain.Erreserba

[2025-09-28 17:11:12 #7 type.registry] 
New type domain.Transaction

[2025-09-28 17:11:12 #8 type.registry] 
New type java.util.LinkedList<domain.Transaction>

[2025-09-28 17:11:12 #9 type] 
Type domain.Erreserba is not enhanced.

[2025-09-28 17:11:12 #10 type.registry] 
New type domain.Ride

[2025-09-28 17:11:12 #11 type] 
Type domain.Transaction is not enhanced.

[2025-09-28 17:11:12 #12 type] 
Type domain.Ride is not enhanced.

[2025-09-28 17:11:12 #13 type.registry] 
New type domain.Erreklamazioa

[2025-09-28 17:11:12 #14 type.registry] 
New type java.util.LinkedList<domain.Erreklamazioa>

[2025-09-28 17:11:12 #15 type.registry] 
New type domain.Balorazioa

[2025-09-28 17:11:12 #16 type.registry] 
New type java.util.LinkedList<domain.Balorazioa>

[2025-09-28 17:11:12 #17 type.registry] 
New type domain.Kotxea

[2025-09-28 17:11:12 #18 type.registry] 
New type domain.Driver

[2025-09-28 17:11:12 #19 type] 
Type domain.Erreklamazioa is not enhanced.

[2025-09-28 17:11:12 #20 type] 
Type domain.Balorazioa is not enhanced.

[2025-09-28 17:11:12 #21 type] 
Type domain.Kotxea is not enhanced.

[2025-09-28 17:11:12 #22 type] 
Type domain.Driver is not enhanced.

[2025-09-28 17:11:12 #23 type.registry] 
New type java.util.LinkedList<domain.Kotxea>

[2025-09-28 17:11:12 #24 type.registry] 
New type java.util.LinkedList<java.lang.Object>

[2025-09-28 17:11:12 #25 type.registry] 
New type java.util.Vector<java.lang.Object>

[2025-09-28 17:11:12 #26 type.registry] 
New type java.util.Vector<domain.Erreserba>

[2025-09-28 17:11:12 #27 type.registry] 
New type domain.Alerta

[2025-09-28 17:11:12 #28 type] 
Type domain.Alerta is not enhanced.

[2025-09-28 17:11:13 #29 type.registry] 
New type java.util.Vector<domain.Ride>

------------------------------------------------------------------------------------------------------------------------

[2025-09-28 17:13:15 #1 store] 
Database 'C:\Users\fouzi\eclipse-workspace\Rides25\src\main\resources\rides.temp' is opened by 22588@fouzirbilal

[2025-09-28 17:13:15 #2 store] 
Database 'C:\Users\fouzi\eclipse-workspace\Rides25\src\main\resources\rides.temp' is closed by 22588@fouzirbilal

[2025-09-28 17:13:15 #3 store] 
Database 'C:\Users\fouzi\eclipse-workspace\Rides25\src\main\resources\rides.temp' is opened by 22588@fouzirbilal

[2025-09-28 17:13:15 #4 store] 
Database 'C:\Users\fouzi\eclipse-workspace\Rides25\src\main\resources\rides.temp' is closed by 22588@fouzirbilal

[2025-09-28 17:13:16 #5 store] 
Database 'C:\Users\fouzi\eclipse-workspace\Rides25\src\main\resources\rides.temp' is opened by 22588@fouzirbilal

[2025-09-28 17:13:16 #6 type.registry] 
New type domain.Alerta

[2025-09-28 17:13:16 #7 type] 
Type domain.Alerta is not enhanced.

[2025-09-28 17:13:16 #8 type.registry] 
New type domain.Ride

[2025-09-28 17:13:16 #9 type] 
Type domain.Ride is not enhanced.

[2025-09-28 17:13:16 #10 type.registry] 
New type domain.Erreklamazioa

[2025-09-28 17:13:16 #11 type.registry] 
New type java.util.LinkedList<domain.Erreklamazioa>

[2025-09-28 17:13:16 #12 type.registry] 
New type domain.Balorazioa

[2025-09-28 17:13:16 #13 type.registry] 
New type java.util.LinkedList<domain.Balorazioa>

[2025-09-28 17:13:16 #14 type.registry] 
New type domain.Kotxea

[2025-09-28 17:13:16 #15 type.registry] 
New type domain.Driver

[2025-09-28 17:13:16 #16 type] 
Type domain.Erreklamazioa is not enhanced.

[2025-09-28 17:13:16 #17 type.registry] 
New type domain.Erreserba

[2025-09-28 17:13:16 #18 type] 
Type domain.Balorazioa is not enhanced.

[2025-09-28 17:13:16 #19 type] 
Type domain.Kotxea is not enhanced.

[2025-09-28 17:13:16 #20 type] 
Type domain.Driver is not enhanced.

[2025-09-28 17:13:16 #21 type.registry] 
New type java.util.LinkedList<domain.Kotxea>

[2025-09-28 17:13:16 #22 type.registry] 
New type domain.Transaction

[2025-09-28 17:13:16 #23 type.registry] 
New type java.util.LinkedList<domain.Transaction>

[2025-09-28 17:13:16 #24 type] 
Type domain.Erreserba is not enhanced.

[2025-09-28 17:13:16 #25 type.registry] 
New type domain.Traveler

[2025-09-28 17:13:16 #26 type] 
Type domain.Transaction is not enhanced.

[2025-09-28 17:13:16 #27 type] 
Type domain.Traveler is not enhanced.

[2025-09-28 17:13:16 #28 store] 
Database 'C:\Users\fouzi\eclipse-workspace\Rides25\src\main\resources\rides.temp' is closed by 22588@fouzirbilal

[2025-09-28 17:13:24 #29 store] 
Database 'C:\Users\fouzi\eclipse-workspace\Rides25\src\main\resources\rides.temp' is opened by 22588@fouzirbilal

[2025-09-28 17:13:24 #30 store] 
Database 'C:\Users\fouzi\eclipse-workspace\Rides25\src\main\resources\rides.temp' is closed by 22588@fouzirbilal

[2025-09-28 17:13:31 #31 store] 
Database 'C:\Users\fouzi\eclipse-workspace\Rides25\src\main\resources\rides.temp' is opened by 22588@fouzirbilal

[2025-09-28 17:13:31 #32 type.registry] 
New type domain.Driver

[2025-09-28 17:13:31 #33 type.registry] 
New type domain.Ride

[2025-09-28 17:13:31 #34 type.registry] 
New type domain.Kotxea

[2025-09-28 17:13:31 #35 type.registry] 
New type java.util.LinkedList<domain.Kotxea>

[2025-09-28 17:13:31 #36 type.registry] 
New type domain.Transaction

[2025-09-28 17:13:31 #37 type.registry] 
New type java.util.LinkedList<domain.Transaction>

[2025-09-28 17:13:31 #38 type.registry] 
New type domain.Erreklamazioa

[2025-09-28 17:13:31 #39 type.registry] 
New type java.util.LinkedList<domain.Erreklamazioa>

[2025-09-28 17:13:31 #40 type.registry] 
New type domain.Balorazioa

[2025-09-28 17:13:31 #41 type.registry] 
New type java.util.LinkedList<domain.Balorazioa>

[2025-09-28 17:13:31 #42 type.registry] 
New type domain.Erreserba

[2025-09-28 17:13:31 #43 type.registry] 
New type domain.Traveler

[2025-09-28 17:13:31 #44 store] 
Database 'C:\Users\fouzi\eclipse-workspace\Rides25\src\main\resources\rides.temp' is closed by 22588@fouzirbilal

[2025-09-28 17:13:31 #45 store] 
Database 'C:\Users\fouzi\eclipse-workspace\Rides25\src\main\resources\rides.temp' is opened by 22588@fouzirbilal

[2025-09-28 17:13:31 #46 type.registry] 
New type java.util.LinkedList<java.lang.Object>

[2025-09-28 17:13:31 #47 type.registry] 
New type java.util.Vector<java.lang.Object>

[2025-09-28 17:13:31 #48 type.registry] 
New type java.util.Vector<domain.Ride>

[2025-09-28 17:13:31 #49 store] 
Database 'C:\Users\fouzi\eclipse-workspace\Rides25\src\main\resources\rides.temp' is closed by 22588@fouzirbilal

[2025-09-28 17:13:32 #50 store] 
Database 'C:\Users\fouzi\eclipse-workspace\Rides25\src\main\resources\rides.temp' is opened by 22588@fouzirbilal

[2025-09-28 17:13:32 #51 type.registry] 
New type domain.Alerta

[2025-09-28 17:13:32 #52 store] 
Database 'C:\Users\fouzi\eclipse-workspace\Rides25\src\main\resources\rides.temp' is closed by 22588@fouzirbilal

[2025-09-28 17:13:39 #53 store] 
Database 'C:\Users\fouzi\eclipse-workspace\Rides25\src\main\resources\rides.temp' is opened by 22588@fouzirbilal

[2025-09-28 17:13:39 #54 store] 
Database 'C:\Users\fouzi\eclipse-workspace\Rides25\src\main\resources\rides.temp' is closed by 22588@fouzirbilal

[2025-09-28 17:13:40 #55 store] 
Database 'C:\Users\fouzi\eclipse-workspace\Rides25\src\main\resources\rides.temp' is opened by 22588@fouzirbilal

[2025-09-28 17:13:40 #56 store] 
Database 'C:\Users\fouzi\eclipse-workspace\Rides25\src\main\resources\rides.temp' is closed by 22588@fouzirbilal

[2025-09-28 17:13:42 #57 store] 
Database 'C:\Users\fouzi\eclipse-workspace\Rides25\src\main\resources\rides.temp' is opened by 22588@fouzirbilal

------------------------------------------------------------------------------------------------------------------------

[2025-09-28 17:16:39 #1 store] 
Database 'C:\Users\fouzi\eclipse-workspace\Rides25\src\main\resources\rides.temp' is opened by 23220@fouzirbilal

[2025-09-28 17:16:39 #2 store] 
Database 'C:\Users\fouzi\eclipse-workspace\Rides25\src\main\resources\rides.temp' is closed by 23220@fouzirbilal

[2025-09-28 17:16:39 #3 store] 
Database 'C:\Users\fouzi\eclipse-workspace\Rides25\src\main\resources\rides.temp' is opened by 23220@fouzirbilal

[2025-09-28 17:16:39 #4 store] 
Database 'C:\Users\fouzi\eclipse-workspace\Rides25\src\main\resources\rides.temp' is closed by 23220@fouzirbilal

[2025-09-28 17:16:39 #5 store] 
Database 'C:\Users\fouzi\eclipse-workspace\Rides25\src\main\resources\rides.temp' is opened by 23220@fouzirbilal

[2025-09-28 17:16:39 #6 type.registry] 
New type domain.Alerta

[2025-09-28 17:16:39 #7 type] 
Type domain.Alerta is not enhanced.

[2025-09-28 17:16:40 #8 type.registry] 
New type domain.Ride

[2025-09-28 17:16:40 #9 type] 
Type domain.Ride is not enhanced.

[2025-09-28 17:16:40 #10 type.registry] 
New type domain.Erreklamazioa

[2025-09-28 17:16:40 #11 type.registry] 
New type java.util.LinkedList<domain.Erreklamazioa>

[2025-09-28 17:16:40 #12 type.registry] 
New type domain.Balorazioa

[2025-09-28 17:16:40 #13 type.registry] 
New type java.util.LinkedList<domain.Balorazioa>

[2025-09-28 17:16:40 #14 type.registry] 
New type domain.Kotxea

[2025-09-28 17:16:40 #15 type.registry] 
New type domain.Driver

[2025-09-28 17:16:40 #16 type] 
Type domain.Erreklamazioa is not enhanced.

[2025-09-28 17:16:40 #17 type.registry] 
New type domain.Erreserba

[2025-09-28 17:16:40 #18 type] 
Type domain.Balorazioa is not enhanced.

[2025-09-28 17:16:40 #19 type] 
Type domain.Kotxea is not enhanced.

[2025-09-28 17:16:40 #20 type] 
Type domain.Driver is not enhanced.

[2025-09-28 17:16:40 #21 type.registry] 
New type java.util.LinkedList<domain.Kotxea>

[2025-09-28 17:16:40 #22 type.registry] 
New type domain.Transaction

[2025-09-28 17:16:40 #23 type.registry] 
New type java.util.LinkedList<domain.Transaction>

[2025-09-28 17:16:40 #24 type] 
Type domain.Erreserba is not enhanced.

[2025-09-28 17:16:40 #25 type.registry] 
New type domain.Traveler

[2025-09-28 17:16:40 #26 type] 
Type domain.Transaction is not enhanced.

[2025-09-28 17:16:40 #27 type] 
Type domain.Traveler is not enhanced.

[2025-09-28 17:16:40 #28 store] 
Database 'C:\Users\fouzi\eclipse-workspace\Rides25\src\main\resources\rides.temp' is closed by 23220@fouzirbilal

[2025-09-28 17:16:47 #29 store] 
Database 'C:\Users\fouzi\eclipse-workspace\Rides25\src\main\resources\rides.temp' is opened by 23220@fouzirbilal

[2025-09-28 17:16:47 #30 store] 
Database 'C:\Users\fouzi\eclipse-workspace\Rides25\src\main\resources\rides.temp' is closed by 23220@fouzirbilal

[2025-09-28 17:16:56 #31 store] 
Database 'C:\Users\fouzi\eclipse-workspace\Rides25\src\main\resources\rides.temp' is opened by 23220@fouzirbilal

[2025-09-28 17:16:56 #32 store] 
Database 'C:\Users\fouzi\eclipse-workspace\Rides25\src\main\resources\rides.temp' is closed by 23220@fouzirbilal

[2025-09-28 17:16:56 #33 store] 
Database 'C:\Users\fouzi\eclipse-workspace\Rides25\src\main\resources\rides.temp' is opened by 23220@fouzirbilal

[2025-09-28 17:16:56 #34 type.registry] 
New type java.util.LinkedList<java.lang.Object>

[2025-09-28 17:16:56 #35 type.registry] 
New type java.util.Vector<java.lang.Object>

[2025-09-28 17:16:56 #36 type.registry] 
New type java.util.Vector<domain.Ride>

[2025-09-28 17:16:56 #37 store] 
Database 'C:\Users\fouzi\eclipse-workspace\Rides25\src\main\resources\rides.temp' is closed by 23220@fouzirbilal

[2025-09-28 17:16:58 #38 store] 
Database 'C:\Users\fouzi\eclipse-workspace\Rides25\src\main\resources\rides.temp' is opened by 23220@fouzirbilal

[2025-09-28 17:16:58 #39 store] 
Database 'C:\Users\fouzi\eclipse-workspace\Rides25\src\main\resources\rides.temp' is closed by 23220@fouzirbilal

[2025-09-28 17:17:12 #40 store] 
Database 'C:\Users\fouzi\eclipse-workspace\Rides25\src\main\resources\rides.temp' is opened by 23220@fouzirbilal

[2025-09-28 17:17:12 #41 store] 
Database 'C:\Users\fouzi\eclipse-workspace\Rides25\src\main\resources\rides.temp' is closed by 23220@fouzirbilal

[2025-09-28 17:17:12 #42 store] 
Database 'C:\Users\fouzi\eclipse-workspace\Rides25\src\main\resources\rides.temp' is opened by 23220@fouzirbilal

[2025-09-28 17:17:13 #43 store] 
Database 'C:\Users\fouzi\eclipse-workspace\Rides25\src\main\resources\rides.temp' is closed by 23220@fouzirbilal

[2025-09-28 17:17:15 #44 store] 
Database 'C:\Users\fouzi\eclipse-workspace\Rides25\src\main\resources\rides.temp' is opened by 23220@fouzirbilal

[2025-09-28 17:17:15 #45 store] 
Database 'C:\Users\fouzi\eclipse-workspace\Rides25\src\main\resources\rides.temp' is closed by 23220@fouzirbilal

[2025-09-28 17:17:39 #46 store] 
Database 'C:\Users\fouzi\eclipse-workspace\Rides25\src\main\resources\rides.temp' is opened by 23220@fouzirbilal

[2025-09-28 17:17:39 #47 store] 
Database 'C:\Users\fouzi\eclipse-workspace\Rides25\src\main\resources\rides.temp' is closed by 23220@fouzirbilal

[2025-09-28 17:17:47 #48 store] 
Database 'C:\Users\fouzi\eclipse-workspace\Rides25\src\main\resources\rides.temp' is opened by 23220@fouzirbilal

[2025-09-28 17:17:47 #49 store] 
Database 'C:\Users\fouzi\eclipse-workspace\Rides25\src\main\resources\rides.temp' is closed by 23220@fouzirbilal

[2025-09-28 17:17:47 #50 store] 
Database 'C:\Users\fouzi\eclipse-workspace\Rides25\src\main\resources\rides.temp' is opened by 23220@fouzirbilal

[2025-09-28 17:17:47 #51 store] 
Database 'C:\Users\fouzi\eclipse-workspace\Rides25\src\main\resources\rides.temp' is closed by 23220@fouzirbilal

[2025-09-28 17:17:50 #52 store] 
Database 'C:\Users\fouzi\eclipse-workspace\Rides25\src\main\resources\rides.temp' is opened by 23220@fouzirbilal

[2025-09-28 17:17:50 #53 store] 
Database 'C:\Users\fouzi\eclipse-workspace\Rides25\src\main\resources\rides.temp' is closed by 23220@fouzirbilal

[2025-09-28 17:18:08 #54 store] 
Database 'C:\Users\fouzi\eclipse-workspace\Rides25\src\main\resources\rides.temp' is opened by 23220@fouzirbilal

------------------------------------------------------------------------------------------------------------------------

[2025-09-28 17:20:41 #1 store] 
Database 'C:\Users\fouzi\eclipse-workspace\Rides25\src\main\resources\rides.temp' is opened by 16528@fouzirbilal

[2025-09-28 17:20:41 #2 type] 
Type domain.Alerta is not enhanced.

[2025-09-28 17:20:41 #3 type] 
Type domain.Ride is not enhanced.

[2025-09-28 17:20:41 #4 type] 
Type domain.Erreklamazioa is not enhanced.

[2025-09-28 17:20:41 #5 type] 
Type domain.Balorazioa is not enhanced.

[2025-09-28 17:20:41 #6 type] 
Type domain.Kotxea is not enhanced.

[2025-09-28 17:20:41 #7 type] 
Type domain.Driver is not enhanced.

[2025-09-28 17:20:41 #8 type] 
Type domain.Erreserba is not enhanced.

[2025-09-28 17:20:41 #9 type] 
Type domain.Transaction is not enhanced.

[2025-09-28 17:20:41 #10 type] 
Type domain.Traveler is not enhanced.

[2025-09-28 17:20:42 #11 store] 
Database 'C:\Users\fouzi\eclipse-workspace\Rides25\src\main\resources\rides.temp' is closed by 16528@fouzirbilal

[2025-09-28 17:20:42 #12 store] 
Database 'C:\Users\fouzi\eclipse-workspace\Rides25\src\main\resources\rides.temp' is opened by 16528@fouzirbilal

[2025-09-28 17:20:42 #13 type.registry] 
New type java.util.Vector<domain.Erreserba>

------------------------------------------------------------------------------------------------------------------------

[2025-09-28 17:27:04 #1 store] 
Database 'C:\Users\fouzi\eclipse-workspace\Rides25\src\main\resources\rides.temp' is opened by 2932@fouzirbilal

[2025-09-28 17:27:04 #2 type] 
Type domain.Alerta is not enhanced.

[2025-09-28 17:27:04 #3 type] 
Type domain.Ride is not enhanced.

[2025-09-28 17:27:04 #4 type] 
Type domain.Erreklamazioa is not enhanced.

[2025-09-28 17:27:04 #5 type] 
Type domain.Balorazioa is not enhanced.

[2025-09-28 17:27:04 #6 type] 
Type domain.Kotxea is not enhanced.

[2025-09-28 17:27:04 #7 type] 
Type domain.Driver is not enhanced.

[2025-09-28 17:27:04 #8 type] 
Type domain.Erreserba is not enhanced.

[2025-09-28 17:27:04 #9 type] 
Type domain.Transaction is not enhanced.

[2025-09-28 17:27:04 #10 type] 
Type domain.Traveler is not enhanced.

[2025-09-28 17:27:04 #11 store] 
Database 'C:\Users\fouzi\eclipse-workspace\Rides25\src\main\resources\rides.temp' is closed by 2932@fouzirbilal

[2025-09-28 17:27:04 #12 store] 
Database 'C:\Users\fouzi\eclipse-workspace\Rides25\src\main\resources\rides.temp' is opened by 2932@fouzirbilal

