------------------------------------------------------------------------------------------------------------------------

[2025-11-01 18:47:34 #1 store] 
Database 'C:\Users\fouzi\git\Rides25\src\main\resources\rides.temp' is opened by 13556@fouzirbilal

[2025-11-01 18:47:34 #2 store] 
Database 'C:\Users\fouzi\git\Rides25\src\main\resources\rides.temp' is closed by 13556@fouzirbilal

[2025-11-01 18:47:34 #3 store] 
Database 'C:\Users\fouzi\git\Rides25\src\main\resources\rides.temp' is opened by 13556@fouzirbilal

[2025-11-01 18:47:34 #4 store] 
Database 'C:\Users\fouzi\git\Rides25\src\main\resources\rides.temp' is closed by 13556@fouzirbilal

[2025-11-01 18:47:34 #5 store] 
Database 'C:\Users\fouzi\git\Rides25\src\main\resources\rides.temp' is opened by 13556@fouzirbilal

[2025-11-01 18:47:34 #6 type.registry] 
New type domain.Alerta

[2025-11-01 18:47:34 #7 type] 
Type domain.Alerta is not enhanced.

[2025-11-01 18:47:34 #8 type.registry] 
New type domain.Ride

[2025-11-01 18:47:34 #9 type] 
Type domain.Ride is not enhanced.

[2025-11-01 18:47:34 #10 type.registry] 
New type domain.Erreklamazioa

[2025-11-01 18:47:34 #11 type.registry] 
New type java.util.LinkedList<domain.Erreklamazioa>

[2025-11-01 18:47:34 #12 type.registry] 
New type domain.Balorazioa

[2025-11-01 18:47:34 #13 type.registry] 
New type java.util.LinkedList<domain.Balorazioa>

[2025-11-01 18:47:34 #14 type.registry] 
New type domain.Kotxea

[2025-11-01 18:47:34 #15 type.registry] 
New type domain.Driver

[2025-11-01 18:47:34 #16 type] 
Type domain.Erreklamazioa is not enhanced.

[2025-11-01 18:47:34 #17 type.registry] 
New type domain.Erreserba

[2025-11-01 18:47:34 #18 type] 
Type domain.Balorazioa is not enhanced.

[2025-11-01 18:47:34 #19 type] 
Type domain.Kotxea is not enhanced.

[2025-11-01 18:47:34 #20 type] 
Type domain.Driver is not enhanced.

[2025-11-01 18:47:34 #21 type.registry] 
New type java.util.LinkedList<domain.Kotxea>

[2025-11-01 18:47:34 #22 type.registry] 
New type domain.Transaction

[2025-11-01 18:47:34 #23 type.registry] 
New type java.util.LinkedList<domain.Transaction>

[2025-11-01 18:47:34 #24 type] 
Type domain.Erreserba is not enhanced.

[2025-11-01 18:47:34 #25 type.registry] 
New type domain.Traveler

[2025-11-01 18:47:34 #26 type] 
Type domain.Transaction is not enhanced.

[2025-11-01 18:47:34 #27 type] 
Type domain.Traveler is not enhanced.

[2025-11-01 18:47:34 #28 store] 
Database 'C:\Users\fouzi\git\Rides25\src\main\resources\rides.temp' is closed by 13556@fouzirbilal

------------------------------------------------------------------------------------------------------------------------

[2025-11-01 19:53:00 #1 store] 
Database 'C:\Users\fouzi\git\Rides25\src\main\resources\rides.temp' is opened by 34156@fouzirbilal

[2025-11-01 19:53:00 #2 store] 
Database 'C:\Users\fouzi\git\Rides25\src\main\resources\rides.temp' is closed by 34156@fouzirbilal

[2025-11-01 19:53:01 #3 store] 
Database 'C:\Users\fouzi\git\Rides25\src\main\resources\rides.temp' is opened by 34156@fouzirbilal

------------------------------------------------------------------------------------------------------------------------

[2025-11-01 19:53:38 #1 store] 
Database 'C:\Users\fouzi\git\Rides25\src\main\resources\rides.temp' is opened by 29308@fouzirbilal

[2025-11-01 19:53:38 #2 store] 
Database 'C:\Users\fouzi\git\Rides25\src\main\resources\rides.temp' is closed by 29308@fouzirbilal

[2025-11-01 19:53:38 #3 store] 
Database 'C:\Users\fouzi\git\Rides25\src\main\resources\rides.temp' is opened by 29308@fouzirbilal

------------------------------------------------------------------------------------------------------------------------

[2025-11-01 20:18:52 #1 store] 
Database 'C:\Users\fouzi\git\Rides25\src\main\resources\rides.temp' is opened by 7016@fouzirbilal

[2025-11-01 20:18:52 #2 store] 
Database 'C:\Users\fouzi\git\Rides25\src\main\resources\rides.temp' is closed by 7016@fouzirbilal

[2025-11-01 20:18:52 #3 store] 
Database 'C:\Users\fouzi\git\Rides25\src\main\resources\rides.temp' is opened by 7016@fouzirbilal

------------------------------------------------------------------------------------------------------------------------

[2025-11-01 20:22:58 #1 store] 
Database 'C:\Users\fouzi\git\Rides25\src\main\resources\rides.temp' is opened by 17836@fouzirbilal

[2025-11-01 20:22:58 #2 store] 
Database 'C:\Users\fouzi\git\Rides25\src\main\resources\rides.temp' is closed by 17836@fouzirbilal

[2025-11-01 20:22:58 #3 store] 
Database 'C:\Users\fouzi\git\Rides25\src\main\resources\rides.temp' is opened by 17836@fouzirbilal

[2025-11-01 20:22:58 #4 store] 
Database 'C:\Users\fouzi\git\Rides25\src\main\resources\rides.temp' is closed by 17836@fouzirbilal

[2025-11-01 20:22:58 #5 store] 
Database 'C:\Users\fouzi\git\Rides25\src\main\resources\rides.temp' is opened by 17836@fouzirbilal

[2025-11-01 20:22:58 #6 type.registry] 
New type domain.Alerta

[2025-11-01 20:22:58 #7 type] 
Type domain.Alerta is not enhanced.

[2025-11-01 20:22:58 #8 type.registry] 
New type domain.Ride

[2025-11-01 20:22:58 #9 type] 
Type domain.Ride is not enhanced.

[2025-11-01 20:22:58 #10 type.registry] 
New type domain.Erreklamazioa

[2025-11-01 20:22:58 #11 type.registry] 
New type java.util.LinkedList<domain.Erreklamazioa>

[2025-11-01 20:22:58 #12 type.registry] 
New type domain.Balorazioa

[2025-11-01 20:22:58 #13 type.registry] 
New type java.util.LinkedList<domain.Balorazioa>

[2025-11-01 20:22:58 #14 type.registry] 
New type domain.Kotxea

[2025-11-01 20:22:58 #15 type.registry] 
New type domain.Driver

[2025-11-01 20:22:58 #16 type] 
Type domain.Erreklamazioa is not enhanced.

[2025-11-01 20:22:58 #17 type.registry] 
New type domain.Erreserba

[2025-11-01 20:22:58 #18 type] 
Type domain.Balorazioa is not enhanced.

[2025-11-01 20:22:58 #19 type] 
Type domain.Kotxea is not enhanced.

[2025-11-01 20:22:58 #20 type] 
Type domain.Driver is not enhanced.

[2025-11-01 20:22:58 #21 type.registry] 
New type java.util.LinkedList<domain.Kotxea>

[2025-11-01 20:22:58 #22 type.registry] 
New type domain.Transaction

[2025-11-01 20:22:58 #23 type.registry] 
New type java.util.LinkedList<domain.Transaction>

[2025-11-01 20:22:58 #24 type] 
Type domain.Erreserba is not enhanced.

[2025-11-01 20:22:58 #25 type.registry] 
New type domain.Traveler

[2025-11-01 20:22:58 #26 type] 
Type domain.Transaction is not enhanced.

[2025-11-01 20:22:58 #27 type] 
Type domain.Traveler is not enhanced.

[2025-11-01 20:22:58 #28 store] 
Database 'C:\Users\fouzi\git\Rides25\src\main\resources\rides.temp' is closed by 17836@fouzirbilal

------------------------------------------------------------------------------------------------------------------------

[2025-11-01 20:24:21 #1 store] 
Database 'C:\Users\fouzi\git\Rides25\src\main\resources\rides.temp' is opened by 24104@fouzirbilal

[2025-11-01 20:24:21 #2 store] 
Database 'C:\Users\fouzi\git\Rides25\src\main\resources\rides.temp' is closed by 24104@fouzirbilal

[2025-11-01 20:24:22 #3 store] 
Database 'C:\Users\fouzi\git\Rides25\src\main\resources\rides.temp' is opened by 24104@fouzirbilal

[2025-11-01 20:24:22 #4 store] 
Database 'C:\Users\fouzi\git\Rides25\src\main\resources\rides.temp' is closed by 24104@fouzirbilal

[2025-11-01 20:24:22 #5 store] 
Database 'C:\Users\fouzi\git\Rides25\src\main\resources\rides.temp' is opened by 24104@fouzirbilal

[2025-11-01 20:24:23 #6 type.registry] 
New type domain.Alerta

[2025-11-01 20:24:23 #7 type] 
Type domain.Alerta is not enhanced.

[2025-11-01 20:24:23 #8 type.registry] 
New type domain.Ride

[2025-11-01 20:24:23 #9 type] 
Type domain.Ride is not enhanced.

[2025-11-01 20:24:23 #10 type.registry] 
New type domain.Erreklamazioa

[2025-11-01 20:24:23 #11 type.registry] 
New type java.util.LinkedList<domain.Erreklamazioa>

[2025-11-01 20:24:23 #12 type.registry] 
New type domain.Balorazioa

[2025-11-01 20:24:23 #13 type.registry] 
New type java.util.LinkedList<domain.Balorazioa>

[2025-11-01 20:24:23 #14 type.registry] 
New type domain.Kotxea

[2025-11-01 20:24:23 #15 type.registry] 
New type domain.Driver

[2025-11-01 20:24:23 #16 type] 
Type domain.Erreklamazioa is not enhanced.

[2025-11-01 20:24:23 #17 type.registry] 
New type domain.Erreserba

[2025-11-01 20:24:23 #18 type] 
Type domain.Balorazioa is not enhanced.

[2025-11-01 20:24:23 #19 type] 
Type domain.Kotxea is not enhanced.

[2025-11-01 20:24:23 #20 type] 
Type domain.Driver is not enhanced.

[2025-11-01 20:24:23 #21 type.registry] 
New type java.util.LinkedList<domain.Kotxea>

[2025-11-01 20:24:23 #22 type.registry] 
New type domain.Transaction

[2025-11-01 20:24:23 #23 type.registry] 
New type java.util.LinkedList<domain.Transaction>

[2025-11-01 20:24:23 #24 type] 
Type domain.Erreserba is not enhanced.

[2025-11-01 20:24:23 #25 type.registry] 
New type domain.Traveler

[2025-11-01 20:24:23 #26 type] 
Type domain.Transaction is not enhanced.

[2025-11-01 20:24:23 #27 type] 
Type domain.Traveler is not enhanced.

[2025-11-01 20:24:23 #28 store] 
Database 'C:\Users\fouzi\git\Rides25\src\main\resources\rides.temp' is closed by 24104@fouzirbilal

[2025-11-01 20:24:26 #29 store] 
Database 'C:\Users\fouzi\git\Rides25\src\main\resources\rides.temp' is opened by 24104@fouzirbilal

[2025-11-01 20:24:26 #30 store] 
Database 'C:\Users\fouzi\git\Rides25\src\main\resources\rides.temp' is closed by 24104@fouzirbilal

[2025-11-01 20:24:36 #31 store] 
Database 'C:\Users\fouzi\git\Rides25\src\main\resources\rides.temp' is opened by 24104@fouzirbilal

[2025-11-01 20:24:36 #32 type.registry] 
New type domain.Driver

[2025-11-01 20:24:36 #33 type.registry] 
New type domain.Ride

[2025-11-01 20:24:36 #34 type.registry] 
New type domain.Kotxea

[2025-11-01 20:24:36 #35 type.registry] 
New type java.util.LinkedList<domain.Kotxea>

[2025-11-01 20:24:36 #36 type.registry] 
New type domain.Transaction

[2025-11-01 20:24:36 #37 type.registry] 
New type java.util.LinkedList<domain.Transaction>

[2025-11-01 20:24:36 #38 type.registry] 
New type domain.Erreklamazioa

[2025-11-01 20:24:36 #39 type.registry] 
New type java.util.LinkedList<domain.Erreklamazioa>

[2025-11-01 20:24:36 #40 type.registry] 
New type domain.Balorazioa

[2025-11-01 20:24:36 #41 type.registry] 
New type java.util.LinkedList<domain.Balorazioa>

[2025-11-01 20:24:36 #42 type.registry] 
New type domain.Erreserba

[2025-11-01 20:24:36 #43 type.registry] 
New type domain.Traveler

[2025-11-01 20:24:37 #44 store] 
Database 'C:\Users\fouzi\git\Rides25\src\main\resources\rides.temp' is closed by 24104@fouzirbilal

[2025-11-01 20:24:37 #45 store] 
Database 'C:\Users\fouzi\git\Rides25\src\main\resources\rides.temp' is opened by 24104@fouzirbilal

[2025-11-01 20:24:37 #46 type.registry] 
New type java.util.LinkedList<java.lang.Object>

[2025-11-01 20:24:37 #47 type.registry] 
New type java.util.Vector<java.lang.Object>

[2025-11-01 20:24:37 #48 type.registry] 
New type java.util.Vector<domain.Ride>

[2025-11-01 20:24:37 #49 store] 
Database 'C:\Users\fouzi\git\Rides25\src\main\resources\rides.temp' is closed by 24104@fouzirbilal

[2025-11-01 20:24:38 #50 store] 
Database 'C:\Users\fouzi\git\Rides25\src\main\resources\rides.temp' is opened by 24104@fouzirbilal

[2025-11-01 20:24:38 #51 type.registry] 
New type domain.Alerta

[2025-11-01 20:24:38 #52 store] 
Database 'C:\Users\fouzi\git\Rides25\src\main\resources\rides.temp' is closed by 24104@fouzirbilal

------------------------------------------------------------------------------------------------------------------------

[2025-11-01 20:28:44 #1 store] 
Database 'C:\Users\fouzi\git\Rides25\src\main\resources\rides.temp' is opened by 26556@fouzirbilal

[2025-11-01 20:28:44 #2 store] 
Database 'C:\Users\fouzi\git\Rides25\src\main\resources\rides.temp' is closed by 26556@fouzirbilal

[2025-11-01 20:28:45 #3 store] 
Database 'C:\Users\fouzi\git\Rides25\src\main\resources\rides.temp' is opened by 26556@fouzirbilal

------------------------------------------------------------------------------------------------------------------------

[2025-11-01 20:38:37 #1 store] 
Database 'C:\Users\fouzi\git\Rides25\src\main\resources\rides.temp' is opened by 32844@fouzirbilal

[2025-11-01 20:38:37 #2 store] 
Database 'C:\Users\fouzi\git\Rides25\src\main\resources\rides.temp' is closed by 32844@fouzirbilal

[2025-11-01 20:38:38 #3 store] 
Database 'C:\Users\fouzi\git\Rides25\src\main\resources\rides.temp' is opened by 32844@fouzirbilal

------------------------------------------------------------------------------------------------------------------------

[2025-11-01 20:39:37 #1 store] 
Database 'C:\Users\fouzi\git\Rides25\src\main\resources\rides.temp' is opened by 28024@fouzirbilal

[2025-11-01 20:39:37 #2 store] 
Database 'C:\Users\fouzi\git\Rides25\src\main\resources\rides.temp' is closed by 28024@fouzirbilal

[2025-11-01 20:39:37 #3 store] 
Database 'C:\Users\fouzi\git\Rides25\src\main\resources\rides.temp' is opened by 28024@fouzirbilal

------------------------------------------------------------------------------------------------------------------------

[2025-11-01 20:40:28 #1 store] 
Database 'C:\Users\fouzi\git\Rides25\src\main\resources\rides.temp' is opened by 12364@fouzirbilal

[2025-11-01 20:40:28 #2 store] 
Database 'C:\Users\fouzi\git\Rides25\src\main\resources\rides.temp' is closed by 12364@fouzirbilal

[2025-11-01 20:40:28 #3 store] 
Database 'C:\Users\fouzi\git\Rides25\src\main\resources\rides.temp' is opened by 12364@fouzirbilal

------------------------------------------------------------------------------------------------------------------------

[2025-11-01 20:42:09 #1 store] 
Database 'C:\Users\fouzi\git\Rides25\src\main\resources\rides.temp' is opened by 14756@fouzirbilal

[2025-11-01 20:42:09 #2 store] 
Database 'C:\Users\fouzi\git\Rides25\src\main\resources\rides.temp' is closed by 14756@fouzirbilal

[2025-11-01 20:42:09 #3 store] 
Database 'C:\Users\fouzi\git\Rides25\src\main\resources\rides.temp' is opened by 14756@fouzirbilal

[2025-11-01 20:42:09 #4 store] 
Database 'C:\Users\fouzi\git\Rides25\src\main\resources\rides.temp' is closed by 14756@fouzirbilal

[2025-11-01 20:42:10 #5 store] 
Database 'C:\Users\fouzi\git\Rides25\src\main\resources\rides.temp' is opened by 14756@fouzirbilal

[2025-11-01 20:42:10 #6 type.registry] 
New type domain.Alerta

[2025-11-01 20:42:10 #7 type] 
Type domain.Alerta is not enhanced.

[2025-11-01 20:42:10 #8 type.registry] 
New type domain.Ride

[2025-11-01 20:42:10 #9 type] 
Type domain.Ride is not enhanced.

[2025-11-01 20:42:10 #10 type.registry] 
New type domain.Erreklamazioa

[2025-11-01 20:42:10 #11 type.registry] 
New type java.util.LinkedList<domain.Erreklamazioa>

[2025-11-01 20:42:10 #12 type.registry] 
New type domain.Balorazioa

[2025-11-01 20:42:10 #13 type.registry] 
New type java.util.LinkedList<domain.Balorazioa>

[2025-11-01 20:42:10 #14 type.registry] 
New type domain.Kotxea

[2025-11-01 20:42:10 #15 type.registry] 
New type domain.Driver

[2025-11-01 20:42:10 #16 type] 
Type domain.Erreklamazioa is not enhanced.

[2025-11-01 20:42:10 #17 type.registry] 
New type domain.Erreserba

[2025-11-01 20:42:10 #18 type] 
Type domain.Balorazioa is not enhanced.

[2025-11-01 20:42:10 #19 type] 
Type domain.Kotxea is not enhanced.

[2025-11-01 20:42:10 #20 type] 
Type domain.Driver is not enhanced.

[2025-11-01 20:42:10 #21 type.registry] 
New type java.util.LinkedList<domain.Kotxea>

[2025-11-01 20:42:10 #22 type.registry] 
New type domain.Transaction

[2025-11-01 20:42:10 #23 type.registry] 
New type java.util.LinkedList<domain.Transaction>

[2025-11-01 20:42:10 #24 type] 
Type domain.Erreserba is not enhanced.

[2025-11-01 20:42:10 #25 type.registry] 
New type domain.Traveler

[2025-11-01 20:42:10 #26 type] 
Type domain.Transaction is not enhanced.

[2025-11-01 20:42:10 #27 type] 
Type domain.Traveler is not enhanced.

[2025-11-01 20:42:10 #28 store] 
Database 'C:\Users\fouzi\git\Rides25\src\main\resources\rides.temp' is closed by 14756@fouzirbilal

------------------------------------------------------------------------------------------------------------------------

[2025-11-01 20:43:11 #1 store] 
Database 'C:\Users\fouzi\git\Rides25\src\main\resources\rides.temp' is opened by 19876@fouzirbilal

[2025-11-01 20:43:11 #2 store] 
Database 'C:\Users\fouzi\git\Rides25\src\main\resources\rides.temp' is closed by 19876@fouzirbilal

[2025-11-01 20:43:11 #3 store] 
Database 'C:\Users\fouzi\git\Rides25\src\main\resources\rides.temp' is opened by 19876@fouzirbilal

------------------------------------------------------------------------------------------------------------------------

[2025-11-01 20:44:42 #1 store] 
Database 'C:\Users\fouzi\git\Rides25\src\main\resources\rides.temp' is opened by 24852@fouzirbilal

[2025-11-01 20:44:42 #2 store] 
Database 'C:\Users\fouzi\git\Rides25\src\main\resources\rides.temp' is closed by 24852@fouzirbilal

[2025-11-01 20:44:42 #3 store] 
Database 'C:\Users\fouzi\git\Rides25\src\main\resources\rides.temp' is opened by 24852@fouzirbilal

------------------------------------------------------------------------------------------------------------------------

[2025-11-01 20:46:54 #1 store] 
Database 'C:\Users\fouzi\git\Rides25\src\main\resources\rides.temp' is opened by 30584@fouzirbilal

[2025-11-01 20:46:54 #2 store] 
Database 'C:\Users\fouzi\git\Rides25\src\main\resources\rides.temp' is closed by 30584@fouzirbilal

[2025-11-01 20:46:54 #3 store] 
Database 'C:\Users\fouzi\git\Rides25\src\main\resources\rides.temp' is opened by 30584@fouzirbilal

------------------------------------------------------------------------------------------------------------------------

[2025-11-01 20:58:47 #1 store] 
Database 'C:\Users\fouzi\git\Rides25\src\main\resources\rides.temp' is opened by 32772@fouzirbilal

[2025-11-01 20:58:47 #2 store] 
Database 'C:\Users\fouzi\git\Rides25\src\main\resources\rides.temp' is closed by 32772@fouzirbilal

[2025-11-01 20:58:47 #3 store] 
Database 'C:\Users\fouzi\git\Rides25\src\main\resources\rides.temp' is opened by 32772@fouzirbilal

[2025-11-01 20:58:47 #4 store] 
Database 'C:\Users\fouzi\git\Rides25\src\main\resources\rides.temp' is closed by 32772@fouzirbilal

[2025-11-01 20:58:47 #5 store] 
Database 'C:\Users\fouzi\git\Rides25\src\main\resources\rides.temp' is opened by 32772@fouzirbilal

------------------------------------------------------------------------------------------------------------------------

[2025-11-01 21:00:13 #1 store] 
Database 'C:\Users\fouzi\git\Rides25\src\main\resources\rides.temp' is opened by 21780@fouzirbilal

[2025-11-01 21:00:13 #2 store] 
Database 'C:\Users\fouzi\git\Rides25\src\main\resources\rides.temp' is closed by 21780@fouzirbilal

[2025-11-01 21:00:14 #3 store] 
Database 'C:\Users\fouzi\git\Rides25\src\main\resources\rides.temp' is opened by 21780@fouzirbilal

[2025-11-01 21:00:14 #4 store] 
Database 'C:\Users\fouzi\git\Rides25\src\main\resources\rides.temp' is closed by 21780@fouzirbilal

[2025-11-01 21:00:14 #5 store] 
Database 'C:\Users\fouzi\git\Rides25\src\main\resources\rides.temp' is opened by 21780@fouzirbilal

[2025-11-01 21:00:14 #6 type.registry] 
New type domain.Alerta

[2025-11-01 21:00:14 #7 type] 
Type domain.Alerta is not enhanced.

[2025-11-01 21:00:14 #8 type.registry] 
New type domain.Ride

[2025-11-01 21:00:14 #9 type] 
Type domain.Ride is not enhanced.

[2025-11-01 21:00:14 #10 type.registry] 
New type domain.Erreklamazioa

[2025-11-01 21:00:14 #11 type.registry] 
New type java.util.LinkedList<domain.Erreklamazioa>

[2025-11-01 21:00:14 #12 type.registry] 
New type domain.Balorazioa

[2025-11-01 21:00:14 #13 type.registry] 
New type java.util.LinkedList<domain.Balorazioa>

[2025-11-01 21:00:14 #14 type.registry] 
New type domain.Kotxea

[2025-11-01 21:00:14 #15 type.registry] 
New type domain.Driver

[2025-11-01 21:00:14 #16 type] 
Type domain.Erreklamazioa is not enhanced.

[2025-11-01 21:00:14 #17 type.registry] 
New type domain.Erreserba

[2025-11-01 21:00:14 #18 type] 
Type domain.Balorazioa is not enhanced.

[2025-11-01 21:00:14 #19 type] 
Type domain.Kotxea is not enhanced.

[2025-11-01 21:00:14 #20 type] 
Type domain.Driver is not enhanced.

[2025-11-01 21:00:14 #21 type.registry] 
New type java.util.LinkedList<domain.Kotxea>

[2025-11-01 21:00:14 #22 type.registry] 
New type domain.Transaction

[2025-11-01 21:00:14 #23 type.registry] 
New type java.util.LinkedList<domain.Transaction>

[2025-11-01 21:00:14 #24 type] 
Type domain.Erreserba is not enhanced.

[2025-11-01 21:00:14 #25 type.registry] 
New type domain.Traveler

[2025-11-01 21:00:14 #26 type] 
Type domain.Transaction is not enhanced.

[2025-11-01 21:00:14 #27 type] 
Type domain.Traveler is not enhanced.

[2025-11-01 21:00:14 #28 store] 
Database 'C:\Users\fouzi\git\Rides25\src\main\resources\rides.temp' is closed by 21780@fouzirbilal

------------------------------------------------------------------------------------------------------------------------

[2025-11-01 21:08:47 #1 store] 
Database 'C:\Users\fouzi\git\Rides25\src\main\resources\rides.temp' is opened by 35044@fouzirbilal

[2025-11-01 21:08:47 #2 store] 
Database 'C:\Users\fouzi\git\Rides25\src\main\resources\rides.temp' is closed by 35044@fouzirbilal

[2025-11-01 21:08:48 #3 store] 
Database 'C:\Users\fouzi\git\Rides25\src\main\resources\rides.temp' is opened by 35044@fouzirbilal

[2025-11-01 21:08:48 #4 store] 
Database 'C:\Users\fouzi\git\Rides25\src\main\resources\rides.temp' is closed by 35044@fouzirbilal

[2025-11-01 21:08:48 #5 store] 
Database 'C:\Users\fouzi\git\Rides25\src\main\resources\rides.temp' is opened by 35044@fouzirbilal

[2025-11-01 21:08:48 #6 type.registry] 
New type domain.Ride

[2025-11-01 21:08:48 #7 type] 
Type domain.Ride is not enhanced.

[2025-11-01 21:08:48 #8 type.registry] 
New type domain.Erreklamazioa

[2025-11-01 21:08:48 #9 type.registry] 
New type java.util.LinkedList<domain.Erreklamazioa>

[2025-11-01 21:08:48 #10 type.registry] 
New type domain.Balorazioa

[2025-11-01 21:08:48 #11 type.registry] 
New type java.util.LinkedList<domain.Balorazioa>

[2025-11-01 21:08:48 #12 type.registry] 
New type domain.Kotxea

[2025-11-01 21:08:48 #13 type.registry] 
New type domain.Driver

[2025-11-01 21:08:48 #14 type] 
Type domain.Erreklamazioa is not enhanced.

[2025-11-01 21:08:48 #15 type.registry] 
New type domain.Erreserba

[2025-11-01 21:08:48 #16 type] 
Type domain.Balorazioa is not enhanced.

[2025-11-01 21:08:48 #17 type] 
Type domain.Kotxea is not enhanced.

[2025-11-01 21:08:48 #18 type] 
Type domain.Driver is not enhanced.

[2025-11-01 21:08:48 #19 type.registry] 
New type java.util.LinkedList<domain.Kotxea>

[2025-11-01 21:08:48 #20 type.registry] 
New type domain.Transaction

[2025-11-01 21:08:48 #21 type.registry] 
New type java.util.LinkedList<domain.Transaction>

[2025-11-01 21:08:48 #22 type] 
Type domain.Erreserba is not enhanced.

[2025-11-01 21:08:48 #23 type.registry] 
New type domain.Traveler

[2025-11-01 21:08:48 #24 type] 
Type domain.Transaction is not enhanced.

[2025-11-01 21:08:48 #25 type] 
Type domain.Traveler is not enhanced.

[2025-11-01 21:08:48 #26 type.registry] 
New type java.util.LinkedList<java.lang.Object>

[2025-11-01 21:08:48 #27 store] 
Database 'C:\Users\fouzi\git\Rides25\src\main\resources\rides.temp' is closed by 35044@fouzirbilal

------------------------------------------------------------------------------------------------------------------------

[2025-11-01 21:19:08 #1 store] 
Database 'C:\Users\fouzi\git\Rides25\src\main\resources\rides.temp' is opened by 22744@fouzirbilal

[2025-11-01 21:19:08 #2 store] 
Database 'C:\Users\fouzi\git\Rides25\src\main\resources\rides.temp' is closed by 22744@fouzirbilal

[2025-11-01 21:19:08 #3 store] 
Database 'C:\Users\fouzi\git\Rides25\src\main\resources\rides.temp' is opened by 22744@fouzirbilal

[2025-11-01 21:19:08 #4 type.registry] 
New type domain.Ride

[2025-11-01 21:19:08 #5 type] 
Type domain.Ride is not enhanced.

[2025-11-01 21:19:08 #6 type.registry] 
New type domain.Erreklamazioa

[2025-11-01 21:19:09 #7 type.registry] 
New type java.util.LinkedList<domain.Erreklamazioa>

[2025-11-01 21:19:09 #8 type.registry] 
New type domain.Balorazioa

[2025-11-01 21:19:09 #9 type.registry] 
New type java.util.LinkedList<domain.Balorazioa>

[2025-11-01 21:19:09 #10 type.registry] 
New type domain.Kotxea

[2025-11-01 21:19:09 #11 type.registry] 
New type domain.Driver

[2025-11-01 21:19:09 #12 type] 
Type domain.Erreklamazioa is not enhanced.

[2025-11-01 21:19:09 #13 type.registry] 
New type domain.Erreserba

[2025-11-01 21:19:09 #14 type] 
Type domain.Balorazioa is not enhanced.

[2025-11-01 21:19:09 #15 type] 
Type domain.Kotxea is not enhanced.

[2025-11-01 21:19:09 #16 type] 
Type domain.Driver is not enhanced.

[2025-11-01 21:19:09 #17 type.registry] 
New type java.util.LinkedList<domain.Kotxea>

[2025-11-01 21:19:09 #18 type.registry] 
New type domain.Transaction

[2025-11-01 21:19:09 #19 type.registry] 
New type java.util.LinkedList<domain.Transaction>

[2025-11-01 21:19:09 #20 type] 
Type domain.Erreserba is not enhanced.

[2025-11-01 21:19:09 #21 type.registry] 
New type domain.Traveler

[2025-11-01 21:19:09 #22 type] 
Type domain.Transaction is not enhanced.

[2025-11-01 21:19:09 #23 type] 
Type domain.Traveler is not enhanced.

[2025-11-01 21:19:09 #24 type.registry] 
New type java.util.LinkedList<java.lang.Object>

[2025-11-01 21:19:09 #25 store] 
Database 'C:\Users\fouzi\git\Rides25\src\main\resources\rides.temp' is closed by 22744@fouzirbilal

------------------------------------------------------------------------------------------------------------------------

[2025-11-01 21:19:27 #1 store] 
Database 'C:\Users\fouzi\git\Rides25\src\main\resources\rides.temp' is opened by 8668@fouzirbilal

[2025-11-01 21:19:28 #2 store] 
Database 'C:\Users\fouzi\git\Rides25\src\main\resources\rides.temp' is closed by 8668@fouzirbilal

[2025-11-01 21:19:28 #3 store] 
Database 'C:\Users\fouzi\git\Rides25\src\main\resources\rides.temp' is opened by 8668@fouzirbilal

------------------------------------------------------------------------------------------------------------------------

[2025-11-01 21:21:27 #1 store] 
Database 'C:\Users\fouzi\git\Rides25\src\main\resources\rides.temp' is opened by 14584@fouzirbilal

[2025-11-01 21:21:28 #2 store] 
Database 'C:\Users\fouzi\git\Rides25\src\main\resources\rides.temp' is closed by 14584@fouzirbilal

[2025-11-01 21:21:28 #3 store] 
Database 'C:\Users\fouzi\git\Rides25\src\main\resources\rides.temp' is opened by 14584@fouzirbilal

------------------------------------------------------------------------------------------------------------------------

[2025-11-01 21:22:01 #1 store] 
Database 'C:\Users\fouzi\git\Rides25\src\main\resources\rides.temp' is opened by 34504@fouzirbilal

[2025-11-01 21:22:01 #2 store] 
Database 'C:\Users\fouzi\git\Rides25\src\main\resources\rides.temp' is closed by 34504@fouzirbilal

[2025-11-01 21:22:01 #3 store] 
Database 'C:\Users\fouzi\git\Rides25\src\main\resources\rides.temp' is opened by 34504@fouzirbilal

[2025-11-01 21:22:01 #4 store] 
Database 'C:\Users\fouzi\git\Rides25\src\main\resources\rides.temp' is closed by 34504@fouzirbilal

[2025-11-01 21:22:01 #5 store] 
Database 'C:\Users\fouzi\git\Rides25\src\main\resources\rides.temp' is opened by 34504@fouzirbilal

[2025-11-01 21:22:01 #6 type.registry] 
New type domain.Alerta

[2025-11-01 21:22:01 #7 type] 
Type domain.Alerta is not enhanced.

[2025-11-01 21:22:01 #8 type.registry] 
New type domain.Ride

[2025-11-01 21:22:01 #9 type] 
Type domain.Ride is not enhanced.

[2025-11-01 21:22:01 #10 type.registry] 
New type domain.Erreklamazioa

[2025-11-01 21:22:01 #11 type.registry] 
New type java.util.LinkedList<domain.Erreklamazioa>

[2025-11-01 21:22:01 #12 type.registry] 
New type domain.Balorazioa

[2025-11-01 21:22:01 #13 type.registry] 
New type java.util.LinkedList<domain.Balorazioa>

[2025-11-01 21:22:01 #14 type.registry] 
New type domain.Kotxea

[2025-11-01 21:22:01 #15 type.registry] 
New type domain.Driver

[2025-11-01 21:22:01 #16 type] 
Type domain.Erreklamazioa is not enhanced.

[2025-11-01 21:22:01 #17 type.registry] 
New type domain.Erreserba

[2025-11-01 21:22:01 #18 type] 
Type domain.Balorazioa is not enhanced.

[2025-11-01 21:22:01 #19 type] 
Type domain.Kotxea is not enhanced.

[2025-11-01 21:22:01 #20 type] 
Type domain.Driver is not enhanced.

[2025-11-01 21:22:01 #21 type.registry] 
New type java.util.LinkedList<domain.Kotxea>

[2025-11-01 21:22:01 #22 type.registry] 
New type domain.Transaction

[2025-11-01 21:22:01 #23 type.registry] 
New type java.util.LinkedList<domain.Transaction>

[2025-11-01 21:22:01 #24 type] 
Type domain.Erreserba is not enhanced.

[2025-11-01 21:22:01 #25 type.registry] 
New type domain.Traveler

[2025-11-01 21:22:01 #26 type] 
Type domain.Transaction is not enhanced.

[2025-11-01 21:22:01 #27 type] 
Type domain.Traveler is not enhanced.

[2025-11-01 21:22:02 #28 store] 
Database 'C:\Users\fouzi\git\Rides25\src\main\resources\rides.temp' is closed by 34504@fouzirbilal

------------------------------------------------------------------------------------------------------------------------

[2025-11-01 21:23:23 #1 store] 
Database 'C:\Users\fouzi\git\Rides25\src\main\resources\rides.temp' is opened by 11572@fouzirbilal

[2025-11-01 21:23:23 #2 store] 
Database 'C:\Users\fouzi\git\Rides25\src\main\resources\rides.temp' is closed by 11572@fouzirbilal

[2025-11-01 21:23:23 #3 store] 
Database 'C:\Users\fouzi\git\Rides25\src\main\resources\rides.temp' is opened by 11572@fouzirbilal

[2025-11-01 21:23:23 #4 store] 
Database 'C:\Users\fouzi\git\Rides25\src\main\resources\rides.temp' is closed by 11572@fouzirbilal

[2025-11-01 21:23:23 #5 store] 
Database 'C:\Users\fouzi\git\Rides25\src\main\resources\rides.temp' is opened by 11572@fouzirbilal

[2025-11-01 21:23:24 #6 type.registry] 
New type domain.Alerta

[2025-11-01 21:23:24 #7 type] 
Type domain.Alerta is not enhanced.

[2025-11-01 21:23:24 #8 type.registry] 
New type domain.Ride

[2025-11-01 21:23:24 #9 type] 
Type domain.Ride is not enhanced.

[2025-11-01 21:23:24 #10 type.registry] 
New type domain.Erreklamazioa

[2025-11-01 21:23:24 #11 type.registry] 
New type java.util.LinkedList<domain.Erreklamazioa>

[2025-11-01 21:23:24 #12 type.registry] 
New type domain.Balorazioa

[2025-11-01 21:23:24 #13 type.registry] 
New type java.util.LinkedList<domain.Balorazioa>

[2025-11-01 21:23:24 #14 type.registry] 
New type domain.Kotxea

[2025-11-01 21:23:24 #15 type.registry] 
New type domain.Driver

[2025-11-01 21:23:24 #16 type] 
Type domain.Erreklamazioa is not enhanced.

[2025-11-01 21:23:24 #17 type.registry] 
New type domain.Erreserba

[2025-11-01 21:23:24 #18 type] 
Type domain.Balorazioa is not enhanced.

[2025-11-01 21:23:24 #19 type] 
Type domain.Kotxea is not enhanced.

[2025-11-01 21:23:24 #20 type] 
Type domain.Driver is not enhanced.

[2025-11-01 21:23:24 #21 type.registry] 
New type java.util.LinkedList<domain.Kotxea>

[2025-11-01 21:23:24 #22 type.registry] 
New type domain.Transaction

[2025-11-01 21:23:24 #23 type.registry] 
New type java.util.LinkedList<domain.Transaction>

[2025-11-01 21:23:24 #24 type] 
Type domain.Erreserba is not enhanced.

[2025-11-01 21:23:24 #25 type.registry] 
New type domain.Traveler

[2025-11-01 21:23:24 #26 type] 
Type domain.Transaction is not enhanced.

[2025-11-01 21:23:24 #27 type] 
Type domain.Traveler is not enhanced.

[2025-11-01 21:23:24 #28 store] 
Database 'C:\Users\fouzi\git\Rides25\src\main\resources\rides.temp' is closed by 11572@fouzirbilal

------------------------------------------------------------------------------------------------------------------------

[2025-11-01 21:25:08 #1 store] 
Database 'C:\Users\fouzi\git\Rides25\src\main\resources\rides.temp' is opened by 24588@fouzirbilal

[2025-11-01 21:25:08 #2 store] 
Database 'C:\Users\fouzi\git\Rides25\src\main\resources\rides.temp' is closed by 24588@fouzirbilal

[2025-11-01 21:25:08 #3 store] 
Database 'C:\Users\fouzi\git\Rides25\src\main\resources\rides.temp' is opened by 24588@fouzirbilal

[2025-11-01 21:25:08 #4 store] 
Database 'C:\Users\fouzi\git\Rides25\src\main\resources\rides.temp' is closed by 24588@fouzirbilal

[2025-11-01 21:25:08 #5 store] 
Database 'C:\Users\fouzi\git\Rides25\src\main\resources\rides.temp' is opened by 24588@fouzirbilal

[2025-11-01 21:25:08 #6 type.registry] 
New type domain.Alerta

[2025-11-01 21:25:08 #7 type] 
Type domain.Alerta is not enhanced.

[2025-11-01 21:25:09 #8 type.registry] 
New type domain.Ride

[2025-11-01 21:25:09 #9 type] 
Type domain.Ride is not enhanced.

[2025-11-01 21:25:09 #10 type.registry] 
New type domain.Erreklamazioa

[2025-11-01 21:25:09 #11 type.registry] 
New type java.util.LinkedList<domain.Erreklamazioa>

[2025-11-01 21:25:09 #12 type.registry] 
New type domain.Balorazioa

[2025-11-01 21:25:09 #13 type.registry] 
New type java.util.LinkedList<domain.Balorazioa>

[2025-11-01 21:25:09 #14 type.registry] 
New type domain.Kotxea

[2025-11-01 21:25:09 #15 type.registry] 
New type domain.Driver

[2025-11-01 21:25:09 #16 type] 
Type domain.Erreklamazioa is not enhanced.

[2025-11-01 21:25:09 #17 type.registry] 
New type domain.Erreserba

[2025-11-01 21:25:09 #18 type] 
Type domain.Balorazioa is not enhanced.

[2025-11-01 21:25:09 #19 type] 
Type domain.Kotxea is not enhanced.

[2025-11-01 21:25:09 #20 type] 
Type domain.Driver is not enhanced.

[2025-11-01 21:25:09 #21 type.registry] 
New type java.util.LinkedList<domain.Kotxea>

[2025-11-01 21:25:09 #22 type.registry] 
New type domain.Transaction

[2025-11-01 21:25:09 #23 type.registry] 
New type java.util.LinkedList<domain.Transaction>

[2025-11-01 21:25:09 #24 type] 
Type domain.Erreserba is not enhanced.

[2025-11-01 21:25:09 #25 type.registry] 
New type domain.Traveler

[2025-11-01 21:25:09 #26 type] 
Type domain.Transaction is not enhanced.

[2025-11-01 21:25:09 #27 type] 
Type domain.Traveler is not enhanced.

[2025-11-01 21:25:09 #28 store] 
Database 'C:\Users\fouzi\git\Rides25\src\main\resources\rides.temp' is closed by 24588@fouzirbilal

------------------------------------------------------------------------------------------------------------------------

[2025-11-01 21:25:36 #1 store] 
Database 'C:\Users\fouzi\git\Rides25\src\main\resources\rides.temp' is opened by 20824@fouzirbilal

[2025-11-01 21:25:36 #2 store] 
Database 'C:\Users\fouzi\git\Rides25\src\main\resources\rides.temp' is closed by 20824@fouzirbilal

[2025-11-01 21:25:36 #3 store] 
Database 'C:\Users\fouzi\git\Rides25\src\main\resources\rides.temp' is opened by 20824@fouzirbilal

------------------------------------------------------------------------------------------------------------------------

[2025-11-01 21:25:50 #1 store] 
Database 'C:\Users\fouzi\git\Rides25\src\main\resources\rides.temp' is opened by 12304@fouzirbilal

[2025-11-01 21:25:50 #2 store] 
Database 'C:\Users\fouzi\git\Rides25\src\main\resources\rides.temp' is closed by 12304@fouzirbilal

[2025-11-01 21:25:50 #3 store] 
Database 'C:\Users\fouzi\git\Rides25\src\main\resources\rides.temp' is opened by 12304@fouzirbilal

[2025-11-01 21:25:50 #4 store] 
Database 'C:\Users\fouzi\git\Rides25\src\main\resources\rides.temp' is closed by 12304@fouzirbilal

[2025-11-01 21:25:51 #5 store] 
Database 'C:\Users\fouzi\git\Rides25\src\main\resources\rides.temp' is opened by 12304@fouzirbilal

[2025-11-01 21:25:51 #6 type.registry] 
New type domain.Alerta

[2025-11-01 21:25:51 #7 type] 
Type domain.Alerta is not enhanced.

[2025-11-01 21:25:51 #8 type.registry] 
New type domain.Ride

[2025-11-01 21:25:51 #9 type] 
Type domain.Ride is not enhanced.

[2025-11-01 21:25:51 #10 type.registry] 
New type domain.Erreklamazioa

[2025-11-01 21:25:51 #11 type.registry] 
New type java.util.LinkedList<domain.Erreklamazioa>

[2025-11-01 21:25:51 #12 type.registry] 
New type domain.Balorazioa

[2025-11-01 21:25:51 #13 type.registry] 
New type java.util.LinkedList<domain.Balorazioa>

[2025-11-01 21:25:51 #14 type.registry] 
New type domain.Kotxea

[2025-11-01 21:25:51 #15 type.registry] 
New type domain.Driver

[2025-11-01 21:25:51 #16 type] 
Type domain.Erreklamazioa is not enhanced.

[2025-11-01 21:25:51 #17 type.registry] 
New type domain.Erreserba

[2025-11-01 21:25:51 #18 type] 
Type domain.Balorazioa is not enhanced.

[2025-11-01 21:25:51 #19 type] 
Type domain.Kotxea is not enhanced.

[2025-11-01 21:25:51 #20 type] 
Type domain.Driver is not enhanced.

[2025-11-01 21:25:51 #21 type.registry] 
New type java.util.LinkedList<domain.Kotxea>

[2025-11-01 21:25:51 #22 type.registry] 
New type domain.Transaction

[2025-11-01 21:25:51 #23 type.registry] 
New type java.util.LinkedList<domain.Transaction>

[2025-11-01 21:25:51 #24 type] 
Type domain.Erreserba is not enhanced.

[2025-11-01 21:25:51 #25 type.registry] 
New type domain.Traveler

[2025-11-01 21:25:51 #26 type] 
Type domain.Transaction is not enhanced.

[2025-11-01 21:25:51 #27 type] 
Type domain.Traveler is not enhanced.

[2025-11-01 21:25:51 #28 store] 
Database 'C:\Users\fouzi\git\Rides25\src\main\resources\rides.temp' is closed by 12304@fouzirbilal

[2025-11-01 21:25:55 #29 store] 
Database 'C:\Users\fouzi\git\Rides25\src\main\resources\rides.temp' is opened by 12304@fouzirbilal

[2025-11-01 21:25:55 #30 store] 
Database 'C:\Users\fouzi\git\Rides25\src\main\resources\rides.temp' is closed by 12304@fouzirbilal

[2025-11-01 21:26:01 #31 store] 
Database 'C:\Users\fouzi\git\Rides25\src\main\resources\rides.temp' is opened by 12304@fouzirbilal

[2025-11-01 21:26:01 #32 type.registry] 
New type domain.Driver

[2025-11-01 21:26:01 #33 type.registry] 
New type domain.Ride

[2025-11-01 21:26:02 #34 type.registry] 
New type domain.Kotxea

[2025-11-01 21:26:02 #35 type.registry] 
New type java.util.LinkedList<domain.Kotxea>

[2025-11-01 21:26:02 #36 type.registry] 
New type domain.Transaction

[2025-11-01 21:26:02 #37 type.registry] 
New type java.util.LinkedList<domain.Transaction>

[2025-11-01 21:26:02 #38 type.registry] 
New type domain.Erreklamazioa

[2025-11-01 21:26:02 #39 type.registry] 
New type java.util.LinkedList<domain.Erreklamazioa>

[2025-11-01 21:26:02 #40 type.registry] 
New type domain.Balorazioa

[2025-11-01 21:26:02 #41 type.registry] 
New type java.util.LinkedList<domain.Balorazioa>

[2025-11-01 21:26:02 #42 type.registry] 
New type domain.Erreserba

[2025-11-01 21:26:02 #43 type.registry] 
New type domain.Traveler

[2025-11-01 21:26:02 #44 store] 
Database 'C:\Users\fouzi\git\Rides25\src\main\resources\rides.temp' is closed by 12304@fouzirbilal

[2025-11-01 21:26:02 #45 store] 
Database 'C:\Users\fouzi\git\Rides25\src\main\resources\rides.temp' is opened by 12304@fouzirbilal

[2025-11-01 21:26:02 #46 type.registry] 
New type java.util.LinkedList<java.lang.Object>

[2025-11-01 21:26:02 #47 type.registry] 
New type java.util.Vector<java.lang.Object>

[2025-11-01 21:26:02 #48 type.registry] 
New type java.util.Vector<domain.Ride>

[2025-11-01 21:26:02 #49 store] 
Database 'C:\Users\fouzi\git\Rides25\src\main\resources\rides.temp' is closed by 12304@fouzirbilal

[2025-11-01 21:26:04 #50 store] 
Database 'C:\Users\fouzi\git\Rides25\src\main\resources\rides.temp' is opened by 12304@fouzirbilal

[2025-11-01 21:26:04 #51 type.registry] 
New type domain.Alerta

[2025-11-01 21:26:04 #52 store] 
Database 'C:\Users\fouzi\git\Rides25\src\main\resources\rides.temp' is closed by 12304@fouzirbilal

------------------------------------------------------------------------------------------------------------------------

[2025-11-01 21:32:40 #1 store] 
Database 'C:\Users\fouzi\git\Rides25\src\main\resources\rides.temp' is opened by 18928@fouzirbilal

[2025-11-01 21:32:41 #2 store] 
Database 'C:\Users\fouzi\git\Rides25\src\main\resources\rides.temp' is closed by 18928@fouzirbilal

[2025-11-01 21:32:41 #3 store] 
Database 'C:\Users\fouzi\git\Rides25\src\main\resources\rides.temp' is opened by 18928@fouzirbilal

------------------------------------------------------------------------------------------------------------------------

[2025-11-01 21:40:42 #1 store] 
Database 'C:\Users\fouzi\git\Rides25\src\main\resources\rides.temp' is opened by 22012@fouzirbilal

[2025-11-01 21:40:43 #2 store] 
Database 'C:\Users\fouzi\git\Rides25\src\main\resources\rides.temp' is closed by 22012@fouzirbilal

[2025-11-01 21:40:43 #3 store] 
Database 'C:\Users\fouzi\git\Rides25\src\main\resources\rides.temp' is opened by 22012@fouzirbilal

[2025-11-01 21:40:43 #4 store] 
Database 'C:\Users\fouzi\git\Rides25\src\main\resources\rides.temp' is closed by 22012@fouzirbilal

[2025-11-01 21:40:43 #5 store] 
Database 'C:\Users\fouzi\git\Rides25\src\main\resources\rides.temp' is opened by 22012@fouzirbilal

[2025-11-01 21:40:43 #6 type.registry] 
New type domain.Alerta

[2025-11-01 21:40:43 #7 type] 
Type domain.Alerta is not enhanced.

[2025-11-01 21:40:43 #8 type.registry] 
New type domain.Ride

[2025-11-01 21:40:43 #9 type] 
Type domain.Ride is not enhanced.

[2025-11-01 21:40:43 #10 type.registry] 
New type domain.Erreklamazioa

[2025-11-01 21:40:43 #11 type.registry] 
New type java.util.LinkedList<domain.Erreklamazioa>

[2025-11-01 21:40:43 #12 type.registry] 
New type domain.Balorazioa

[2025-11-01 21:40:43 #13 type.registry] 
New type java.util.LinkedList<domain.Balorazioa>

[2025-11-01 21:40:43 #14 type.registry] 
New type domain.Kotxea

[2025-11-01 21:40:43 #15 type.registry] 
New type domain.Driver

[2025-11-01 21:40:43 #16 type] 
Type domain.Erreklamazioa is not enhanced.

[2025-11-01 21:40:43 #17 type.registry] 
New type domain.Erreserba

[2025-11-01 21:40:43 #18 type] 
Type domain.Balorazioa is not enhanced.

[2025-11-01 21:40:43 #19 type] 
Type domain.Kotxea is not enhanced.

[2025-11-01 21:40:43 #20 type] 
Type domain.Driver is not enhanced.

[2025-11-01 21:40:43 #21 type.registry] 
New type java.util.LinkedList<domain.Kotxea>

[2025-11-01 21:40:43 #22 type.registry] 
New type domain.Transaction

[2025-11-01 21:40:43 #23 type.registry] 
New type java.util.LinkedList<domain.Transaction>

[2025-11-01 21:40:43 #24 type] 
Type domain.Erreserba is not enhanced.

[2025-11-01 21:40:43 #25 type.registry] 
New type domain.Traveler

[2025-11-01 21:40:43 #26 type] 
Type domain.Transaction is not enhanced.

[2025-11-01 21:40:43 #27 type] 
Type domain.Traveler is not enhanced.

[2025-11-01 21:40:43 #28 store] 
Database 'C:\Users\fouzi\git\Rides25\src\main\resources\rides.temp' is closed by 22012@fouzirbilal

------------------------------------------------------------------------------------------------------------------------

[2025-11-01 21:41:46 #1 store] 
Database 'C:\Users\fouzi\git\Rides25\src\main\resources\rides.temp' is opened by 22128@fouzirbilal

[2025-11-01 21:41:46 #2 store] 
Database 'C:\Users\fouzi\git\Rides25\src\main\resources\rides.temp' is closed by 22128@fouzirbilal

[2025-11-01 21:41:46 #3 store] 
Database 'C:\Users\fouzi\git\Rides25\src\main\resources\rides.temp' is opened by 22128@fouzirbilal

------------------------------------------------------------------------------------------------------------------------

[2025-11-01 21:53:13 #1 store] 
Database 'C:\Users\fouzi\git\Rides25\src\main\resources\rides.temp' is opened by 22740@fouzirbilal

[2025-11-01 21:53:14 #2 store] 
Database 'C:\Users\fouzi\git\Rides25\src\main\resources\rides.temp' is closed by 22740@fouzirbilal

[2025-11-01 21:53:14 #3 store] 
Database 'C:\Users\fouzi\git\Rides25\src\main\resources\rides.temp' is opened by 22740@fouzirbilal

------------------------------------------------------------------------------------------------------------------------

[2025-11-01 21:53:37 #1 store] 
Database 'C:\Users\fouzi\git\Rides25\src\main\resources\rides.temp' is opened by 1664@fouzirbilal

[2025-11-01 21:53:37 #2 store] 
Database 'C:\Users\fouzi\git\Rides25\src\main\resources\rides.temp' is closed by 1664@fouzirbilal

[2025-11-01 21:53:37 #3 store] 
Database 'C:\Users\fouzi\git\Rides25\src\main\resources\rides.temp' is opened by 1664@fouzirbilal

[2025-11-01 21:53:37 #4 store] 
Database 'C:\Users\fouzi\git\Rides25\src\main\resources\rides.temp' is closed by 1664@fouzirbilal

[2025-11-01 21:53:37 #5 store] 
Database 'C:\Users\fouzi\git\Rides25\src\main\resources\rides.temp' is opened by 1664@fouzirbilal

[2025-11-01 21:53:38 #6 type.registry] 
New type domain.Alerta

[2025-11-01 21:53:38 #7 type] 
Type domain.Alerta is not enhanced.

[2025-11-01 21:53:38 #8 type.registry] 
New type domain.Ride

[2025-11-01 21:53:38 #9 type] 
Type domain.Ride is not enhanced.

[2025-11-01 21:53:38 #10 type.registry] 
New type domain.Erreklamazioa

[2025-11-01 21:53:38 #11 type.registry] 
New type java.util.LinkedList<domain.Erreklamazioa>

[2025-11-01 21:53:38 #12 type.registry] 
New type domain.Balorazioa

[2025-11-01 21:53:38 #13 type.registry] 
New type java.util.LinkedList<domain.Balorazioa>

[2025-11-01 21:53:38 #14 type.registry] 
New type domain.Kotxea

[2025-11-01 21:53:38 #15 type.registry] 
New type domain.Driver

[2025-11-01 21:53:38 #16 type] 
Type domain.Erreklamazioa is not enhanced.

[2025-11-01 21:53:38 #17 type.registry] 
New type domain.Erreserba

[2025-11-01 21:53:38 #18 type] 
Type domain.Balorazioa is not enhanced.

[2025-11-01 21:53:38 #19 type] 
Type domain.Kotxea is not enhanced.

[2025-11-01 21:53:38 #20 type] 
Type domain.Driver is not enhanced.

[2025-11-01 21:53:38 #21 type.registry] 
New type java.util.LinkedList<domain.Kotxea>

[2025-11-01 21:53:38 #22 type.registry] 
New type domain.Transaction

[2025-11-01 21:53:38 #23 type.registry] 
New type java.util.LinkedList<domain.Transaction>

[2025-11-01 21:53:38 #24 type] 
Type domain.Erreserba is not enhanced.

[2025-11-01 21:53:38 #25 type.registry] 
New type domain.Traveler

[2025-11-01 21:53:38 #26 type] 
Type domain.Transaction is not enhanced.

[2025-11-01 21:53:38 #27 type] 
Type domain.Traveler is not enhanced.

[2025-11-01 21:53:38 #28 store] 
Database 'C:\Users\fouzi\git\Rides25\src\main\resources\rides.temp' is closed by 1664@fouzirbilal

------------------------------------------------------------------------------------------------------------------------

[2025-11-01 22:05:17 #1 store] 
Database 'C:\Users\fouzi\git\Rides25\src\main\resources\rides.temp' is opened by 17760@fouzirbilal

[2025-11-01 22:05:18 #2 store] 
Database 'C:\Users\fouzi\git\Rides25\src\main\resources\rides.temp' is closed by 17760@fouzirbilal

[2025-11-01 22:05:18 #3 store] 
Database 'C:\Users\fouzi\git\Rides25\src\main\resources\rides.temp' is opened by 17760@fouzirbilal

[2025-11-01 22:05:18 #4 store] 
Database 'C:\Users\fouzi\git\Rides25\src\main\resources\rides.temp' is closed by 17760@fouzirbilal

[2025-11-01 22:05:18 #5 store] 
Database 'C:\Users\fouzi\git\Rides25\src\main\resources\rides.temp' is opened by 17760@fouzirbilal

[2025-11-01 22:05:18 #6 type.registry] 
New type domain.Alerta

[2025-11-01 22:05:18 #7 type] 
Type domain.Alerta is not enhanced.

[2025-11-01 22:05:18 #8 type.registry] 
New type domain.Ride

[2025-11-01 22:05:18 #9 type] 
Type domain.Ride is not enhanced.

[2025-11-01 22:05:18 #10 type.registry] 
New type domain.Erreklamazioa

[2025-11-01 22:05:18 #11 type.registry] 
New type java.util.LinkedList<domain.Erreklamazioa>

[2025-11-01 22:05:18 #12 type.registry] 
New type domain.Balorazioa

[2025-11-01 22:05:18 #13 type.registry] 
New type java.util.LinkedList<domain.Balorazioa>

[2025-11-01 22:05:18 #14 type.registry] 
New type domain.Kotxea

[2025-11-01 22:05:18 #15 type.registry] 
New type domain.Driver

[2025-11-01 22:05:18 #16 type] 
Type domain.Erreklamazioa is not enhanced.

[2025-11-01 22:05:18 #17 type.registry] 
New type domain.Erreserba

[2025-11-01 22:05:18 #18 type] 
Type domain.Balorazioa is not enhanced.

[2025-11-01 22:05:18 #19 type] 
Type domain.Kotxea is not enhanced.

[2025-11-01 22:05:18 #20 type] 
Type domain.Driver is not enhanced.

[2025-11-01 22:05:18 #21 type.registry] 
New type java.util.LinkedList<domain.Kotxea>

[2025-11-01 22:05:18 #22 type.registry] 
New type domain.Transaction

[2025-11-01 22:05:18 #23 type.registry] 
New type java.util.LinkedList<domain.Transaction>

[2025-11-01 22:05:18 #24 type] 
Type domain.Erreserba is not enhanced.

[2025-11-01 22:05:18 #25 type.registry] 
New type domain.Traveler

[2025-11-01 22:05:18 #26 type] 
Type domain.Transaction is not enhanced.

[2025-11-01 22:05:18 #27 type] 
Type domain.Traveler is not enhanced.

[2025-11-01 22:05:18 #28 store] 
Database 'C:\Users\fouzi\git\Rides25\src\main\resources\rides.temp' is closed by 17760@fouzirbilal

------------------------------------------------------------------------------------------------------------------------

[2025-11-01 22:05:28 #1 store] 
Database 'C:\Users\fouzi\git\Rides25\src\main\resources\rides.temp' is opened by 35536@fouzirbilal

[2025-11-01 22:05:29 #2 store] 
Database 'C:\Users\fouzi\git\Rides25\src\main\resources\rides.temp' is closed by 35536@fouzirbilal

[2025-11-01 22:05:29 #3 store] 
Database 'C:\Users\fouzi\git\Rides25\src\main\resources\rides.temp' is opened by 35536@fouzirbilal

------------------------------------------------------------------------------------------------------------------------

[2025-11-01 22:08:28 #1 store] 
Database 'C:\Users\fouzi\git\Rides25\src\main\resources\rides.temp' is opened by 14120@fouzirbilal

[2025-11-01 22:08:28 #2 store] 
Database 'C:\Users\fouzi\git\Rides25\src\main\resources\rides.temp' is closed by 14120@fouzirbilal

[2025-11-01 22:08:28 #3 store] 
Database 'C:\Users\fouzi\git\Rides25\src\main\resources\rides.temp' is opened by 14120@fouzirbilal

[2025-11-01 22:08:28 #4 store] 
Database 'C:\Users\fouzi\git\Rides25\src\main\resources\rides.temp' is closed by 14120@fouzirbilal

[2025-11-01 22:08:28 #5 store] 
Database 'C:\Users\fouzi\git\Rides25\src\main\resources\rides.temp' is opened by 14120@fouzirbilal

[2025-11-01 22:08:28 #6 type.registry] 
New type domain.Alerta

[2025-11-01 22:08:28 #7 type] 
Type domain.Alerta is not enhanced.

[2025-11-01 22:08:28 #8 type.registry] 
New type domain.Ride

[2025-11-01 22:08:28 #9 type] 
Type domain.Ride is not enhanced.

[2025-11-01 22:08:29 #10 type.registry] 
New type domain.Erreklamazioa

[2025-11-01 22:08:29 #11 type.registry] 
New type java.util.LinkedList<domain.Erreklamazioa>

[2025-11-01 22:08:29 #12 type.registry] 
New type domain.Balorazioa

[2025-11-01 22:08:29 #13 type.registry] 
New type java.util.LinkedList<domain.Balorazioa>

[2025-11-01 22:08:29 #14 type.registry] 
New type domain.Kotxea

[2025-11-01 22:08:29 #15 type.registry] 
New type domain.Driver

[2025-11-01 22:08:29 #16 type] 
Type domain.Erreklamazioa is not enhanced.

[2025-11-01 22:08:29 #17 type.registry] 
New type domain.Erreserba

[2025-11-01 22:08:29 #18 type] 
Type domain.Balorazioa is not enhanced.

[2025-11-01 22:08:29 #19 type] 
Type domain.Kotxea is not enhanced.

[2025-11-01 22:08:29 #20 type] 
Type domain.Driver is not enhanced.

[2025-11-01 22:08:29 #21 type.registry] 
New type java.util.LinkedList<domain.Kotxea>

[2025-11-01 22:08:29 #22 type.registry] 
New type domain.Transaction

[2025-11-01 22:08:29 #23 type.registry] 
New type java.util.LinkedList<domain.Transaction>

[2025-11-01 22:08:29 #24 type] 
Type domain.Erreserba is not enhanced.

[2025-11-01 22:08:29 #25 type.registry] 
New type domain.Traveler

[2025-11-01 22:08:29 #26 type] 
Type domain.Transaction is not enhanced.

[2025-11-01 22:08:29 #27 type] 
Type domain.Traveler is not enhanced.

[2025-11-01 22:08:29 #28 store] 
Database 'C:\Users\fouzi\git\Rides25\src\main\resources\rides.temp' is closed by 14120@fouzirbilal

------------------------------------------------------------------------------------------------------------------------

[2025-11-01 22:08:40 #1 store] 
Database 'C:\Users\fouzi\git\Rides25\src\main\resources\rides.temp' is opened by 33304@fouzirbilal

[2025-11-01 22:08:40 #2 type] 
Type domain.Alerta is not enhanced.

[2025-11-01 22:08:40 #3 type] 
Type domain.Ride is not enhanced.

[2025-11-01 22:08:40 #4 type] 
Type domain.Erreklamazioa is not enhanced.

[2025-11-01 22:08:40 #5 type] 
Type domain.Balorazioa is not enhanced.

[2025-11-01 22:08:40 #6 type] 
Type domain.Kotxea is not enhanced.

[2025-11-01 22:08:40 #7 type] 
Type domain.Driver is not enhanced.

[2025-11-01 22:08:40 #8 type] 
Type domain.Erreserba is not enhanced.

[2025-11-01 22:08:40 #9 type] 
Type domain.Transaction is not enhanced.

[2025-11-01 22:08:40 #10 type] 
Type domain.Traveler is not enhanced.

[2025-11-01 22:08:40 #11 store] 
Database 'C:\Users\fouzi\git\Rides25\src\main\resources\rides.temp' is closed by 33304@fouzirbilal

[2025-11-01 22:08:40 #12 store] 
Database 'C:\Users\fouzi\git\Rides25\src\main\resources\rides.temp' is opened by 33304@fouzirbilal

[2025-11-01 22:08:40 #13 store] 
Database 'C:\Users\fouzi\git\Rides25\src\main\resources\rides.temp' is closed by 33304@fouzirbilal

------------------------------------------------------------------------------------------------------------------------

[2025-11-01 22:11:58 #1 store] 
Database 'C:\Users\fouzi\git\Rides25\src\main\resources\rides.temp' is opened by 24608@fouzirbilal

[2025-11-01 22:11:58 #2 type] 
Type domain.Alerta is not enhanced.

[2025-11-01 22:11:58 #3 type] 
Type domain.Ride is not enhanced.

[2025-11-01 22:11:58 #4 type] 
Type domain.Erreklamazioa is not enhanced.

[2025-11-01 22:11:58 #5 type] 
Type domain.Balorazioa is not enhanced.

[2025-11-01 22:11:58 #6 type] 
Type domain.Kotxea is not enhanced.

[2025-11-01 22:11:58 #7 type] 
Type domain.Driver is not enhanced.

[2025-11-01 22:11:58 #8 type] 
Type domain.Erreserba is not enhanced.

[2025-11-01 22:11:58 #9 type] 
Type domain.Transaction is not enhanced.

[2025-11-01 22:11:58 #10 type] 
Type domain.Traveler is not enhanced.

[2025-11-01 22:11:58 #11 store] 
Database 'C:\Users\fouzi\git\Rides25\src\main\resources\rides.temp' is closed by 24608@fouzirbilal

[2025-11-01 22:11:58 #12 store] 
Database 'C:\Users\fouzi\git\Rides25\src\main\resources\rides.temp' is opened by 24608@fouzirbilal

[2025-11-01 22:11:58 #13 store] 
Database 'C:\Users\fouzi\git\Rides25\src\main\resources\rides.temp' is closed by 24608@fouzirbilal

------------------------------------------------------------------------------------------------------------------------

[2025-11-01 22:12:16 #1 store] 
Database 'C:\Users\fouzi\git\Rides25\src\main\resources\rides.temp' is opened by 18188@fouzirbilal

[2025-11-01 22:12:16 #2 store] 
Database 'C:\Users\fouzi\git\Rides25\src\main\resources\rides.temp' is closed by 18188@fouzirbilal

[2025-11-01 22:12:16 #3 store] 
Database 'C:\Users\fouzi\git\Rides25\src\main\resources\rides.temp' is opened by 18188@fouzirbilal

------------------------------------------------------------------------------------------------------------------------

[2025-11-01 22:13:09 #1 store] 
Database 'C:\Users\fouzi\git\Rides25\src\main\resources\rides.temp' is opened by 17124@fouzirbilal

[2025-11-01 22:13:09 #2 store] 
Database 'C:\Users\fouzi\git\Rides25\src\main\resources\rides.temp' is closed by 17124@fouzirbilal

[2025-11-01 22:13:10 #3 store] 
Database 'C:\Users\fouzi\git\Rides25\src\main\resources\rides.temp' is opened by 17124@fouzirbilal

[2025-11-01 22:13:10 #4 store] 
Database 'C:\Users\fouzi\git\Rides25\src\main\resources\rides.temp' is closed by 17124@fouzirbilal

[2025-11-01 22:13:10 #5 store] 
Database 'C:\Users\fouzi\git\Rides25\src\main\resources\rides.temp' is opened by 17124@fouzirbilal

[2025-11-01 22:13:10 #6 type.registry] 
New type domain.Alerta

[2025-11-01 22:13:10 #7 type] 
Type domain.Alerta is not enhanced.

[2025-11-01 22:13:10 #8 type.registry] 
New type domain.Ride

[2025-11-01 22:13:10 #9 type] 
Type domain.Ride is not enhanced.

[2025-11-01 22:13:10 #10 type.registry] 
New type domain.Erreklamazioa

[2025-11-01 22:13:10 #11 type.registry] 
New type java.util.LinkedList<domain.Erreklamazioa>

[2025-11-01 22:13:10 #12 type.registry] 
New type domain.Balorazioa

[2025-11-01 22:13:10 #13 type.registry] 
New type java.util.LinkedList<domain.Balorazioa>

[2025-11-01 22:13:10 #14 type.registry] 
New type domain.Kotxea

[2025-11-01 22:13:10 #15 type.registry] 
New type domain.Driver

[2025-11-01 22:13:10 #16 type] 
Type domain.Erreklamazioa is not enhanced.

[2025-11-01 22:13:10 #17 type.registry] 
New type domain.Erreserba

[2025-11-01 22:13:10 #18 type] 
Type domain.Balorazioa is not enhanced.

[2025-11-01 22:13:10 #19 type] 
Type domain.Kotxea is not enhanced.

[2025-11-01 22:13:10 #20 type] 
Type domain.Driver is not enhanced.

[2025-11-01 22:13:10 #21 type.registry] 
New type java.util.LinkedList<domain.Kotxea>

[2025-11-01 22:13:10 #22 type.registry] 
New type domain.Transaction

[2025-11-01 22:13:10 #23 type.registry] 
New type java.util.LinkedList<domain.Transaction>

[2025-11-01 22:13:10 #24 type] 
Type domain.Erreserba is not enhanced.

[2025-11-01 22:13:10 #25 type.registry] 
New type domain.Traveler

[2025-11-01 22:13:10 #26 type] 
Type domain.Transaction is not enhanced.

[2025-11-01 22:13:10 #27 type] 
Type domain.Traveler is not enhanced.

[2025-11-01 22:13:10 #28 store] 
Database 'C:\Users\fouzi\git\Rides25\src\main\resources\rides.temp' is closed by 17124@fouzirbilal

------------------------------------------------------------------------------------------------------------------------

[2025-11-01 22:15:55 #1 store] 
Database 'C:\Users\fouzi\git\Rides25\src\main\resources\rides.temp' is opened by 4604@fouzirbilal

[2025-11-01 22:15:56 #2 store] 
Database 'C:\Users\fouzi\git\Rides25\src\main\resources\rides.temp' is closed by 4604@fouzirbilal

[2025-11-01 22:15:56 #3 store] 
Database 'C:\Users\fouzi\git\Rides25\src\main\resources\rides.temp' is opened by 4604@fouzirbilal

[2025-11-01 22:15:56 #4 store] 
Database 'C:\Users\fouzi\git\Rides25\src\main\resources\rides.temp' is closed by 4604@fouzirbilal

[2025-11-01 22:15:56 #5 store] 
Database 'C:\Users\fouzi\git\Rides25\src\main\resources\rides.temp' is opened by 4604@fouzirbilal

[2025-11-01 22:15:56 #6 type.registry] 
New type domain.Alerta

[2025-11-01 22:15:56 #7 type] 
Type domain.Alerta is not enhanced.

[2025-11-01 22:15:56 #8 type.registry] 
New type domain.Ride

[2025-11-01 22:15:56 #9 type] 
Type domain.Ride is not enhanced.

[2025-11-01 22:15:56 #10 type.registry] 
New type domain.Erreklamazioa

[2025-11-01 22:15:56 #11 type.registry] 
New type java.util.LinkedList<domain.Erreklamazioa>

[2025-11-01 22:15:56 #12 type.registry] 
New type domain.Balorazioa

[2025-11-01 22:15:56 #13 type.registry] 
New type java.util.LinkedList<domain.Balorazioa>

[2025-11-01 22:15:56 #14 type.registry] 
New type domain.Kotxea

[2025-11-01 22:15:56 #15 type.registry] 
New type domain.Driver

[2025-11-01 22:15:56 #16 type] 
Type domain.Erreklamazioa is not enhanced.

[2025-11-01 22:15:56 #17 type.registry] 
New type domain.Erreserba

[2025-11-01 22:15:56 #18 type] 
Type domain.Balorazioa is not enhanced.

[2025-11-01 22:15:56 #19 type] 
Type domain.Kotxea is not enhanced.

[2025-11-01 22:15:56 #20 type] 
Type domain.Driver is not enhanced.

[2025-11-01 22:15:56 #21 type.registry] 
New type java.util.LinkedList<domain.Kotxea>

[2025-11-01 22:15:56 #22 type.registry] 
New type domain.Transaction

[2025-11-01 22:15:56 #23 type.registry] 
New type java.util.LinkedList<domain.Transaction>

[2025-11-01 22:15:56 #24 type] 
Type domain.Erreserba is not enhanced.

[2025-11-01 22:15:56 #25 type.registry] 
New type domain.Traveler

[2025-11-01 22:15:56 #26 type] 
Type domain.Transaction is not enhanced.

[2025-11-01 22:15:56 #27 type] 
Type domain.Traveler is not enhanced.

[2025-11-01 22:15:56 #28 store] 
Database 'C:\Users\fouzi\git\Rides25\src\main\resources\rides.temp' is closed by 4604@fouzirbilal

------------------------------------------------------------------------------------------------------------------------

[2025-11-01 22:16:14 #1 store] 
Database 'C:\Users\fouzi\git\Rides25\src\main\resources\rides.temp' is opened by 34708@fouzirbilal

[2025-11-01 22:16:14 #2 store] 
Database 'C:\Users\fouzi\git\Rides25\src\main\resources\rides.temp' is closed by 34708@fouzirbilal

[2025-11-01 22:16:14 #3 store] 
Database 'C:\Users\fouzi\git\Rides25\src\main\resources\rides.temp' is opened by 34708@fouzirbilal

------------------------------------------------------------------------------------------------------------------------

[2025-11-01 22:39:08 #1 store] 
Database 'C:\Users\fouzi\git\Rides25\src\main\resources\rides.temp' is opened by 1796@fouzirbilal

[2025-11-01 22:39:08 #2 store] 
Database 'C:\Users\fouzi\git\Rides25\src\main\resources\rides.temp' is closed by 1796@fouzirbilal

[2025-11-01 22:39:09 #3 store] 
Database 'C:\Users\fouzi\git\Rides25\src\main\resources\rides.temp' is opened by 1796@fouzirbilal

[2025-11-01 22:39:09 #4 type.registry] 
New type domain.Alerta

[2025-11-01 22:39:09 #5 type] 
Type domain.Alerta is not enhanced.

[2025-11-01 22:39:09 #6 type.registry] 
New type domain.Ride

[2025-11-01 22:39:09 #7 type] 
Type domain.Ride is not enhanced.

[2025-11-01 22:39:09 #8 type.registry] 
New type domain.Erreklamazioa

[2025-11-01 22:39:09 #9 type.registry] 
New type java.util.LinkedList<domain.Erreklamazioa>

[2025-11-01 22:39:09 #10 type.registry] 
New type domain.Balorazioa

[2025-11-01 22:39:09 #11 type.registry] 
New type java.util.LinkedList<domain.Balorazioa>

[2025-11-01 22:39:09 #12 type.registry] 
New type domain.Kotxea

[2025-11-01 22:39:09 #13 type.registry] 
New type domain.Driver

[2025-11-01 22:39:09 #14 type] 
Type domain.Erreklamazioa is not enhanced.

[2025-11-01 22:39:09 #15 type.registry] 
New type domain.Erreserba

[2025-11-01 22:39:09 #16 type] 
Type domain.Balorazioa is not enhanced.

[2025-11-01 22:39:09 #17 type] 
Type domain.Kotxea is not enhanced.

[2025-11-01 22:39:09 #18 type] 
Type domain.Driver is not enhanced.

[2025-11-01 22:39:09 #19 type.registry] 
New type java.util.LinkedList<domain.Kotxea>

[2025-11-01 22:39:09 #20 type.registry] 
New type domain.Transaction

[2025-11-01 22:39:09 #21 type.registry] 
New type java.util.LinkedList<domain.Transaction>

[2025-11-01 22:39:09 #22 type] 
Type domain.Erreserba is not enhanced.

[2025-11-01 22:39:09 #23 type.registry] 
New type domain.Traveler

[2025-11-01 22:39:09 #24 type] 
Type domain.Transaction is not enhanced.

[2025-11-01 22:39:09 #25 type] 
Type domain.Traveler is not enhanced.

[2025-11-01 22:39:09 #26 store] 
Database 'C:\Users\fouzi\git\Rides25\src\main\resources\rides.temp' is closed by 1796@fouzirbilal

------------------------------------------------------------------------------------------------------------------------

[2025-11-01 22:39:22 #1 store] 
Database 'C:\Users\fouzi\git\Rides25\src\main\resources\rides.temp' is opened by 19748@fouzirbilal

[2025-11-01 22:39:22 #2 store] 
Database 'C:\Users\fouzi\git\Rides25\src\main\resources\rides.temp' is closed by 19748@fouzirbilal

[2025-11-01 22:39:22 #3 store] 
Database 'C:\Users\fouzi\git\Rides25\src\main\resources\rides.temp' is opened by 19748@fouzirbilal

------------------------------------------------------------------------------------------------------------------------

[2025-11-01 22:40:08 #1 store] 
Database 'C:\Users\fouzi\git\Rides25\src\main\resources\rides.temp' is opened by 25696@fouzirbilal

[2025-11-01 22:40:08 #2 store] 
Database 'C:\Users\fouzi\git\Rides25\src\main\resources\rides.temp' is closed by 25696@fouzirbilal

[2025-11-01 22:40:08 #3 store] 
Database 'C:\Users\fouzi\git\Rides25\src\main\resources\rides.temp' is opened by 25696@fouzirbilal

[2025-11-01 22:40:08 #4 store] 
Database 'C:\Users\fouzi\git\Rides25\src\main\resources\rides.temp' is closed by 25696@fouzirbilal

[2025-11-01 22:40:08 #5 store] 
Database 'C:\Users\fouzi\git\Rides25\src\main\resources\rides.temp' is opened by 25696@fouzirbilal

[2025-11-01 22:40:08 #6 type.registry] 
New type domain.Alerta

[2025-11-01 22:40:08 #7 type] 
Type domain.Alerta is not enhanced.

[2025-11-01 22:40:08 #8 type.registry] 
New type domain.Ride

[2025-11-01 22:40:08 #9 type] 
Type domain.Ride is not enhanced.

[2025-11-01 22:40:08 #10 type.registry] 
New type domain.Erreklamazioa

[2025-11-01 22:40:08 #11 type.registry] 
New type java.util.LinkedList<domain.Erreklamazioa>

[2025-11-01 22:40:08 #12 type.registry] 
New type domain.Balorazioa

[2025-11-01 22:40:08 #13 type.registry] 
New type java.util.LinkedList<domain.Balorazioa>

[2025-11-01 22:40:08 #14 type.registry] 
New type domain.Kotxea

[2025-11-01 22:40:08 #15 type.registry] 
New type domain.Driver

[2025-11-01 22:40:08 #16 type] 
Type domain.Erreklamazioa is not enhanced.

[2025-11-01 22:40:08 #17 type.registry] 
New type domain.Erreserba

[2025-11-01 22:40:08 #18 type] 
Type domain.Balorazioa is not enhanced.

[2025-11-01 22:40:08 #19 type] 
Type domain.Kotxea is not enhanced.

[2025-11-01 22:40:08 #20 type] 
Type domain.Driver is not enhanced.

[2025-11-01 22:40:08 #21 type.registry] 
New type java.util.LinkedList<domain.Kotxea>

[2025-11-01 22:40:08 #22 type.registry] 
New type domain.Transaction

[2025-11-01 22:40:08 #23 type.registry] 
New type java.util.LinkedList<domain.Transaction>

[2025-11-01 22:40:08 #24 type] 
Type domain.Erreserba is not enhanced.

[2025-11-01 22:40:08 #25 type.registry] 
New type domain.Traveler

[2025-11-01 22:40:08 #26 type] 
Type domain.Transaction is not enhanced.

[2025-11-01 22:40:08 #27 type] 
Type domain.Traveler is not enhanced.

[2025-11-01 22:40:09 #28 store] 
Database 'C:\Users\fouzi\git\Rides25\src\main\resources\rides.temp' is closed by 25696@fouzirbilal

------------------------------------------------------------------------------------------------------------------------

[2025-11-01 22:40:19 #1 store] 
Database 'C:\Users\fouzi\git\Rides25\src\main\resources\rides.temp' is opened by 22068@fouzirbilal

[2025-11-01 22:40:19 #2 type] 
Type domain.Alerta is not enhanced.

[2025-11-01 22:40:19 #3 type] 
Type domain.Ride is not enhanced.

[2025-11-01 22:40:19 #4 type] 
Type domain.Erreklamazioa is not enhanced.

[2025-11-01 22:40:19 #5 type] 
Type domain.Balorazioa is not enhanced.

[2025-11-01 22:40:19 #6 type] 
Type domain.Kotxea is not enhanced.

[2025-11-01 22:40:19 #7 type] 
Type domain.Driver is not enhanced.

[2025-11-01 22:40:19 #8 type] 
Type domain.Erreserba is not enhanced.

[2025-11-01 22:40:19 #9 type] 
Type domain.Transaction is not enhanced.

[2025-11-01 22:40:19 #10 type] 
Type domain.Traveler is not enhanced.

[2025-11-01 22:40:19 #11 store] 
Database 'C:\Users\fouzi\git\Rides25\src\main\resources\rides.temp' is closed by 22068@fouzirbilal

[2025-11-01 22:40:20 #12 store] 
Database 'C:\Users\fouzi\git\Rides25\src\main\resources\rides.temp' is opened by 22068@fouzirbilal

[2025-11-01 22:40:20 #13 store] 
Database 'C:\Users\fouzi\git\Rides25\src\main\resources\rides.temp' is closed by 22068@fouzirbilal

------------------------------------------------------------------------------------------------------------------------

[2025-11-01 22:45:00 #1 store] 
Database 'C:\Users\fouzi\git\Rides25\src\main\resources\rides.temp' is opened by 20372@fouzirbilal

[2025-11-01 22:45:01 #2 type.registry] 
New type domain.Ride

[2025-11-01 22:45:01 #3 type] 
Type domain.Ride is not enhanced.

[2025-11-01 22:45:01 #4 type.registry] 
New type domain.Erreklamazioa

[2025-11-01 22:45:01 #5 type.registry] 
New type java.util.LinkedList<domain.Erreklamazioa>

[2025-11-01 22:45:01 #6 type.registry] 
New type domain.Balorazioa

[2025-11-01 22:45:01 #7 type.registry] 
New type java.util.LinkedList<domain.Balorazioa>

[2025-11-01 22:45:01 #8 type.registry] 
New type domain.Kotxea

[2025-11-01 22:45:01 #9 type.registry] 
New type domain.Driver

[2025-11-01 22:45:01 #10 type] 
Type domain.Erreklamazioa is not enhanced.

[2025-11-01 22:45:01 #11 type.registry] 
New type domain.Erreserba

[2025-11-01 22:45:01 #12 type] 
Type domain.Balorazioa is not enhanced.

[2025-11-01 22:45:01 #13 type] 
Type domain.Kotxea is not enhanced.

[2025-11-01 22:45:01 #14 type] 
Type domain.Driver is not enhanced.

[2025-11-01 22:45:01 #15 type.registry] 
New type java.util.LinkedList<domain.Kotxea>

[2025-11-01 22:45:01 #16 type.registry] 
New type domain.Transaction

[2025-11-01 22:45:01 #17 type.registry] 
New type java.util.LinkedList<domain.Transaction>

[2025-11-01 22:45:01 #18 type] 
Type domain.Erreserba is not enhanced.

[2025-11-01 22:45:01 #19 type.registry] 
New type domain.Traveler

[2025-11-01 22:45:01 #20 type] 
Type domain.Transaction is not enhanced.

[2025-11-01 22:45:01 #21 type] 
Type domain.Traveler is not enhanced.

[2025-11-01 22:45:01 #22 type.registry] 
New type java.util.LinkedList<java.lang.Object>

[2025-11-01 22:45:01 #23 store] 
Database 'C:\Users\fouzi\git\Rides25\src\main\resources\rides.temp' is closed by 20372@fouzirbilal

[2025-11-01 22:45:01 #24 store] 
Database 'C:\Users\fouzi\git\Rides25\src\main\resources\rides.temp' is opened by 20372@fouzirbilal

[2025-11-01 22:45:01 #25 store] 
Database 'C:\Users\fouzi\git\Rides25\src\main\resources\rides.temp' is closed by 20372@fouzirbilal

------------------------------------------------------------------------------------------------------------------------

[2025-11-01 22:47:21 #1 store] 
Database 'C:\Users\fouzi\git\Rides25\src\main\resources\rides.temp' is opened by 12088@fouzirbilal

[2025-11-01 22:47:21 #2 store] 
Database 'C:\Users\fouzi\git\Rides25\src\main\resources\rides.temp' is closed by 12088@fouzirbilal

[2025-11-01 22:47:21 #3 store] 
Database 'C:\Users\fouzi\git\Rides25\src\main\resources\rides.temp' is opened by 12088@fouzirbilal

------------------------------------------------------------------------------------------------------------------------

[2025-11-01 22:48:30 #1 store] 
Database 'C:\Users\fouzi\git\Rides25\src\main\resources\rides.temp' is opened by 15196@fouzirbilal

[2025-11-01 22:48:30 #2 store] 
Database 'C:\Users\fouzi\git\Rides25\src\main\resources\rides.temp' is closed by 15196@fouzirbilal

[2025-11-01 22:48:30 #3 store] 
Database 'C:\Users\fouzi\git\Rides25\src\main\resources\rides.temp' is opened by 15196@fouzirbilal

------------------------------------------------------------------------------------------------------------------------

[2025-11-01 22:49:49 #1 store] 
Database 'C:\Users\fouzi\git\Rides25\src\main\resources\rides.temp' is opened by 30596@fouzirbilal

[2025-11-01 22:49:49 #2 type.registry] 
New type domain.Ride

[2025-11-01 22:49:49 #3 type] 
Type domain.Ride is not enhanced.

[2025-11-01 22:49:49 #4 type.registry] 
New type domain.Erreklamazioa

[2025-11-01 22:49:49 #5 type.registry] 
New type java.util.LinkedList<domain.Erreklamazioa>

[2025-11-01 22:49:49 #6 type.registry] 
New type domain.Balorazioa

[2025-11-01 22:49:49 #7 type.registry] 
New type java.util.LinkedList<domain.Balorazioa>

[2025-11-01 22:49:49 #8 type.registry] 
New type domain.Kotxea

[2025-11-01 22:49:49 #9 type.registry] 
New type domain.Driver

[2025-11-01 22:49:49 #10 type] 
Type domain.Erreklamazioa is not enhanced.

[2025-11-01 22:49:49 #11 type.registry] 
New type domain.Erreserba

[2025-11-01 22:49:49 #12 type] 
Type domain.Balorazioa is not enhanced.

[2025-11-01 22:49:49 #13 type] 
Type domain.Kotxea is not enhanced.

[2025-11-01 22:49:49 #14 type] 
Type domain.Driver is not enhanced.

[2025-11-01 22:49:49 #15 type.registry] 
New type java.util.LinkedList<domain.Kotxea>

[2025-11-01 22:49:49 #16 type.registry] 
New type domain.Transaction

[2025-11-01 22:49:49 #17 type.registry] 
New type java.util.LinkedList<domain.Transaction>

[2025-11-01 22:49:49 #18 type] 
Type domain.Erreserba is not enhanced.

[2025-11-01 22:49:49 #19 type.registry] 
New type domain.Traveler

[2025-11-01 22:49:49 #20 type] 
Type domain.Transaction is not enhanced.

[2025-11-01 22:49:49 #21 type] 
Type domain.Traveler is not enhanced.

[2025-11-01 22:49:49 #22 type.registry] 
New type java.util.LinkedList<java.lang.Object>

[2025-11-01 22:49:49 #23 store] 
Database 'C:\Users\fouzi\git\Rides25\src\main\resources\rides.temp' is closed by 30596@fouzirbilal

[2025-11-01 22:49:49 #24 store] 
Database 'C:\Users\fouzi\git\Rides25\src\main\resources\rides.temp' is opened by 30596@fouzirbilal

[2025-11-01 22:49:49 #25 store] 
Database 'C:\Users\fouzi\git\Rides25\src\main\resources\rides.temp' is closed by 30596@fouzirbilal

------------------------------------------------------------------------------------------------------------------------

[2025-11-01 22:55:05 #1 store] 
Database 'C:\Users\fouzi\git\Rides25\src\main\resources\rides.temp' is opened by 33128@fouzirbilal

[2025-11-01 22:55:05 #2 type] 
Type domain.Ride is not enhanced.

[2025-11-01 22:55:05 #3 type] 
Type domain.Erreklamazioa is not enhanced.

[2025-11-01 22:55:05 #4 type] 
Type domain.Balorazioa is not enhanced.

[2025-11-01 22:55:05 #5 type] 
Type domain.Kotxea is not enhanced.

[2025-11-01 22:55:05 #6 type] 
Type domain.Driver is not enhanced.

[2025-11-01 22:55:05 #7 type] 
Type domain.Erreserba is not enhanced.

[2025-11-01 22:55:05 #8 type] 
Type domain.Transaction is not enhanced.

[2025-11-01 22:55:05 #9 type] 
Type domain.Traveler is not enhanced.

[2025-11-01 22:55:05 #10 store] 
Database 'C:\Users\fouzi\git\Rides25\src\main\resources\rides.temp' is closed by 33128@fouzirbilal

[2025-11-01 22:55:05 #11 store] 
Database 'C:\Users\fouzi\git\Rides25\src\main\resources\rides.temp' is opened by 33128@fouzirbilal

[2025-11-01 22:55:06 #12 store] 
Database 'C:\Users\fouzi\git\Rides25\src\main\resources\rides.temp' is closed by 33128@fouzirbilal

------------------------------------------------------------------------------------------------------------------------

[2025-11-01 22:55:38 #1 store] 
Database 'C:\Users\fouzi\git\Rides25\src\main\resources\rides.temp' is opened by 15876@fouzirbilal

[2025-11-01 22:55:39 #2 type] 
Type domain.Ride is not enhanced.

[2025-11-01 22:55:39 #3 type] 
Type domain.Erreklamazioa is not enhanced.

[2025-11-01 22:55:39 #4 type] 
Type domain.Balorazioa is not enhanced.

[2025-11-01 22:55:39 #5 type] 
Type domain.Kotxea is not enhanced.

[2025-11-01 22:55:39 #6 type] 
Type domain.Driver is not enhanced.

[2025-11-01 22:55:39 #7 type] 
Type domain.Erreserba is not enhanced.

[2025-11-01 22:55:39 #8 type] 
Type domain.Transaction is not enhanced.

[2025-11-01 22:55:39 #9 type] 
Type domain.Traveler is not enhanced.

[2025-11-01 22:55:39 #10 store] 
Database 'C:\Users\fouzi\git\Rides25\src\main\resources\rides.temp' is closed by 15876@fouzirbilal

[2025-11-01 22:55:39 #11 store] 
Database 'C:\Users\fouzi\git\Rides25\src\main\resources\rides.temp' is opened by 15876@fouzirbilal

[2025-11-01 22:55:39 #12 store] 
Database 'C:\Users\fouzi\git\Rides25\src\main\resources\rides.temp' is closed by 15876@fouzirbilal

------------------------------------------------------------------------------------------------------------------------

[2025-11-01 22:56:16 #1 store] 
Database 'C:\Users\fouzi\git\Rides25\src\main\resources\rides.temp' is opened by 20724@fouzirbilal

[2025-11-01 22:56:17 #2 type.registry] 
New type domain.Ride

[2025-11-01 22:56:17 #3 type] 
Type domain.Ride is not enhanced.

[2025-11-01 22:56:17 #4 type.registry] 
New type domain.Erreklamazioa

[2025-11-01 22:56:18 #5 type.registry] 
New type java.util.LinkedList<domain.Erreklamazioa>

[2025-11-01 22:56:18 #6 type.registry] 
New type domain.Balorazioa

[2025-11-01 22:56:18 #7 type.registry] 
New type java.util.LinkedList<domain.Balorazioa>

[2025-11-01 22:56:18 #8 type.registry] 
New type domain.Kotxea

[2025-11-01 22:56:18 #9 type.registry] 
New type domain.Driver

[2025-11-01 22:56:18 #10 type] 
Type domain.Erreklamazioa is not enhanced.

[2025-11-01 22:56:18 #11 type.registry] 
New type domain.Erreserba

[2025-11-01 22:56:18 #12 type] 
Type domain.Balorazioa is not enhanced.

[2025-11-01 22:56:18 #13 type] 
Type domain.Kotxea is not enhanced.

[2025-11-01 22:56:18 #14 type] 
Type domain.Driver is not enhanced.

[2025-11-01 22:56:18 #15 type.registry] 
New type java.util.LinkedList<domain.Kotxea>

[2025-11-01 22:56:18 #16 type.registry] 
New type domain.Transaction

[2025-11-01 22:56:18 #17 type.registry] 
New type java.util.LinkedList<domain.Transaction>

[2025-11-01 22:56:18 #18 type] 
Type domain.Erreserba is not enhanced.

[2025-11-01 22:56:18 #19 type.registry] 
New type domain.Traveler

[2025-11-01 22:56:18 #20 type] 
Type domain.Transaction is not enhanced.

[2025-11-01 22:56:18 #21 type] 
Type domain.Traveler is not enhanced.

[2025-11-01 22:56:18 #22 type.registry] 
New type java.util.LinkedList<java.lang.Object>

[2025-11-01 22:56:18 #23 store] 
Database 'C:\Users\fouzi\git\Rides25\src\main\resources\rides.temp' is closed by 20724@fouzirbilal

[2025-11-01 22:56:18 #24 store] 
Database 'C:\Users\fouzi\git\Rides25\src\main\resources\rides.temp' is opened by 20724@fouzirbilal

[2025-11-01 22:56:18 #25 store] 
Database 'C:\Users\fouzi\git\Rides25\src\main\resources\rides.temp' is closed by 20724@fouzirbilal

------------------------------------------------------------------------------------------------------------------------

[2025-11-01 22:57:27 #1 store] 
Database 'C:\Users\fouzi\git\Rides25\src\main\resources\rides.temp' is opened by 33732@fouzirbilal

[2025-11-01 22:57:27 #2 store] 
Database 'C:\Users\fouzi\git\Rides25\src\main\resources\rides.temp' is closed by 33732@fouzirbilal

[2025-11-01 22:57:27 #3 store] 
Database 'C:\Users\fouzi\git\Rides25\src\main\resources\rides.temp' is opened by 33732@fouzirbilal

------------------------------------------------------------------------------------------------------------------------

[2025-11-01 23:02:01 #1 store] 
Database 'C:\Users\fouzi\git\Rides25\src\main\resources\rides.temp' is opened by 32008@fouzirbilal

[2025-11-01 23:02:01 #2 store] 
Database 'C:\Users\fouzi\git\Rides25\src\main\resources\rides.temp' is closed by 32008@fouzirbilal

[2025-11-01 23:02:01 #3 store] 
Database 'C:\Users\fouzi\git\Rides25\src\main\resources\rides.temp' is opened by 32008@fouzirbilal

------------------------------------------------------------------------------------------------------------------------

[2025-11-01 23:02:13 #1 store] 
Database 'C:\Users\fouzi\git\Rides25\src\main\resources\rides.temp' is opened by 17096@fouzirbilal

[2025-11-01 23:02:14 #2 store] 
Database 'C:\Users\fouzi\git\Rides25\src\main\resources\rides.temp' is closed by 17096@fouzirbilal

[2025-11-01 23:02:14 #3 store] 
Database 'C:\Users\fouzi\git\Rides25\src\main\resources\rides.temp' is opened by 17096@fouzirbilal

------------------------------------------------------------------------------------------------------------------------

[2025-11-01 23:05:25 #1 store] 
Database 'C:\Users\fouzi\git\Rides25\src\main\resources\rides.temp' is opened by 20768@fouzirbilal

[2025-11-01 23:05:26 #2 store] 
Database 'C:\Users\fouzi\git\Rides25\src\main\resources\rides.temp' is closed by 20768@fouzirbilal

[2025-11-01 23:05:26 #3 store] 
Database 'C:\Users\fouzi\git\Rides25\src\main\resources\rides.temp' is opened by 20768@fouzirbilal

------------------------------------------------------------------------------------------------------------------------

[2025-11-01 23:06:34 #1 store] 
Database 'C:\Users\fouzi\git\Rides25\src\main\resources\rides.temp' is opened by 21296@fouzirbilal

[2025-11-01 23:06:34 #2 store] 
Database 'C:\Users\fouzi\git\Rides25\src\main\resources\rides.temp' is closed by 21296@fouzirbilal

[2025-11-01 23:06:34 #3 store] 
Database 'C:\Users\fouzi\git\Rides25\src\main\resources\rides.temp' is opened by 21296@fouzirbilal

[2025-11-01 23:06:34 #4 store] 
Database 'C:\Users\fouzi\git\Rides25\src\main\resources\rides.temp' is closed by 21296@fouzirbilal

[2025-11-01 23:06:34 #5 store] 
Database 'C:\Users\fouzi\git\Rides25\src\main\resources\rides.temp' is opened by 21296@fouzirbilal

[2025-11-01 23:06:34 #6 type.registry] 
New type domain.Alerta

[2025-11-01 23:06:34 #7 type] 
Type domain.Alerta is not enhanced.

[2025-11-01 23:06:34 #8 type.registry] 
New type domain.Ride

[2025-11-01 23:06:34 #9 type] 
Type domain.Ride is not enhanced.

[2025-11-01 23:06:34 #10 type.registry] 
New type domain.Erreklamazioa

[2025-11-01 23:06:34 #11 type.registry] 
New type java.util.LinkedList<domain.Erreklamazioa>

[2025-11-01 23:06:34 #12 type.registry] 
New type domain.Balorazioa

[2025-11-01 23:06:34 #13 type.registry] 
New type java.util.LinkedList<domain.Balorazioa>

[2025-11-01 23:06:34 #14 type.registry] 
New type domain.Kotxea

[2025-11-01 23:06:34 #15 type.registry] 
New type domain.Driver

[2025-11-01 23:06:34 #16 type] 
Type domain.Erreklamazioa is not enhanced.

[2025-11-01 23:06:34 #17 type.registry] 
New type domain.Erreserba

[2025-11-01 23:06:34 #18 type] 
Type domain.Balorazioa is not enhanced.

[2025-11-01 23:06:34 #19 type] 
Type domain.Kotxea is not enhanced.

[2025-11-01 23:06:34 #20 type] 
Type domain.Driver is not enhanced.

[2025-11-01 23:06:34 #21 type.registry] 
New type java.util.LinkedList<domain.Kotxea>

[2025-11-01 23:06:34 #22 type.registry] 
New type domain.Transaction

[2025-11-01 23:06:34 #23 type.registry] 
New type java.util.LinkedList<domain.Transaction>

[2025-11-01 23:06:34 #24 type] 
Type domain.Erreserba is not enhanced.

[2025-11-01 23:06:34 #25 type.registry] 
New type domain.Traveler

[2025-11-01 23:06:34 #26 type] 
Type domain.Transaction is not enhanced.

[2025-11-01 23:06:34 #27 type] 
Type domain.Traveler is not enhanced.

[2025-11-01 23:06:35 #28 store] 
Database 'C:\Users\fouzi\git\Rides25\src\main\resources\rides.temp' is closed by 21296@fouzirbilal

------------------------------------------------------------------------------------------------------------------------

[2025-11-01 23:07:09 #1 store] 
Database 'C:\Users\fouzi\git\Rides25\src\main\resources\rides.temp' is opened by 21228@fouzirbilal

[2025-11-01 23:07:10 #2 type] 
Type domain.Alerta is not enhanced.

[2025-11-01 23:07:10 #3 type] 
Type domain.Ride is not enhanced.

[2025-11-01 23:07:10 #4 type] 
Type domain.Erreklamazioa is not enhanced.

[2025-11-01 23:07:10 #5 type] 
Type domain.Balorazioa is not enhanced.

[2025-11-01 23:07:10 #6 type] 
Type domain.Kotxea is not enhanced.

[2025-11-01 23:07:10 #7 type] 
Type domain.Driver is not enhanced.

[2025-11-01 23:07:10 #8 type] 
Type domain.Erreserba is not enhanced.

[2025-11-01 23:07:10 #9 type] 
Type domain.Transaction is not enhanced.

[2025-11-01 23:07:10 #10 type] 
Type domain.Traveler is not enhanced.

[2025-11-01 23:07:10 #11 store] 
Database 'C:\Users\fouzi\git\Rides25\src\main\resources\rides.temp' is closed by 21228@fouzirbilal

[2025-11-01 23:07:10 #12 store] 
Database 'C:\Users\fouzi\git\Rides25\src\main\resources\rides.temp' is opened by 21228@fouzirbilal

[2025-11-01 23:07:10 #13 store] 
Database 'C:\Users\fouzi\git\Rides25\src\main\resources\rides.temp' is closed by 21228@fouzirbilal

[2025-11-01 23:07:10 #14 store] 
Database 'C:\Users\fouzi\git\Rides25\src\main\resources\rides.temp' is opened by 21228@fouzirbilal

[2025-11-01 23:07:10 #15 store] 
Database 'C:\Users\fouzi\git\Rides25\src\main\resources\rides.temp' is closed by 21228@fouzirbilal

------------------------------------------------------------------------------------------------------------------------

[2025-11-01 23:12:07 #1 store] 
Database 'C:\Users\fouzi\git\Rides25\src\main\resources\rides.temp' is opened by 22076@fouzirbilal

[2025-11-01 23:12:08 #2 type] 
Type domain.Alerta is not enhanced.

[2025-11-01 23:12:08 #3 type] 
Type domain.Ride is not enhanced.

[2025-11-01 23:12:08 #4 type] 
Type domain.Erreklamazioa is not enhanced.

[2025-11-01 23:12:08 #5 type] 
Type domain.Balorazioa is not enhanced.

[2025-11-01 23:12:08 #6 type] 
Type domain.Kotxea is not enhanced.

[2025-11-01 23:12:08 #7 type] 
Type domain.Driver is not enhanced.

[2025-11-01 23:12:08 #8 type] 
Type domain.Erreserba is not enhanced.

[2025-11-01 23:12:08 #9 type] 
Type domain.Transaction is not enhanced.

[2025-11-01 23:12:08 #10 type] 
Type domain.Traveler is not enhanced.

[2025-11-01 23:12:08 #11 store] 
Database 'C:\Users\fouzi\git\Rides25\src\main\resources\rides.temp' is closed by 22076@fouzirbilal

------------------------------------------------------------------------------------------------------------------------

[2025-11-01 23:12:42 #1 store] 
Database 'C:\Users\fouzi\git\Rides25\src\main\resources\rides.temp' is opened by 6412@fouzirbilal

[2025-11-01 23:12:42 #2 store] 
Database 'C:\Users\fouzi\git\Rides25\src\main\resources\rides.temp' is closed by 6412@fouzirbilal

[2025-11-01 23:12:43 #3 store] 
Database 'C:\Users\fouzi\git\Rides25\src\main\resources\rides.temp' is opened by 6412@fouzirbilal

------------------------------------------------------------------------------------------------------------------------

[2025-11-01 23:13:10 #1 store] 
Database 'C:\Users\fouzi\git\Rides25\src\main\resources\rides.temp' is opened by 26812@fouzirbilal

[2025-11-01 23:13:10 #2 store] 
Database 'C:\Users\fouzi\git\Rides25\src\main\resources\rides.temp' is closed by 26812@fouzirbilal

